#
# A fatal error has been detected by the Java Runtime Environment:
#
#  EXCEPTION_ACCESS_VIOLATION (0xc0000005) at pc=0x00000000751da1b8, pid=2304, tid=4904
#
# JRE version: Java(TM) SE Runtime Environment (8.0-b113) (build 1.8.0-ea-b113)
# Java VM: Java HotSpot(TM) 64-Bit Server VM (25.0-b55 mixed mode windows-amd64 compressed oops)
# Problematic frame:
# V  [jvm.dll+0x3ca1b8]
#
# Failed to write core dump. Minidumps are not enabled by default on client versions of Windows
#
# If you would like to submit a bug report, please visit:
#   http://bugreport.sun.com/bugreport/crash.jsp
#

---------------  T H R E A D  ---------------

Current thread (0x0000000016548000):  VMThread [stack: 0x00000000175e0000,0x00000000176e0000] [id=4904]

siginfo: ExceptionCode=0xc0000005, reading address 0xffffffffffffffff

Registers:
RAX=0x00000000120c0000, RBX=0x00000000198e5750, RCX=0x0000000000000000, RDX=0x007fffffffb7a000
RSP=0x00000000176df238, RBP=0x00000000755759f0, RSI=0x0000000000000001, RDI=0x0000000000000002
R8 =0x0000000000000000, R9 =0x0000000000000004, R10=0x00000000000001fe, R11=0x00000000198e5740
R12=0x0000000000000000, R13=0x00000000755759f0, R14=0x000000007540f858, R15=0x0000000075575960
RIP=0x00000000751da1b8, EFLAGS=0x0000000000010246

Top of Stack: (sp=0x00000000176df238)
0x00000000176df238:   0000000074f2a298 00000000755759f0
0x00000000176df248:   0000000074e99e4a 0000000000000000
0x00000000176df258:   00000000176df2d9 00000008001f7428
0x00000000176df268:   0000000074e44a53 00000000755759f0
0x00000000176df278:   00000000198e5740 0000000000000000
0x00000000176df288:   0000000000000000 000000001a77fc28
0x00000000176df298:   0000000074f036dd 00000000198e5740
0x00000000176df2a8:   0000000000000000 0000000000000000
0x00000000176df2b8:   000000001a77fc28 00000000753c7260
0x00000000176df2c8:   0000000000000000 00000008001f7428
0x00000000176df2d8:   0000000074f219a2 00000008001f7028
0x00000000176df2e8:   00000000176df358 00000000755759f0
0x00000000176df2f8:   0000000074e6ad8d 00000000753c7260
0x00000000176df308:   00000000000001fe ffffffffffffff00
0x00000000176df318:   0000000000000004 00000000000000ff
0x00000000176df328:   0000000000000000 0000000000000000 

Instructions: (pc=0x00000000751da1b8)
0x00000000751da198:   0d 6b e4 38 00 48 c1 ea 03 48 d3 ea 0f b6 c2 48
0x00000000751da1a8:   c1 ea 06 24 3f 44 0f b6 c0 48 8b 05 48 8a 3d 00
0x00000000751da1b8:   48 8b 0c d0 4c 0f a3 c1 0f 92 c0 c3 cc cc cc cc
0x00000000751da1c8:   cc cc cc cc cc cc cc cc 48 89 5c 24 08 57 48 81 


Register to memory mapping:

RAX=0x00000000120c0000 is an unknown value
RBX=0x00000000198e5750 is an unknown value
RCX=0x0000000000000000 is an unknown value
RDX=0x007fffffffb7a000 is an unknown value
RSP=0x00000000176df238 is an unknown value
RBP=0x00000000755759f0 is an unknown value
RSI=0x0000000000000001 is an unknown value
RDI=0x0000000000000002 is an unknown value
R8 =0x0000000000000000 is an unknown value
R9 =0x0000000000000004 is an unknown value
R10=0x00000000000001fe is an unknown value
R11=0x00000000198e5740 is an unknown value
R12=0x0000000000000000 is an unknown value
R13=0x00000000755759f0 is an unknown value
R14=0x000000007540f858 is an unknown value
R15=0x0000000075575960 is an unknown value


Stack: [0x00000000175e0000,0x00000000176e0000],  sp=0x00000000176df238,  free space=1020k
Native frames: (J=compiled Java code, j=interpreted, Vv=VM code, C=native code)
V  [jvm.dll+0x3ca1b8]

VM_Operation (0x0000000017dde550): CollectForMetadataAllocation, mode: safepoint, requested by thread 0x0000000016579000


---------------  P R O C E S S  ---------------

Java Threads: ( => current thread )
  0x0000000019663800 JavaThread "Okio Watchdog" daemon [_thread_blocked, id=4184, stack(0x000000001b0f0000,0x000000001b1f0000)]
  0x0000000019667800 JavaThread "OkHttp ConnectionPool" daemon [_thread_blocked, id=8592, stack(0x000000001aff0000,0x000000001b0f0000)]
  0x000000001966e800 JavaThread "ForkJoinPool.commonPool-worker-3" daemon [_thread_blocked, id=6560, stack(0x000000001aef0000,0x000000001aff0000)]
  0x0000000019643000 JavaThread "Exec Stream Pumper" daemon [_thread_in_native, id=6868, stack(0x000000001abf0000,0x000000001acf0000)]
  0x0000000019642800 JavaThread "Exec Stream Pumper" daemon [_thread_in_native, id=2188, stack(0x000000001aaf0000,0x000000001abf0000)]
  0x0000000019d64000 JavaThread "Exec Default Executor" daemon [_thread_in_native, id=5036, stack(0x000000001a9f0000,0x000000001aaf0000)]
  0x000000001870f800 JavaThread "Forwarding newSession on session null to remote" [_thread_blocked, id=6504, stack(0x0000000019120000,0x0000000019220000)]
  0x00000000185ed800 JavaThread "ReaderThread" [_thread_in_native, id=5424, stack(0x0000000019020000,0x0000000019120000)]
  0x0000000017deb800 JavaThread "Service Thread" daemon [_thread_blocked, id=2692, stack(0x00000000181e0000,0x00000000182e0000)]
  0x0000000016579000 JavaThread "C1 CompilerThread2" daemon [_thread_blocked, id=740, stack(0x0000000017ce0000,0x0000000017de0000)]
  0x0000000016578000 JavaThread "C2 CompilerThread1" daemon [_thread_blocked, id=4204, stack(0x0000000017be0000,0x0000000017ce0000)]
  0x0000000016573800 JavaThread "C2 CompilerThread0" daemon [_thread_blocked, id=4416, stack(0x0000000017ae0000,0x0000000017be0000)]
  0x0000000016571800 JavaThread "Attach Listener" daemon [_thread_blocked, id=5100, stack(0x00000000179e0000,0x0000000017ae0000)]
  0x0000000016570800 JavaThread "Signal Dispatcher" daemon [_thread_blocked, id=8564, stack(0x00000000178e0000,0x00000000179e0000)]
  0x0000000002317800 JavaThread "Finalizer" daemon [_thread_blocked, id=8492, stack(0x00000000177e0000,0x00000000178e0000)]
  0x0000000002310800 JavaThread "Reference Handler" daemon [_thread_blocked, id=6388, stack(0x00000000176e0000,0x00000000177e0000)]
  0x0000000002223800 JavaThread "main" [_thread_blocked, id=120, stack(0x0000000002020000,0x0000000002120000)]

Other Threads:
=>0x0000000016548000 VMThread [stack: 0x00000000175e0000,0x00000000176e0000] [id=4904]
  0x0000000017dff800 WatcherThread [stack: 0x00000000182e0000,0x00000000183e0000] [id=872]

VM state:at safepoint (normal execution)

VM Mutex/Monitor currently owned by a thread:  ([mutex/lock_event])
[0x0000000002220150] Threads_lock - owner thread: 0x0000000016548000
[0x0000000002220350] Heap_lock - owner thread: 0x0000000016579000
[0x00000000022215e0] MultiArray_lock - owner thread: 0x0000000016579000
[0x0000000002221f60] Compile_lock - owner thread: 0x0000000016579000

Heap:
 PSYoungGen      total 62976K, used 4595K [0x00000000dae80000, 0x00000000df080000, 0x0000000100000000)
  eden space 58368K, 0% used [0x00000000dae80000,0x00000000dae80000,0x00000000de780000)
  from space 4608K, 99% used [0x00000000dec00000,0x00000000df07cf10,0x00000000df080000)
  to   space 4608K, 0% used [0x00000000de780000,0x00000000de780000,0x00000000dec00000)
 ParOldGen       total 75776K, used 9581K [0x0000000090c00000, 0x0000000095600000, 0x00000000dae80000)
  object space 75776K, 12% used [0x0000000090c00000,0x000000009155b580,0x0000000095600000)
 Metaspace       used 20888K, capacity 21070K, committed 21296K, reserved 1067008K
  class space    used 2747K, capacity 2835K, committed 2864K, reserved 1048576K

Card table byte_map: [0x00000000116e0000,0x0000000011a60000] byte_map_base: 0x000000001125a000

Marking Bits: (ParMarkBitMap*) 0x00000000755b2bd0
 Begin Bits: [0x00000000120c0000, 0x0000000013c90000)
 End Bits:   [0x0000000013c90000, 0x0000000015860000)

Polling page: 0x00000000001f0000

CodeCache: size=245760Kb used=5575Kb max_used=5580Kb free=240184Kb
 bounds [0x0000000002320000, 0x00000000028a0000, 0x0000000011320000]
 total_blobs=2127 nmethods=1702 adapters=340
 compilation: enabled

Compilation events (10 events):
Event: 3.849 Thread 0x0000000016579000 nmethod 1851 0x0000000002890c90 code [0x0000000002890de0, 0x0000000002890fb0]
Event: 3.853 Thread 0x0000000016579000 1853       3       java.lang.invoke.LambdaForm::normalize (281 bytes)
Event: 3.855 Thread 0x0000000016579000 nmethod 1853 0x0000000002891010 code [0x0000000002891280, 0x0000000002892818]
Event: 3.856 Thread 0x0000000016578000 nmethod 1849 0x0000000002895fd0 code [0x0000000002896120, 0x0000000002896458]
Event: 3.857 Thread 0x0000000016579000 1854       3       java.lang.invoke.MethodHandleNatives::findMethodHandleType (7 bytes)
Event: 3.857 Thread 0x0000000016579000 nmethod 1854 0x0000000002895c10 code [0x0000000002895d80, 0x0000000002895f28]
Event: 3.858 Thread 0x0000000016579000 1855       3       sun.invoke.util.VerifyAccess::isClassAccessible (66 bytes)
Event: 3.858 Thread 0x0000000016573800 nmethod 1848 0x00000000028939d0 code [0x0000000002893ba0, 0x0000000002894270]
Event: 3.859 Thread 0x0000000016579000 nmethod 1855 0x0000000002895150 code [0x0000000002895320, 0x0000000002895a08]
Event: 3.859 Thread 0x0000000016579000 1857       3       jdk.internal.org.objectweb.asm.MethodWriter::put (1599 bytes)

GC Heap History (9 events):
Event: 1.317 GC heap before
{Heap before GC invocations=1 (full 0):
 PSYoungGen      total 33792K, used 29184K [0x00000000dae80000, 0x00000000dd400000, 0x0000000100000000)
  eden space 29184K, 100% used [0x00000000dae80000,0x00000000dcb00000,0x00000000dcb00000)
  from space 4608K, 0% used [0x00000000dcf80000,0x00000000dcf80000,0x00000000dd400000)
  to   space 4608K, 0% used [0x00000000dcb00000,0x00000000dcb00000,0x00000000dcf80000)
 ParOldGen       total 75776K, used 0K [0x0000000090c00000, 0x0000000095600000, 0x00000000dae80000)
  object space 75776K, 0% used [0x0000000090c00000,0x0000000090c00000,0x0000000095600000)
 Metaspace       used 8940K, capacity 9110K, committed 9344K, reserved 1056768K
  class space    used 1021K, capacity 1075K, committed 1152K, reserved 1048576K
Event: 1.328 GC heap after
Heap after GC invocations=1 (full 0):
 PSYoungGen      total 33792K, used 4590K [0x00000000dae80000, 0x00000000dd400000, 0x0000000100000000)
  eden space 29184K, 0% used [0x00000000dae80000,0x00000000dae80000,0x00000000dcb00000)
  from space 4608K, 99% used [0x00000000dcb00000,0x00000000dcf7b928,0x00000000dcf80000)
  to   space 4608K, 0% used [0x00000000dcf80000,0x00000000dcf80000,0x00000000dd400000)
 ParOldGen       total 75776K, used 545K [0x0000000090c00000, 0x0000000095600000, 0x00000000dae80000)
  object space 75776K, 0% used [0x0000000090c00000,0x0000000090c884c8,0x0000000095600000)
 Metaspace       used 8940K, capacity 9110K, committed 9344K, reserved 1056768K
  class space    used 1021K, capacity 1075K, committed 1152K, reserved 1048576K
}
Event: 1.979 GC heap before
{Heap before GC invocations=2 (full 0):
 PSYoungGen      total 33792K, used 33774K [0x00000000dae80000, 0x00000000dd400000, 0x0000000100000000)
  eden space 29184K, 100% used [0x00000000dae80000,0x00000000dcb00000,0x00000000dcb00000)
  from space 4608K, 99% used [0x00000000dcb00000,0x00000000dcf7b928,0x00000000dcf80000)
  to   space 4608K, 0% used [0x00000000dcf80000,0x00000000dcf80000,0x00000000dd400000)
 ParOldGen       total 75776K, used 545K [0x0000000090c00000, 0x0000000095600000, 0x00000000dae80000)
  object space 75776K, 0% used [0x0000000090c00000,0x0000000090c884c8,0x0000000095600000)
 Metaspace       used 12970K, capacity 13046K, committed 13184K, reserved 1060864K
  class space    used 1576K, capacity 1619K, committed 1664K, reserved 1048576K
Event: 1.993 GC heap after
Heap after GC invocations=2 (full 0):
 PSYoungGen      total 33792K, used 4581K [0x00000000dae80000, 0x00000000df080000, 0x0000000100000000)
  eden space 29184K, 0% used [0x00000000dae80000,0x00000000dae80000,0x00000000dcb00000)
  from space 4608K, 99% used [0x00000000dcf80000,0x00000000dd3f96d0,0x00000000dd400000)
  to   space 4608K, 0% used [0x00000000dcb00000,0x00000000dcb00000,0x00000000dcf80000)
 ParOldGen       total 75776K, used 3134K [0x0000000090c00000, 0x0000000095600000, 0x00000000dae80000)
  object space 75776K, 4% used [0x0000000090c00000,0x0000000090f0fae0,0x0000000095600000)
 Metaspace       used 12970K, capacity 13046K, committed 13184K, reserved 1060864K
  class space    used 1576K, capacity 1619K, committed 1664K, reserved 1048576K
}
Event: 2.854 GC heap before
{Heap before GC invocations=3 (full 0):
 PSYoungGen      total 33792K, used 33765K [0x00000000dae80000, 0x00000000df080000, 0x0000000100000000)
  eden space 29184K, 100% used [0x00000000dae80000,0x00000000dcb00000,0x00000000dcb00000)
  from space 4608K, 99% used [0x00000000dcf80000,0x00000000dd3f96d0,0x00000000dd400000)
  to   space 4608K, 0% used [0x00000000dcb00000,0x00000000dcb00000,0x00000000dcf80000)
 ParOldGen       total 75776K, used 3134K [0x0000000090c00000, 0x0000000095600000, 0x00000000dae80000)
  object space 75776K, 4% used [0x0000000090c00000,0x0000000090f0fae0,0x0000000095600000)
 Metaspace       used 18481K, capacity 18674K, committed 18944K, reserved 1064960K
  class space    used 2374K, capacity 2459K, committed 2560K, reserved 1048576K
Event: 2.875 GC heap after
Heap after GC invocations=3 (full 0):
 PSYoungGen      total 33792K, used 4594K [0x00000000dae80000, 0x00000000df080000, 0x0000000100000000)
  eden space 29184K, 0% used [0x00000000dae80000,0x00000000dae80000,0x00000000dcb00000)
  from space 4608K, 99% used [0x00000000dcb00000,0x00000000dcf7cb90,0x00000000dcf80000)
  to   space 4608K, 0% used [0x00000000dec00000,0x00000000dec00000,0x00000000df080000)
 ParOldGen       total 75776K, used 7478K [0x0000000090c00000, 0x0000000095600000, 0x00000000dae80000)
  object space 75776K, 9% used [0x0000000090c00000,0x000000009134d870,0x0000000095600000)
 Metaspace       used 18481K, capacity 18674K, committed 18944K, reserved 1064960K
  class space    used 2374K, capacity 2459K, committed 2560K, reserved 1048576K
}
Event: 3.860 GC heap before
{Heap before GC invocations=4 (full 0):
 PSYoungGen      total 33792K, used 19492K [0x00000000dae80000, 0x00000000df080000, 0x0000000100000000)
  eden space 29184K, 51% used [0x00000000dae80000,0x00000000dbd0c630,0x00000000dcb00000)
  from space 4608K, 99% used [0x00000000dcb00000,0x00000000dcf7cb90,0x00000000dcf80000)
  to   space 4608K, 0% used [0x00000000dec00000,0x00000000dec00000,0x00000000df080000)
 ParOldGen       total 75776K, used 7478K [0x0000000090c00000, 0x0000000095600000, 0x00000000dae80000)
  object space 75776K, 9% used [0x0000000090c00000,0x000000009134d870,0x0000000095600000)
 Metaspace       used 20888K, capacity 21070K, committed 21296K, reserved 1067008K
  class space    used 2747K, capacity 2835K, committed 2864K, reserved 1048576K
Event: 3.875 GC heap after
Heap after GC invocations=4 (full 0):
 PSYoungGen      total 62976K, used 4595K [0x00000000dae80000, 0x00000000df080000, 0x0000000100000000)
  eden space 58368K, 0% used [0x00000000dae80000,0x00000000dae80000,0x00000000de780000)
  from space 4608K, 99% used [0x00000000dec00000,0x00000000df07cf10,0x00000000df080000)
  to   space 4608K, 0% used [0x00000000de780000,0x00000000de780000,0x00000000dec00000)
 ParOldGen       total 75776K, used 9581K [0x0000000090c00000, 0x0000000095600000, 0x00000000dae80000)
  object space 75776K, 12% used [0x0000000090c00000,0x000000009155b580,0x0000000095600000)
 Metaspace       used 20888K, capacity 21070K, committed 21296K, reserved 1067008K
  class space    used 2747K, capacity 2835K, committed 2864K, reserved 1048576K
}
Event: 3.875 GC heap before
{Heap before GC invocations=5 (full 1):
 PSYoungGen      total 62976K, used 4595K [0x00000000dae80000, 0x00000000df080000, 0x0000000100000000)
  eden space 58368K, 0% used [0x00000000dae80000,0x00000000dae80000,0x00000000de780000)
  from space 4608K, 99% used [0x00000000dec00000,0x00000000df07cf10,0x00000000df080000)
  to   space 4608K, 0% used [0x00000000de780000,0x00000000de780000,0x00000000dec00000)
 ParOldGen       total 75776K, used 9581K [0x0000000090c00000, 0x0000000095600000, 0x00000000dae80000)
  object space 75776K, 12% used [0x0000000090c00000,0x000000009155b580,0x0000000095600000)
 Metaspace       used 20888K, capacity 21070K, committed 21296K, reserved 1067008K
  class space    used 2747K, capacity 2835K, committed 2864K, reserved 1048576K

Deoptimization events (10 events):
Event: 2.678 Thread 0x000000001870f800 Uncommon trap: reason=class_check action=maybe_recompile pc=0x00000000024be07c method=java.util.HashSet.add(Ljava/lang/Object;)Z @ 8
Event: 2.679 Thread 0x000000001870f800 Uncommon trap: reason=class_check action=maybe_recompile pc=0x00000000024be07c method=java.util.HashSet.add(Ljava/lang/Object;)Z @ 8
Event: 3.515 Thread 0x000000001870f800 Uncommon trap: reason=class_check action=maybe_recompile pc=0x000000000277e2f8 method=org.openqa.selenium.json.Input.init()V @ 18
Event: 3.515 Thread 0x000000001870f800 Uncommon trap: reason=class_check action=maybe_recompile pc=0x000000000277e2f8 method=org.openqa.selenium.json.Input.init()V @ 18
Event: 3.515 Thread 0x000000001870f800 Uncommon trap: reason=class_check action=maybe_recompile pc=0x000000000277e2f8 method=org.openqa.selenium.json.Input.init()V @ 18
Event: 3.515 Thread 0x000000001870f800 Uncommon trap: reason=class_check action=maybe_recompile pc=0x000000000277e2f8 method=org.openqa.selenium.json.Input.init()V @ 18
Event: 3.749 Thread 0x000000001870f800 Uncommon trap: reason=class_check action=maybe_recompile pc=0x00000000026b1590 method=java.io.FilterInputStream.read([BII)I @ 7
Event: 3.749 Thread 0x000000001870f800 Uncommon trap: reason=class_check action=maybe_recompile pc=0x00000000026b1590 method=java.io.FilterInputStream.read([BII)I @ 7
Event: 3.749 Thread 0x000000001870f800 Uncommon trap: reason=class_check action=maybe_recompile pc=0x00000000026b1590 method=java.io.FilterInputStream.read([BII)I @ 7
Event: 3.753 Thread 0x000000001870f800 Uncommon trap: reason=class_check action=maybe_recompile pc=0x00000000026b1590 method=java.io.FilterInputStream.read([BII)I @ 7

Internal exceptions (10 events):
Event: 3.838 Thread 0x000000001870f800 Exception <a 'java/security/PrivilegedActionException'> (0x00000000dbc38040) thrown at [D:\re\workspace\8-2-build-windows-amd64-cygwin\jdk8\563\hotspot\src\share\vm\prims\jvm.cpp, line 1248]
Event: 3.838 Thread 0x000000001870f800 Exception <a 'java/security/PrivilegedActionException'> (0x00000000dbc3f078) thrown at [D:\re\workspace\8-2-build-windows-amd64-cygwin\jdk8\563\hotspot\src\share\vm\prims\jvm.cpp, line 1248]
Event: 3.840 Thread 0x000000001870f800 Exception <a 'java/security/PrivilegedActionException'> (0x00000000dbc46650) thrown at [D:\re\workspace\8-2-build-windows-amd64-cygwin\jdk8\563\hotspot\src\share\vm\prims\jvm.cpp, line 1248]
Event: 3.843 Thread 0x000000001870f800 Exception <a 'java/security/PrivilegedActionException'> (0x00000000dbc60c70) thrown at [D:\re\workspace\8-2-build-windows-amd64-cygwin\jdk8\563\hotspot\src\share\vm\prims\jvm.cpp, line 1248]
Event: 3.845 Thread 0x000000001870f800 Exception <a 'java/security/PrivilegedActionException'> (0x00000000dbc674b8) thrown at [D:\re\workspace\8-2-build-windows-amd64-cygwin\jdk8\563\hotspot\src\share\vm\prims\jvm.cpp, line 1248]
Event: 3.847 Thread 0x000000001870f800 Exception <a 'java/security/PrivilegedActionException'> (0x00000000dbc6cdf8) thrown at [D:\re\workspace\8-2-build-windows-amd64-cygwin\jdk8\563\hotspot\src\share\vm\prims\jvm.cpp, line 1248]
Event: 3.849 Thread 0x000000001870f800 Exception <a 'java/security/PrivilegedActionException'> (0x00000000dbc75438) thrown at [D:\re\workspace\8-2-build-windows-amd64-cygwin\jdk8\563\hotspot\src\share\vm\prims\jvm.cpp, line 1248]
Event: 3.850 Thread 0x000000001870f800 Exception <a 'java/security/PrivilegedActionException'> (0x00000000dbc7f540) thrown at [D:\re\workspace\8-2-build-windows-amd64-cygwin\jdk8\563\hotspot\src\share\vm\prims\jvm.cpp, line 1248]
Event: 3.850 Thread 0x000000001870f800 Exception <a 'java/security/PrivilegedActionException'> (0x00000000dbc8bb08) thrown at [D:\re\workspace\8-2-build-windows-amd64-cygwin\jdk8\563\hotspot\src\share\vm\prims\jvm.cpp, line 1248]
Event: 3.855 Thread 0x000000001870f800 Exception <a 'java/security/PrivilegedActionException'> (0x00000000dbca1b60) thrown at [D:\re\workspace\8-2-build-windows-amd64-cygwin\jdk8\563\hotspot\src\share\vm\prims\jvm.cpp, line 1248]

Events (10 events):
Event: 3.857 loading class org/openqa/selenium/remote/InitialHandshakeResponse done
Event: 3.858 loading class org/openqa/selenium/remote/InitialHandshakeResponse
Event: 3.858 loading class org/openqa/selenium/remote/InitialHandshakeResponse done
Event: 3.859 loading class org/openqa/selenium/remote/InitialHandshakeResponse
Event: 3.859 loading class org/openqa/selenium/remote/InitialHandshakeResponse done
Event: 3.859 loading class org/openqa/selenium/remote/Gecko013ProtocolResponse
Event: 3.859 loading class org/openqa/selenium/remote/Gecko013ProtocolResponse done
Event: 3.859 loading class org/openqa/selenium/remote/W3CHandshakeResponse
Event: 3.859 loading class org/openqa/selenium/remote/W3CHandshakeResponse done
Event: 3.860 Executing VM operation: CollectForMetadataAllocation


Dynamic libraries:
0x00007ff663e00000 - 0x00007ff663e34000 	C:\Program Files\Java\jdk1.8.0\bin\javaw.exe
0x00007ff93d370000 - 0x00007ff93d531000 	C:\Windows\SYSTEM32\ntdll.dll
0x00007ff93af60000 - 0x00007ff93b00d000 	C:\Windows\system32\KERNEL32.DLL
0x00007ff939f30000 - 0x00007ff93a118000 	C:\Windows\system32\KERNELBASE.dll
0x00007ff93a930000 - 0x00007ff93a9d7000 	C:\Windows\system32\ADVAPI32.dll
0x00007ff93d270000 - 0x00007ff93d30d000 	C:\Windows\system32\msvcrt.dll
0x00007ff93d310000 - 0x00007ff93d36b000 	C:\Windows\system32\sechost.dll
0x00007ff93b880000 - 0x00007ff93b99c000 	C:\Windows\system32\RPCRT4.dll
0x00007ff93ac60000 - 0x00007ff93adb6000 	C:\Windows\system32\USER32.dll
0x00007ff93b6e0000 - 0x00007ff93b866000 	C:\Windows\system32\GDI32.dll
0x00007ff92b450000 - 0x00007ff92b6c4000 	C:\Windows\WinSxS\amd64_microsoft.windows.common-controls_6595b64144ccf1df_6.0.10586.0_none_8c15ae12515e1c22\COMCTL32.dll
0x00007ff93a9e0000 - 0x00007ff93ac5d000 	C:\Windows\system32\combase.dll
0x00007ff939a70000 - 0x00007ff939ada000 	C:\Windows\system32\bcryptPrimitives.dll
0x00007ff93adc0000 - 0x00007ff93adfb000 	C:\Windows\system32\IMM32.DLL
0x0000000075630000 - 0x0000000075702000 	C:\Program Files\Java\jdk1.8.0\jre\bin\msvcr100.dll
0x0000000074e10000 - 0x0000000075629000 	C:\Program Files\Java\jdk1.8.0\jre\bin\server\jvm.dll
0x00007ff93b870000 - 0x00007ff93b878000 	C:\Windows\system32\PSAPI.DLL
0x00007ff932300000 - 0x00007ff932309000 	C:\Windows\SYSTEM32\WSOCK32.dll
0x00007ff93b0e0000 - 0x00007ff93b14b000 	C:\Windows\system32\WS2_32.dll
0x00007ff937cd0000 - 0x00007ff937cf3000 	C:\Windows\SYSTEM32\WINMM.dll
0x00007ff937bb0000 - 0x00007ff937bdc000 	C:\Windows\SYSTEM32\WINMMBASE.dll
0x00007ff939a20000 - 0x00007ff939a63000 	C:\Windows\system32\cfgmgr32.dll
0x0000000050000000 - 0x000000005000f000 	C:\Program Files\Java\jdk1.8.0\jre\bin\verify.dll
0x0000000074de0000 - 0x0000000074e08000 	C:\Program Files\Java\jdk1.8.0\jre\bin\java.dll
0x0000000074dc0000 - 0x0000000074dd6000 	C:\Program Files\Java\jdk1.8.0\jre\bin\zip.dll
0x00007ff93bc00000 - 0x00007ff93d15f000 	C:\Windows\system32\SHELL32.dll
0x00007ff93a120000 - 0x00007ff93a764000 	C:\Windows\system32\windows.storage.dll
0x00007ff93bad0000 - 0x00007ff93bb22000 	C:\Windows\system32\shlwapi.dll
0x00007ff939a10000 - 0x00007ff939a1f000 	C:\Windows\system32\kernel.appcore.dll
0x00007ff939e50000 - 0x00007ff939f05000 	C:\Windows\system32\shcore.dll
0x00007ff9399c0000 - 0x00007ff939a0b000 	C:\Windows\system32\powrprof.dll
0x00007ff9399a0000 - 0x00007ff9399b4000 	C:\Windows\system32\profapi.dll
0x0000000074da0000 - 0x0000000074db9000 	C:\Program Files\Java\jdk1.8.0\jre\bin\net.dll
0x00007ff939260000 - 0x00007ff9392bc000 	C:\Windows\system32\mswsock.dll
0x00007ff9383b0000 - 0x00007ff93845a000 	C:\Windows\SYSTEM32\DNSAPI.dll
0x00007ff93a920000 - 0x00007ff93a928000 	C:\Windows\system32\NSI.dll
0x00007ff92f0b0000 - 0x00007ff92f0ba000 	C:\Windows\System32\rasadhlp.dll
0x00007ff934e30000 - 0x00007ff934e97000 	C:\Windows\System32\fwpuclnt.dll
0x00007ff9398c0000 - 0x00007ff9398e9000 	C:\Windows\SYSTEM32\bcrypt.dll
0x00007ff939310000 - 0x00007ff939327000 	C:\Windows\SYSTEM32\CRYPTSP.dll
0x00007ff938fa0000 - 0x00007ff938fd4000 	C:\Windows\system32\rsaenh.dll
0x00007ff9390f0000 - 0x00007ff93910f000 	C:\Windows\SYSTEM32\USERENV.dll
0x00007ff9398b0000 - 0x00007ff9398bb000 	C:\Windows\SYSTEM32\CRYPTBASE.dll
0x00007ff921ff0000 - 0x00007ff922006000 	C:\Windows\system32\napinsp.dll
0x00007ff922010000 - 0x00007ff92202a000 	C:\Windows\system32\pnrpnsp.dll
0x00007ff9372f0000 - 0x00007ff937308000 	C:\Windows\system32\NLAapi.dll
0x00007ff929e60000 - 0x00007ff929e6d000 	C:\Windows\System32\winrnr.dll
0x00007ff932050000 - 0x00007ff932065000 	C:\Windows\System32\wshbth.dll
0x00007ff934c90000 - 0x00007ff934cc8000 	C:\Windows\SYSTEM32\IPHLPAPI.DLL
0x0000000074d80000 - 0x0000000074d91000 	C:\Program Files\Java\jdk1.8.0\jre\bin\nio.dll
0x0000000074d50000 - 0x0000000074d74000 	C:\Program Files\Java\jdk1.8.0\jre\bin\sunec.dll
0x0000000074d40000 - 0x0000000074d4b000 	C:\Program Files\Java\jdk1.8.0\jre\bin\sunmscapi.dll
0x00007ff939c80000 - 0x00007ff939e47000 	C:\Windows\system32\CRYPT32.dll
0x00007ff939990000 - 0x00007ff9399a0000 	C:\Windows\system32\MSASN1.dll
0x00007ff938180000 - 0x00007ff9381f9000 	C:\Windows\system32\apphelp.dll
0x00007ff9357f0000 - 0x00007ff935806000 	C:\Windows\SYSTEM32\dhcpcsvc6.DLL
0x00007ff935a70000 - 0x00007ff935a8a000 	C:\Windows\SYSTEM32\dhcpcsvc.DLL
0x00007ff91f400000 - 0x00007ff91f58c000 	C:\Windows\SYSTEM32\dbghelp.dll

VM Arguments:
jvm_args: -ea -Dfile.encoding=Cp1252 
java_command: org.testng.remote.RemoteTestNG -serport 51085 -protocol json -d E:\Project\eSign\test-output E:\Project\eSign\Build\Package.xml
java_class_path (initial): E:\Softwares\eclipse\configuration\org.eclipse.osgi\935\0\.cp\lib\testng-remote.jar;E:\Project\eSign\target\test-classes;E:\Project\eSign\target\classes;C:\Users\admin\.m2\repository\org\testng\testng\6.14.2\testng-6.14.2.jar;C:\Users\admin\.m2\repository\com\beust\jcommander\1.72\jcommander-1.72.jar;C:\Users\admin\.m2\repository\org\apache-extras\beanshell\bsh\2.0b6\bsh-2.0b6.jar;C:\Users\admin\.m2\repository\org\seleniumhq\selenium\selenium-java\3.13.0\selenium-java-3.13.0.jar;C:\Users\admin\.m2\repository\org\seleniumhq\selenium\selenium-edge-driver\3.13.0\selenium-edge-driver-3.13.0.jar;C:\Users\admin\.m2\repository\org\seleniumhq\selenium\selenium-ie-driver\3.13.0\selenium-ie-driver-3.13.0.jar;C:\Users\admin\.m2\repository\org\seleniumhq\selenium\selenium-opera-driver\3.13.0\selenium-opera-driver-3.13.0.jar;C:\Users\admin\.m2\repository\org\seleniumhq\selenium\selenium-safari-driver\3.13.0\selenium-safari-driver-3.13.0.jar;C:\Users\admin\.m2\repository\org\seleniumhq\selenium\selenium-support\3.13.0\selenium-support-3.13.0.jar;C:\Users\admin\.m2\repository\net\bytebuddy\byte-buddy\1.8.3\byte-buddy-1.8.3.jar;C:\Users\admin\.m2\repository\org\apache\commons\commons-exec\1.3\commons-exec-1.3.jar;C:\Users\admin\.m2\repository\commons-codec\commons-codec\1.10\commons-codec-1.10.jar;C:\Users\admin\.m2\repository\commons-logging\commons-logging\1.2\commons-logging-1.2.jar;C:\Users\admin\.m2\repository\com\google\code\gson\gson\2.8.4\gson-2.8.4.jar;C:\Users\admin\.m2\repository\com\google\guava\guava\25.0-jre\guava-25.0-jre.jar;C:\Users\admin\.m2\repository\com\google\code\findbugs\jsr305\1.3.9\jsr305-1.3.9.jar;C:\Users\admin\.m2\repository\org\checkerframework\checker-compat-qual\2.0.0\checker-compat-qual-2.0.0.jar;C:\Users\admin\.m2\repository\com\google\errorprone\error_prone_annotations\2.1.3\error_prone_annotations-2.1.3.jar;C:\Users\admin\.m2\repository\com\google\j2objc\j2objc-annotations\1.1\j2objc-annotations-1.1.jar;C:\Users\admin
Launcher Type: SUN_STANDARD

Environment Variables:
JAVA_HOME=C:\Program Files\Java\jdk1.8.0
PATH=C:\Windows\system32;C:\Windows;C:\Windows\System32\Wbem;C:\Windows\System32\WindowsPowerShell\v1.0\;C:\Program Files (x86)\Skype\Phone\;E:\Backup Folder\Chirag Backup\Software\apache-maven-3.5.2-bin\apache-maven-3.5.2\bin;C:\Program Files\Java\jdk1.8.0\bin
USERNAME=admin
OS=Windows_NT
PROCESSOR_IDENTIFIER=AMD64 Family 21 Model 48 Stepping 1, AuthenticAMD



---------------  S Y S T E M  ---------------

OS: Windows 8.1 , 64 bit Build 9600 

CPU:total 4 (4 cores per cpu, 1 threads per core) family 21 model 48 stepping 1, cmov, cx8, fxsr, mmx, sse, sse2, sse3, ssse3, sse4.1, sse4.2, popcnt, avx, aes, clmul, mmxext, 3dnowpref, lzcnt, sse4a, tsc, tscinvbit

Memory: 4k page, physical 7284048k(2565424k free), swap 9996104k(1430884k free)

vm_info: Java HotSpot(TM) 64-Bit Server VM (25.0-b55) for windows-amd64 JRE (1.8.0-ea-b113), built on Oct 24 2013 10:27:42 by "java_re" with MS VC++ 10.0 (VS2010)

time: Wed Sep 05 15:39:50 2018
elapsed time: 3 seconds

