#
# A fatal error has been detected by the Java Runtime Environment:
#
#  EXCEPTION_ACCESS_VIOLATION (0xc0000005) at pc=0x00000000617907d6, pid=9980, tid=1788
#
# JRE version: Java(TM) SE Runtime Environment (8.0-b113) (build 1.8.0-ea-b113)
# Java VM: Java HotSpot(TM) 64-Bit Server VM (25.0-b55 mixed mode windows-amd64 compressed oops)
# Problematic frame:
# V  [jvm.dll+0x1107d6]
#
# Failed to write core dump. Minidumps are not enabled by default on client versions of Windows
#
# If you would like to submit a bug report, please visit:
#   http://bugreport.sun.com/bugreport/crash.jsp
#

---------------  T H R E A D  ---------------

Current thread (0x0000000016b16000):  VMThread [stack: 0x0000000017bb0000,0x0000000017cb0000] [id=1788]

siginfo: ExceptionCode=0xc0000005, reading address 0x000000000003dc68

Registers:
RAX=0x0000000061c7f950, RBX=0x0000000016bac8f0, RCX=0x000000000003dc00, RDX=0x0000000061de59f0
RSP=0x0000000017caf2c8, RBP=0x0000000061de59f0, RSI=0x0000000000000001, RDI=0x0000000000000002
R8 =0x0000000061de59f0, R9 =0x0000000000000004, R10=0x00000000000001fe, R11=0x0000000016bac8e0
R12=0x0000000000000000, R13=0x0000000061de59f0, R14=0x0000000061c7f858, R15=0x0000000061de5960
RIP=0x00000000617907d6, EFLAGS=0x0000000000010206

Top of Stack: (sp=0x0000000017caf2c8)
0x0000000017caf2c8:   000000006179a298 0000000061c249d8
0x0000000017caf2d8:   0000000061709f63 0000000000000000
0x0000000017caf2e8:   0000000003048d50 00000008001f8828
0x0000000017caf2f8:   00000000616b4a53 0000000061de59f0
0x0000000017caf308:   0000000016bac8e0 0000000000000000
0x0000000017caf318:   0000000000000000 000000001ad4fc28
0x0000000017caf328:   00000000617736dd 0000000016bac8e0
0x0000000017caf338:   0000000000000000 0000000000000000
0x0000000017caf348:   000000001ad4fc28 0000000061c37260
0x0000000017caf358:   0000000000000000 00000008001f8828
0x0000000017caf368:   00000000617919a2 00000008001f8428
0x0000000017caf378:   0000000017caf3e8 0000000061de59f0
0x0000000017caf388:   00000000616dad8d 0000000061c37260
0x0000000017caf398:   00000000000001fe ffffffffffffff00
0x0000000017caf3a8:   0000000000000004 00000000000000f6
0x0000000017caf3b8:   0000000000000000 0000000000000000 

Instructions: (pc=0x00000000617907d6)
0x00000000617907b6:   c0 74 14 48 8b 50 78 48 85 d2 74 07 48 89 91 80
0x00000000617907c6:   00 00 00 48 89 48 78 f3 c3 cc 48 8b 02 4c 8b c2
0x00000000617907d6:   48 8b 51 68 49 8b c8 48 ff 20 48 8b 81 90 00 00
0x00000000617907e6:   00 48 8b 00 c3 cc cc cc cc cc 40 53 48 83 ec 50 


Register to memory mapping:

RAX=0x0000000061c7f950 is an unknown value
RBX=0x0000000016bac8f0 is an unknown value
RCX=0x000000000003dc00 is an unknown value
RDX=0x0000000061de59f0 is an unknown value
RSP=0x0000000017caf2c8 is an unknown value
RBP=0x0000000061de59f0 is an unknown value
RSI=0x0000000000000001 is an unknown value
RDI=0x0000000000000002 is an unknown value
R8 =0x0000000061de59f0 is an unknown value
R9 =0x0000000000000004 is an unknown value
R10=0x00000000000001fe is an unknown value
R11=0x0000000016bac8e0 is an unknown value
R12=0x0000000000000000 is an unknown value
R13=0x0000000061de59f0 is an unknown value
R14=0x0000000061c7f858 is an unknown value
R15=0x0000000061de5960 is an unknown value


Stack: [0x0000000017bb0000,0x0000000017cb0000],  sp=0x0000000017caf2c8,  free space=1020k
Native frames: (J=compiled Java code, j=interpreted, Vv=VM code, C=native code)
V  [jvm.dll+0x1107d6]

VM_Operation (0x00000000183aed40): CollectForMetadataAllocation, mode: safepoint, requested by thread 0x0000000016b4b800


---------------  P R O C E S S  ---------------

Java Threads: ( => current thread )
  0x0000000019bf1800 JavaThread "UrlChecker-2" daemon [_thread_in_native, id=4928, stack(0x000000001b2c0000,0x000000001b3c0000)]
  0x000000001a04f800 JavaThread "TestNG-tests-1" [_thread_blocked, id=6572, stack(0x000000001a6c0000,0x000000001a7c0000)]
  0x0000000018a80000 JavaThread "ReaderThread" [_thread_in_native, id=10140, stack(0x00000000195f0000,0x00000000196f0000)]
  0x00000000183b0800 JavaThread "Service Thread" daemon [_thread_blocked, id=4200, stack(0x00000000187b0000,0x00000000188b0000)]
  0x0000000016b4b800 JavaThread "C1 CompilerThread2" daemon [_thread_blocked, id=4944, stack(0x00000000182b0000,0x00000000183b0000)]
  0x0000000016b48000 JavaThread "C2 CompilerThread1" daemon [_thread_blocked, id=5676, stack(0x00000000181b0000,0x00000000182b0000)]
  0x0000000016b46000 JavaThread "C2 CompilerThread0" daemon [_thread_blocked, id=5100, stack(0x00000000180b0000,0x00000000181b0000)]
  0x0000000016b45000 JavaThread "Attach Listener" daemon [_thread_blocked, id=6644, stack(0x0000000017fb0000,0x00000000180b0000)]
  0x0000000016b44000 JavaThread "Signal Dispatcher" daemon [_thread_blocked, id=7572, stack(0x0000000017eb0000,0x0000000017fb0000)]
  0x0000000016b18800 JavaThread "Finalizer" daemon [_thread_blocked, id=9732, stack(0x0000000017db0000,0x0000000017eb0000)]
  0x00000000028a9800 JavaThread "Reference Handler" daemon [_thread_blocked, id=9500, stack(0x0000000017cb0000,0x0000000017db0000)]
  0x00000000027c3800 JavaThread "main" [_thread_blocked, id=8812, stack(0x0000000002660000,0x0000000002760000)]

Other Threads:
=>0x0000000016b16000 VMThread [stack: 0x0000000017bb0000,0x0000000017cb0000] [id=1788]
  0x00000000183e5000 WatcherThread [stack: 0x00000000188b0000,0x00000000189b0000] [id=3720]

VM state:at safepoint (normal execution)

VM Mutex/Monitor currently owned by a thread:  ([mutex/lock_event])
[0x00000000027c0ed0] Threads_lock - owner thread: 0x0000000016b16000
[0x00000000027c0a50] Heap_lock - owner thread: 0x0000000016b4b800
[0x00000000027c2060] MethodData_lock - owner thread: 0x0000000016b4b800

Heap:
 PSYoungGen      total 124928K, used 6688K [0x00000000dae80000, 0x00000000ea180000, 0x0000000100000000)
  eden space 112640K, 0% used [0x00000000dae80000,0x00000000dae80000,0x00000000e1c80000)
  from space 12288K, 54% used [0x00000000e1c80000,0x00000000e2308080,0x00000000e2880000)
  to   space 11776K, 0% used [0x00000000e9600000,0x00000000e9600000,0x00000000ea180000)
 ParOldGen       total 75776K, used 11317K [0x0000000090c00000, 0x0000000095600000, 0x00000000dae80000)
  object space 75776K, 14% used [0x0000000090c00000,0x000000009170d4c0,0x0000000095600000)
 Metaspace       used 20902K, capacity 21120K, committed 21248K, reserved 1067008K
  class space    used 2712K, capacity 2810K, committed 2816K, reserved 1048576K

Card table byte_map: [0x0000000011c80000,0x0000000012000000] byte_map_base: 0x00000000117fa000

Marking Bits: (ParMarkBitMap*) 0x0000000061e22bd0
 Begin Bits: [0x0000000012660000, 0x0000000014230000)
 End Bits:   [0x0000000014230000, 0x0000000015e00000)

Polling page: 0x0000000002760000

CodeCache: size=245760Kb used=7680Kb max_used=7680Kb free=238079Kb
 bounds [0x00000000028c0000, 0x0000000003050000, 0x00000000118c0000]
 total_blobs=2690 nmethods=2267 adapters=338
 compilation: enabled

Compilation events (10 events):
Event: 102.378 Thread 0x0000000016b4b800 nmethod 2633 0x0000000003048110 code [0x00000000030482c0, 0x0000000003048778]
Event: 102.378 Thread 0x0000000016b4b800 2634       3       java.io.FileDescriptor$1::get (5 bytes)
Event: 102.378 Thread 0x0000000016b4b800 nmethod 2634 0x0000000003047d50 code [0x0000000003047ea0, 0x0000000003048050]
Event: 102.379 Thread 0x0000000016b4b800 2635       3       java.io.PrintWriter::append (25 bytes)
Event: 102.380 Thread 0x0000000016b4b800 nmethod 2635 0x0000000003048d50 code [0x0000000003048f00, 0x0000000003049508]
Event: 102.382 Thread 0x0000000016b4b800 2636       3       java.util.Formatter$Flags::<init> (10 bytes)
Event: 102.383 Thread 0x0000000016b4b800 nmethod 2636 0x0000000003047950 code [0x0000000003047ac0, 0x0000000003047c90]
Event: 102.436 Thread 0x0000000016b4b800 2637       1       java.util.Hashtable::access$400 (5 bytes)
Event: 102.437 Thread 0x0000000016b4b800 nmethod 2637 0x0000000003047590 code [0x00000000030476e0, 0x0000000003047810]
Event: 102.437 Thread 0x0000000016b4b800 2638       3       org.testng.reporters.XMLUtils::escape (133 bytes)

GC Heap History (10 events):
Event: 2.015 GC heap after
Heap after GC invocations=3 (full 0):
 PSYoungGen      total 33792K, used 3968K [0x00000000dae80000, 0x00000000df080000, 0x0000000100000000)
  eden space 29184K, 0% used [0x00000000dae80000,0x00000000dae80000,0x00000000dcb00000)
  from space 4608K, 86% used [0x00000000dcb00000,0x00000000dcee0020,0x00000000dcf80000)
  to   space 4608K, 0% used [0x00000000dec00000,0x00000000dec00000,0x00000000df080000)
 ParOldGen       total 75776K, used 231K [0x0000000090c00000, 0x0000000095600000, 0x00000000dae80000)
  object space 75776K, 0% used [0x0000000090c00000,0x0000000090c39c70,0x0000000095600000)
 Metaspace       used 8440K, capacity 8520K, committed 8704K, reserved 1056768K
  class space    used 960K, capacity 982K, committed 1024K, reserved 1048576K
}
Event: 2.138 GC heap before
{Heap before GC invocations=4 (full 0):
 PSYoungGen      total 33792K, used 33152K [0x00000000dae80000, 0x00000000df080000, 0x0000000100000000)
  eden space 29184K, 100% used [0x00000000dae80000,0x00000000dcb00000,0x00000000dcb00000)
  from space 4608K, 86% used [0x00000000dcb00000,0x00000000dcee0020,0x00000000dcf80000)
  to   space 4608K, 0% used [0x00000000dec00000,0x00000000dec00000,0x00000000df080000)
 ParOldGen       total 75776K, used 231K [0x0000000090c00000, 0x0000000095600000, 0x00000000dae80000)
  object space 75776K, 0% used [0x0000000090c00000,0x0000000090c39c70,0x0000000095600000)
 Metaspace       used 8458K, capacity 8532K, committed 8704K, reserved 1056768K
  class space    used 961K, capacity 984K, committed 1024K, reserved 1048576K
Event: 2.151 GC heap after
Heap after GC invocations=4 (full 0):
 PSYoungGen      total 62976K, used 4576K [0x00000000dae80000, 0x00000000df080000, 0x0000000100000000)
  eden space 58368K, 0% used [0x00000000dae80000,0x00000000dae80000,0x00000000de780000)
  from space 4608K, 99% used [0x00000000dec00000,0x00000000df078020,0x00000000df080000)
  to   space 4608K, 0% used [0x00000000de780000,0x00000000de780000,0x00000000dec00000)
 ParOldGen       total 75776K, used 615K [0x0000000090c00000, 0x0000000095600000, 0x00000000dae80000)
  object space 75776K, 0% used [0x0000000090c00000,0x0000000090c99c70,0x0000000095600000)
 Metaspace       used 8458K, capacity 8532K, committed 8704K, reserved 1056768K
  class space    used 961K, capacity 984K, committed 1024K, reserved 1048576K
}
Event: 2.887 GC heap before
{Heap before GC invocations=5 (full 0):
 PSYoungGen      total 62976K, used 62944K [0x00000000dae80000, 0x00000000df080000, 0x0000000100000000)
  eden space 58368K, 100% used [0x00000000dae80000,0x00000000de780000,0x00000000de780000)
  from space 4608K, 99% used [0x00000000dec00000,0x00000000df078020,0x00000000df080000)
  to   space 4608K, 0% used [0x00000000de780000,0x00000000de780000,0x00000000dec00000)
 ParOldGen       total 75776K, used 615K [0x0000000090c00000, 0x0000000095600000, 0x00000000dae80000)
  object space 75776K, 0% used [0x0000000090c00000,0x0000000090c99c70,0x0000000095600000)
 Metaspace       used 11320K, capacity 11444K, committed 11648K, reserved 1058816K
  class space    used 1341K, capacity 1400K, committed 1408K, reserved 1048576K
Event: 2.905 GC heap after
Heap after GC invocations=5 (full 0):
 PSYoungGen      total 62976K, used 4576K [0x00000000dae80000, 0x00000000e3080000, 0x0000000100000000)
  eden space 58368K, 0% used [0x00000000dae80000,0x00000000dae80000,0x00000000de780000)
  from space 4608K, 99% used [0x00000000de780000,0x00000000debf8020,0x00000000dec00000)
  to   space 8192K, 0% used [0x00000000e2880000,0x00000000e2880000,0x00000000e3080000)
 ParOldGen       total 75776K, used 4138K [0x0000000090c00000, 0x0000000095600000, 0x00000000dae80000)
  object space 75776K, 5% used [0x0000000090c00000,0x000000009100a8e8,0x0000000095600000)
 Metaspace       used 11320K, capacity 11444K, committed 11648K, reserved 1058816K
  class space    used 1341K, capacity 1400K, committed 1408K, reserved 1048576K
}
Event: 8.262 GC heap before
{Heap before GC invocations=6 (full 0):
 PSYoungGen      total 62976K, used 62944K [0x00000000dae80000, 0x00000000e3080000, 0x0000000100000000)
  eden space 58368K, 100% used [0x00000000dae80000,0x00000000de780000,0x00000000de780000)
  from space 4608K, 99% used [0x00000000de780000,0x00000000debf8020,0x00000000dec00000)
  to   space 8192K, 0% used [0x00000000e2880000,0x00000000e2880000,0x00000000e3080000)
 ParOldGen       total 75776K, used 4138K [0x0000000090c00000, 0x0000000095600000, 0x00000000dae80000)
  object space 75776K, 5% used [0x0000000090c00000,0x000000009100a8e8,0x0000000095600000)
 Metaspace       used 20078K, capacity 20250K, committed 20480K, reserved 1067008K
  class space    used 2628K, capacity 2697K, committed 2816K, reserved 1048576K
Event: 8.294 GC heap after
Heap after GC invocations=6 (full 0):
 PSYoungGen      total 120832K, used 8160K [0x00000000dae80000, 0x00000000e3880000, 0x0000000100000000)
  eden space 112640K, 0% used [0x00000000dae80000,0x00000000dae80000,0x00000000e1c80000)
  from space 8192K, 99% used [0x00000000e2880000,0x00000000e3078080,0x00000000e3080000)
  to   space 12288K, 0% used [0x00000000e1c80000,0x00000000e1c80000,0x00000000e2880000)
 ParOldGen       total 75776K, used 9309K [0x0000000090c00000, 0x0000000095600000, 0x00000000dae80000)
  object space 75776K, 12% used [0x0000000090c00000,0x0000000091517470,0x0000000095600000)
 Metaspace       used 20078K, capacity 20250K, committed 20480K, reserved 1067008K
  class space    used 2628K, capacity 2697K, committed 2816K, reserved 1048576K
}
Event: 102.437 GC heap before
{Heap before GC invocations=7 (full 0):
 PSYoungGen      total 120832K, used 26724K [0x00000000dae80000, 0x00000000e3880000, 0x0000000100000000)
  eden space 112640K, 16% used [0x00000000dae80000,0x00000000dc0a1270,0x00000000e1c80000)
  from space 8192K, 99% used [0x00000000e2880000,0x00000000e3078080,0x00000000e3080000)
  to   space 12288K, 0% used [0x00000000e1c80000,0x00000000e1c80000,0x00000000e2880000)
 ParOldGen       total 75776K, used 9309K [0x0000000090c00000, 0x0000000095600000, 0x00000000dae80000)
  object space 75776K, 12% used [0x0000000090c00000,0x0000000091517470,0x0000000095600000)
 Metaspace       used 20902K, capacity 21120K, committed 21248K, reserved 1067008K
  class space    used 2712K, capacity 2810K, committed 2816K, reserved 1048576K
Event: 102.470 GC heap after
Heap after GC invocations=7 (full 0):
 PSYoungGen      total 124928K, used 6688K [0x00000000dae80000, 0x00000000ea180000, 0x0000000100000000)
  eden space 112640K, 0% used [0x00000000dae80000,0x00000000dae80000,0x00000000e1c80000)
  from space 12288K, 54% used [0x00000000e1c80000,0x00000000e2308080,0x00000000e2880000)
  to   space 11776K, 0% used [0x00000000e9600000,0x00000000e9600000,0x00000000ea180000)
 ParOldGen       total 75776K, used 11317K [0x0000000090c00000, 0x0000000095600000, 0x00000000dae80000)
  object space 75776K, 14% used [0x0000000090c00000,0x000000009170d4c0,0x0000000095600000)
 Metaspace       used 20902K, capacity 21120K, committed 21248K, reserved 1067008K
  class space    used 2712K, capacity 2810K, committed 2816K, reserved 1048576K
}
Event: 102.470 GC heap before
{Heap before GC invocations=8 (full 1):
 PSYoungGen      total 124928K, used 6688K [0x00000000dae80000, 0x00000000ea180000, 0x0000000100000000)
  eden space 112640K, 0% used [0x00000000dae80000,0x00000000dae80000,0x00000000e1c80000)
  from space 12288K, 54% used [0x00000000e1c80000,0x00000000e2308080,0x00000000e2880000)
  to   space 11776K, 0% used [0x00000000e9600000,0x00000000e9600000,0x00000000ea180000)
 ParOldGen       total 75776K, used 11317K [0x0000000090c00000, 0x0000000095600000, 0x00000000dae80000)
  object space 75776K, 14% used [0x0000000090c00000,0x000000009170d4c0,0x0000000095600000)
 Metaspace       used 20902K, capacity 21120K, committed 21248K, reserved 1067008K
  class space    used 2712K, capacity 2810K, committed 2816K, reserved 1048576K

Deoptimization events (10 events):
Event: 53.511 Thread 0x000000001a04f800 Uncommon trap: reason=class_check action=maybe_recompile pc=0x0000000002d20c80 method=java.util.regex.Pattern$7.isSatisfiedBy(I)Z @ 5
Event: 53.511 Thread 0x000000001a04f800 Uncommon trap: reason=class_check action=maybe_recompile pc=0x0000000002d20c80 method=java.util.regex.Pattern$7.isSatisfiedBy(I)Z @ 5
Event: 53.682 Thread 0x000000001a04f800 Uncommon trap: reason=bimorphic action=maybe_recompile pc=0x0000000002d8e380 method=java.net.URL.<init>(Ljava/net/URL;Ljava/lang/String;Ljava/net/URLStreamHandler;)V @ 504
Event: 53.863 Thread 0x000000001a04f800 Uncommon trap: reason=array_check action=maybe_recompile pc=0x0000000002fa9020 method=java.util.AbstractCollection.toArray([Ljava/lang/Object;)[Ljava/lang/Object; @ 119
Event: 53.934 Thread 0x000000001a04f800 Uncommon trap: reason=array_check action=maybe_recompile pc=0x0000000002fa9020 method=java.util.AbstractCollection.toArray([Ljava/lang/Object;)[Ljava/lang/Object; @ 119
Event: 53.947 Thread 0x000000001a04f800 Uncommon trap: reason=array_check action=maybe_recompile pc=0x0000000002fa9020 method=java.util.AbstractCollection.toArray([Ljava/lang/Object;)[Ljava/lang/Object; @ 119
Event: 53.950 Thread 0x000000001a04f800 Uncommon trap: reason=array_check action=maybe_recompile pc=0x0000000002fa9020 method=java.util.AbstractCollection.toArray([Ljava/lang/Object;)[Ljava/lang/Object; @ 119
Event: 57.326 Thread 0x000000001a04f800 Uncommon trap: reason=bimorphic action=maybe_recompile pc=0x0000000002d8e380 method=java.net.URL.<init>(Ljava/net/URL;Ljava/lang/String;Ljava/net/URLStreamHandler;)V @ 504
Event: 102.333 Thread 0x000000001a04f800 Uncommon trap: reason=class_check action=maybe_recompile pc=0x0000000002dfa708 method=java.util.concurrent.ConcurrentHashMap.putVal(Ljava/lang/Object;Ljava/lang/Object;Z)Ljava/lang/Object; @ 192
Event: 102.342 Thread 0x000000001a04f800 Uncommon trap: reason=class_check action=maybe_recompile pc=0x0000000002dfa708 method=java.util.concurrent.ConcurrentHashMap.putVal(Ljava/lang/Object;Ljava/lang/Object;Z)Ljava/lang/Object; @ 192

Internal exceptions (10 events):
Event: 95.205 Thread 0x0000000019bf1800 Exception <a 'java/net/SocketTimeoutException': connect timed out> (0x00000000db139c88) thrown at [D:\re\workspace\8-2-build-windows-amd64-cygwin\jdk8\563\hotspot\src\share\vm\prims\jni.cpp, line 742]
Event: 96.026 Thread 0x0000000019bf1800 Exception <a 'java/net/SocketTimeoutException': connect timed out> (0x00000000db13b040) thrown at [D:\re\workspace\8-2-build-windows-amd64-cygwin\jdk8\563\hotspot\src\share\vm\prims\jni.cpp, line 742]
Event: 96.848 Thread 0x0000000019bf1800 Exception <a 'java/net/SocketTimeoutException': connect timed out> (0x00000000db13c3f8) thrown at [D:\re\workspace\8-2-build-windows-amd64-cygwin\jdk8\563\hotspot\src\share\vm\prims\jni.cpp, line 742]
Event: 97.669 Thread 0x0000000019bf1800 Exception <a 'java/net/SocketTimeoutException': connect timed out> (0x00000000db13d7b0) thrown at [D:\re\workspace\8-2-build-windows-amd64-cygwin\jdk8\563\hotspot\src\share\vm\prims\jni.cpp, line 742]
Event: 98.491 Thread 0x0000000019bf1800 Exception <a 'java/net/SocketTimeoutException': connect timed out> (0x00000000db13eb68) thrown at [D:\re\workspace\8-2-build-windows-amd64-cygwin\jdk8\563\hotspot\src\share\vm\prims\jni.cpp, line 742]
Event: 99.314 Thread 0x0000000019bf1800 Exception <a 'java/net/SocketTimeoutException': connect timed out> (0x00000000db13ff20) thrown at [D:\re\workspace\8-2-build-windows-amd64-cygwin\jdk8\563\hotspot\src\share\vm\prims\jni.cpp, line 742]
Event: 100.134 Thread 0x0000000019bf1800 Exception <a 'java/net/SocketTimeoutException': connect timed out> (0x00000000db1412d8) thrown at [D:\re\workspace\8-2-build-windows-amd64-cygwin\jdk8\563\hotspot\src\share\vm\prims\jni.cpp, line 742]
Event: 100.957 Thread 0x0000000019bf1800 Exception <a 'java/net/SocketTimeoutException': connect timed out> (0x00000000db142690) thrown at [D:\re\workspace\8-2-build-windows-amd64-cygwin\jdk8\563\hotspot\src\share\vm\prims\jni.cpp, line 742]
Event: 101.779 Thread 0x0000000019bf1800 Exception <a 'java/net/SocketTimeoutException': connect timed out> (0x00000000db143a48) thrown at [D:\re\workspace\8-2-build-windows-amd64-cygwin\jdk8\563\hotspot\src\share\vm\prims\jni.cpp, line 742]
Event: 102.327 Thread 0x000000001a04f800 Exception <a 'java/lang/reflect/InvocationTargetException'> (0x00000000dbd141a8) thrown at [D:\re\workspace\8-2-build-windows-amd64-cygwin\jdk8\563\hotspot\src\share\vm\runtime\reflection.cpp, line 1080]

Events (10 events):
Event: 102.333 Executing VM operation: RevokeBias
Event: 102.333 Executing VM operation: RevokeBias done
Event: 102.333 Thread 0x000000001a04f800 DEOPT PACKING pc=0x0000000002dfa708 sp=0x000000001a7be300
Event: 102.333 Thread 0x000000001a04f800 DEOPT UNPACKING pc=0x00000000028fb164 sp=0x000000001a7be288 mode 2
Event: 102.341 Thread 0x000000001a04f800 Uncommon trap: trap_request=0xffffffde fr.pc=0x0000000002dfa708
Event: 102.341 Executing VM operation: RevokeBias
Event: 102.341 Executing VM operation: RevokeBias done
Event: 102.342 Thread 0x000000001a04f800 DEOPT PACKING pc=0x0000000002dfa708 sp=0x000000001a7be300
Event: 102.342 Thread 0x000000001a04f800 DEOPT UNPACKING pc=0x00000000028fb164 sp=0x000000001a7be288 mode 2
Event: 102.437 Executing VM operation: CollectForMetadataAllocation


Dynamic libraries:
0x00007ff636700000 - 0x00007ff636734000 	C:\Program Files\Java\jre8\bin\javaw.exe
0x00007ff9375c0000 - 0x00007ff937781000 	C:\Windows\SYSTEM32\ntdll.dll
0x00007ff937340000 - 0x00007ff9373ed000 	C:\Windows\system32\KERNEL32.DLL
0x00007ff934180000 - 0x00007ff934368000 	C:\Windows\system32\KERNELBASE.dll
0x00007ff936ac0000 - 0x00007ff936b67000 	C:\Windows\system32\ADVAPI32.dll
0x00007ff936a20000 - 0x00007ff936abd000 	C:\Windows\system32\msvcrt.dll
0x00007ff936790000 - 0x00007ff9367eb000 	C:\Windows\system32\sechost.dll
0x00007ff936cf0000 - 0x00007ff936e0d000 	C:\Windows\system32\RPCRT4.dll
0x00007ff936630000 - 0x00007ff936786000 	C:\Windows\system32\USER32.dll
0x00007ff936880000 - 0x00007ff936a07000 	C:\Windows\system32\GDI32.dll
0x00007ff92a670000 - 0x00007ff92a8e4000 	C:\Windows\WinSxS\amd64_microsoft.windows.common-controls_6595b64144ccf1df_6.0.10586.839_none_a2ddba30a539a2ae\COMCTL32.dll
0x00007ff936080000 - 0x00007ff9362fe000 	C:\Windows\system32\combase.dll
0x00007ff933e40000 - 0x00007ff933eaa000 	C:\Windows\system32\bcryptPrimitives.dll
0x00007ff9372a0000 - 0x00007ff9372db000 	C:\Windows\system32\IMM32.DLL
0x0000000061ea0000 - 0x0000000061f72000 	C:\Program Files\Java\jre8\bin\msvcr100.dll
0x0000000061680000 - 0x0000000061e99000 	C:\Program Files\Java\jre8\bin\server\jvm.dll
0x00007ff9375b0000 - 0x00007ff9375b8000 	C:\Windows\system32\PSAPI.DLL
0x00007ff92e100000 - 0x00007ff92e109000 	C:\Windows\SYSTEM32\WSOCK32.dll
0x00007ff931f20000 - 0x00007ff931f43000 	C:\Windows\SYSTEM32\WINMM.dll
0x00007ff936c80000 - 0x00007ff936ceb000 	C:\Windows\system32\WS2_32.dll
0x0000000002610000 - 0x000000000263c000 	C:\Windows\SYSTEM32\WINMMBASE.dll
0x00007ff934000000 - 0x00007ff934043000 	C:\Windows\system32\cfgmgr32.dll
0x0000000061670000 - 0x000000006167f000 	C:\Program Files\Java\jre8\bin\verify.dll
0x0000000061640000 - 0x0000000061668000 	C:\Program Files\Java\jre8\bin\java.dll
0x0000000061620000 - 0x0000000061636000 	C:\Program Files\Java\jre8\bin\zip.dll
0x00007ff9349c0000 - 0x00007ff935f1c000 	C:\Windows\system32\SHELL32.dll
0x00007ff934370000 - 0x00007ff9349b5000 	C:\Windows\system32\windows.storage.dll
0x00007ff9372e0000 - 0x00007ff937332000 	C:\Windows\system32\shlwapi.dll
0x00007ff933bf0000 - 0x00007ff933bff000 	C:\Windows\system32\kernel.appcore.dll
0x00007ff933eb0000 - 0x00007ff933f65000 	C:\Windows\system32\shcore.dll
0x00007ff933c00000 - 0x00007ff933c4b000 	C:\Windows\system32\powrprof.dll
0x00007ff933c50000 - 0x00007ff933c64000 	C:\Windows\system32\profapi.dll
0x0000000061600000 - 0x0000000061619000 	C:\Program Files\Java\jre8\bin\net.dll
0x00007ff933510000 - 0x00007ff93356c000 	C:\Windows\system32\mswsock.dll
0x00007ff932710000 - 0x00007ff9327ba000 	C:\Windows\SYSTEM32\DNSAPI.dll
0x00007ff936a10000 - 0x00007ff936a18000 	C:\Windows\system32\NSI.dll
0x00007ff92b490000 - 0x00007ff92b49a000 	C:\Windows\System32\rasadhlp.dll
0x00007ff92e440000 - 0x00007ff92e4a7000 	C:\Windows\System32\fwpuclnt.dll
0x00007ff933a70000 - 0x00007ff933a99000 	C:\Windows\SYSTEM32\bcrypt.dll
0x00007ff9335c0000 - 0x00007ff9335d7000 	C:\Windows\SYSTEM32\CRYPTSP.dll
0x00007ff933250000 - 0x00007ff933284000 	C:\Windows\system32\rsaenh.dll
0x00007ff9333a0000 - 0x00007ff9333bf000 	C:\Windows\SYSTEM32\USERENV.dll
0x00007ff9336e0000 - 0x00007ff9336eb000 	C:\Windows\SYSTEM32\CRYPTBASE.dll
0x00007ff91e670000 - 0x00007ff91e686000 	C:\Windows\system32\napinsp.dll
0x00007ff91e690000 - 0x00007ff91e6aa000 	C:\Windows\system32\pnrpnsp.dll
0x00007ff9316a0000 - 0x00007ff9316b8000 	C:\Windows\system32\NLAapi.dll
0x00007ff91e6b0000 - 0x00007ff91e6bd000 	C:\Windows\System32\winrnr.dll
0x00007ff91e6c0000 - 0x00007ff91e6d5000 	C:\Windows\System32\wshbth.dll
0x00007ff92fb20000 - 0x00007ff92fb58000 	C:\Windows\SYSTEM32\IPHLPAPI.DLL
0x00000000615e0000 - 0x00000000615f1000 	C:\Program Files\Java\jre8\bin\nio.dll
0x00000000615b0000 - 0x00000000615d4000 	C:\Program Files\Java\jre8\bin\sunec.dll
0x0000000062120000 - 0x000000006212b000 	C:\Program Files\Java\jre8\bin\sunmscapi.dll
0x00007ff933c70000 - 0x00007ff933e38000 	C:\Windows\system32\CRYPT32.dll
0x00007ff933be0000 - 0x00007ff933bf0000 	C:\Windows\system32\MSASN1.dll
0x00007ff911ce0000 - 0x00007ff911e6c000 	C:\Windows\SYSTEM32\dbghelp.dll

VM Arguments:
jvm_args: -ea -Dfile.encoding=Cp1252 
java_command: org.testng.remote.RemoteTestNG -serport 58371 -protocol json -d E:\New Projects\eSign\test-output E:\New Projects\eSign\Build\Package.xml
java_class_path (initial): E:\Softwares\eclipse\configuration\org.eclipse.osgi\935\0\.cp\lib\testng-remote.jar;E:\New Projects\eSign\target\test-classes;E:\New Projects\eSign\target\classes;C:\Users\admin\.m2\repository\org\testng\testng\6.14.2\testng-6.14.2.jar;C:\Users\admin\.m2\repository\com\beust\jcommander\1.72\jcommander-1.72.jar;C:\Users\admin\.m2\repository\org\apache-extras\beanshell\bsh\2.0b6\bsh-2.0b6.jar;C:\Users\admin\.m2\repository\org\seleniumhq\selenium\selenium-java\3.13.0\selenium-java-3.13.0.jar;C:\Users\admin\.m2\repository\org\seleniumhq\selenium\selenium-edge-driver\3.13.0\selenium-edge-driver-3.13.0.jar;C:\Users\admin\.m2\repository\org\seleniumhq\selenium\selenium-ie-driver\3.13.0\selenium-ie-driver-3.13.0.jar;C:\Users\admin\.m2\repository\org\seleniumhq\selenium\selenium-opera-driver\3.13.0\selenium-opera-driver-3.13.0.jar;C:\Users\admin\.m2\repository\org\seleniumhq\selenium\selenium-safari-driver\3.13.0\selenium-safari-driver-3.13.0.jar;C:\Users\admin\.m2\repository\org\seleniumhq\selenium\selenium-support\3.13.0\selenium-support-3.13.0.jar;C:\Users\admin\.m2\repository\net\bytebuddy\byte-buddy\1.8.3\byte-buddy-1.8.3.jar;C:\Users\admin\.m2\repository\org\apache\commons\commons-exec\1.3\commons-exec-1.3.jar;C:\Users\admin\.m2\repository\commons-codec\commons-codec\1.10\commons-codec-1.10.jar;C:\Users\admin\.m2\repository\commons-logging\commons-logging\1.2\commons-logging-1.2.jar;C:\Users\admin\.m2\repository\com\google\code\gson\gson\2.8.4\gson-2.8.4.jar;C:\Users\admin\.m2\repository\com\google\guava\guava\25.0-jre\guava-25.0-jre.jar;C:\Users\admin\.m2\repository\com\google\code\findbugs\jsr305\1.3.9\jsr305-1.3.9.jar;C:\Users\admin\.m2\repository\org\checkerframework\checker-compat-qual\2.0.0\checker-compat-qual-2.0.0.jar;C:\Users\admin\.m2\repository\com\google\errorprone\error_prone_annotations\2.1.3\error_prone_annotations-2.1.3.jar;C:\Users\admin\.m2\repository\com\google\j2objc\j2objc-annotations\1.1\j2objc-annotations-1.1.jar;C:\U
Launcher Type: SUN_STANDARD

Environment Variables:
JAVA_HOME=C:\Program Files\Java\jdk1.8.0
PATH=C:\Windows\system32;C:\Windows;C:\Windows\System32\Wbem;C:\Windows\System32\WindowsPowerShell\v1.0\;C:\Program Files (x86)\Skype\Phone\;E:\Backup Folder\Chirag Backup\Software\apache-maven-3.5.2-bin\apache-maven-3.5.2\bin;C:\Program Files\Java\jdk1.8.0\bin
USERNAME=admin
OS=Windows_NT
PROCESSOR_IDENTIFIER=AMD64 Family 21 Model 48 Stepping 1, AuthenticAMD



---------------  S Y S T E M  ---------------

OS: Windows 8.1 , 64 bit Build 9600 

CPU:total 4 (4 cores per cpu, 1 threads per core) family 21 model 48 stepping 1, cmov, cx8, fxsr, mmx, sse, sse2, sse3, ssse3, sse4.1, sse4.2, popcnt, avx, aes, clmul, mmxext, 3dnowpref, lzcnt, sse4a, tsc, tscinvbit

Memory: 4k page, physical 7284048k(2506932k free), swap 11085136k(3289084k free)

vm_info: Java HotSpot(TM) 64-Bit Server VM (25.0-b55) for windows-amd64 JRE (1.8.0-ea-b113), built on Oct 24 2013 10:27:42 by "java_re" with MS VC++ 10.0 (VS2010)

time: Tue Sep 25 14:43:40 2018
elapsed time: 102 seconds

