#
# A fatal error has been detected by the Java Runtime Environment:
#
#  EXCEPTION_ACCESS_VIOLATION (0xc0000005) at pc=0x00000000751da1b8, pid=2848, tid=6196
#
# JRE version: Java(TM) SE Runtime Environment (8.0-b113) (build 1.8.0-ea-b113)
# Java VM: Java HotSpot(TM) 64-Bit Server VM (25.0-b55 mixed mode windows-amd64 compressed oops)
# Problematic frame:
# V  [jvm.dll+0x3ca1b8]
#
# Failed to write core dump. Minidumps are not enabled by default on client versions of Windows
#
# If you would like to submit a bug report, please visit:
#   http://bugreport.sun.com/bugreport/crash.jsp
#

---------------  T H R E A D  ---------------

Current thread (0x0000000016576000):  VMThread [stack: 0x0000000017600000,0x0000000017700000] [id=6196]

siginfo: ExceptionCode=0xc0000005, reading address 0xffffffffffffffff

Registers:
RAX=0x00000000120f0000, RBX=0x00000000196dc560, RCX=0x0000000000000000, RDX=0x007fffffffb7a000
RSP=0x00000000176febf8, RBP=0x00000000755759f0, RSI=0x0000000000000001, RDI=0x0000000000000002
R8 =0x0000000000000000, R9 =0x0000000000000004, R10=0x00000000000001fe, R11=0x00000000196dc550
R12=0x0000000000000000, R13=0x00000000755759f0, R14=0x000000007540f858, R15=0x0000000075575960
RIP=0x00000000751da1b8, EFLAGS=0x0000000000010246

Top of Stack: (sp=0x00000000176febf8)
0x00000000176febf8:   0000000074f2a298 00000000755759f0
0x00000000176fec08:   0000000074e99e4a 0000000000000000
0x00000000176fec18:   00000000176fec99 00000008001f7428
0x00000000176fec28:   0000000074e44a53 00000000755759f0
0x00000000176fec38:   00000000196dc550 0000000000000000
0x00000000176fec48:   0000000000000000 000000001a79fc28
0x00000000176fec58:   0000000074f036dd 00000000196dc550
0x00000000176fec68:   0000000000000000 0000000000000000
0x00000000176fec78:   000000001a79fc28 00000000753c7260
0x00000000176fec88:   0000000000000000 00000008001f7428
0x00000000176fec98:   0000000074f219a2 00000008001f7028
0x00000000176feca8:   00000000176fed18 00000000755759f0
0x00000000176fecb8:   0000000074e6ad8d 00000000753c7260
0x00000000176fecc8:   00000000000001fe ffffffffffffff00
0x00000000176fecd8:   0000000000000004 00000000000000ff
0x00000000176fece8:   0000000000000000 0000000000000000 

Instructions: (pc=0x00000000751da1b8)
0x00000000751da198:   0d 6b e4 38 00 48 c1 ea 03 48 d3 ea 0f b6 c2 48
0x00000000751da1a8:   c1 ea 06 24 3f 44 0f b6 c0 48 8b 05 48 8a 3d 00
0x00000000751da1b8:   48 8b 0c d0 4c 0f a3 c1 0f 92 c0 c3 cc cc cc cc
0x00000000751da1c8:   cc cc cc cc cc cc cc cc 48 89 5c 24 08 57 48 81 


Register to memory mapping:

RAX=0x00000000120f0000 is an unknown value
RBX=0x00000000196dc560 is an unknown value
RCX=0x0000000000000000 is an unknown value
RDX=0x007fffffffb7a000 is an unknown value
RSP=0x00000000176febf8 is an unknown value
RBP=0x00000000755759f0 is an unknown value
RSI=0x0000000000000001 is an unknown value
RDI=0x0000000000000002 is an unknown value
R8 =0x0000000000000000 is an unknown value
R9 =0x0000000000000004 is an unknown value
R10=0x00000000000001fe is an unknown value
R11=0x00000000196dc550 is an unknown value
R12=0x0000000000000000 is an unknown value
R13=0x00000000755759f0 is an unknown value
R14=0x000000007540f858 is an unknown value
R15=0x0000000075575960 is an unknown value


Stack: [0x0000000017600000,0x0000000017700000],  sp=0x00000000176febf8,  free space=1018k
Native frames: (J=compiled Java code, j=interpreted, Vv=VM code, C=native code)
V  [jvm.dll+0x3ca1b8]

VM_Operation (0x000000001923c1a0): CollectForMetadataAllocation, mode: safepoint, requested by thread 0x0000000018679000


---------------  P R O C E S S  ---------------

Java Threads: ( => current thread )
  0x000000001978d800 JavaThread "Okio Watchdog" daemon [_thread_blocked, id=8892, stack(0x000000001b110000,0x000000001b210000)]
  0x000000001978d000 JavaThread "OkHttp ConnectionPool" daemon [_thread_blocked, id=6656, stack(0x000000001b010000,0x000000001b110000)]
  0x0000000019dd5800 JavaThread "ForkJoinPool.commonPool-worker-3" daemon [_thread_blocked, id=4280, stack(0x000000001af10000,0x000000001b010000)]
  0x0000000019df6000 JavaThread "Exec Stream Pumper" daemon [_thread_in_native, id=1776, stack(0x000000001ac10000,0x000000001ad10000)]
  0x0000000019df5800 JavaThread "Exec Stream Pumper" daemon [_thread_in_native, id=5992, stack(0x000000001ab10000,0x000000001ac10000)]
  0x0000000019df4000 JavaThread "Exec Default Executor" daemon [_thread_in_native, id=5884, stack(0x000000001aa10000,0x000000001ab10000)]
  0x0000000018679000 JavaThread "Forwarding newSession on session null to remote" [_thread_blocked, id=9108, stack(0x0000000019140000,0x0000000019240000)]
  0x000000001829a000 JavaThread "ReaderThread" [_thread_in_native, id=3400, stack(0x0000000019040000,0x0000000019140000)]
  0x0000000016600000 JavaThread "Service Thread" daemon [_thread_blocked, id=3396, stack(0x0000000017e00000,0x0000000017f00000)]
  0x00000000165fc800 JavaThread "C1 CompilerThread2" daemon [_thread_blocked, id=4288, stack(0x0000000017d00000,0x0000000017e00000)]
  0x00000000165fb800 JavaThread "C2 CompilerThread1" daemon [_thread_blocked, id=4320, stack(0x0000000017c00000,0x0000000017d00000)]
  0x00000000165a6800 JavaThread "C2 CompilerThread0" daemon [_thread_blocked, id=1156, stack(0x0000000017b00000,0x0000000017c00000)]
  0x00000000165a5000 JavaThread "Attach Listener" daemon [_thread_blocked, id=7928, stack(0x0000000017a00000,0x0000000017b00000)]
  0x00000000165a4000 JavaThread "Signal Dispatcher" daemon [_thread_blocked, id=4616, stack(0x0000000017900000,0x0000000017a00000)]
  0x0000000002349000 JavaThread "Finalizer" daemon [_thread_blocked, id=3888, stack(0x0000000017800000,0x0000000017900000)]
  0x0000000002342000 JavaThread "Reference Handler" daemon [_thread_blocked, id=2884, stack(0x0000000017700000,0x0000000017800000)]
  0x0000000002253800 JavaThread "main" [_thread_blocked, id=7700, stack(0x0000000002120000,0x0000000002220000)]

Other Threads:
=>0x0000000016576000 VMThread [stack: 0x0000000017600000,0x0000000017700000] [id=6196]
  0x0000000017f20800 WatcherThread [stack: 0x0000000018300000,0x0000000018400000] [id=7148]

VM state:at safepoint (normal execution)

VM Mutex/Monitor currently owned by a thread:  ([mutex/lock_event])
[0x0000000002250650] Threads_lock - owner thread: 0x0000000016576000
[0x0000000002250a50] Heap_lock - owner thread: 0x0000000018679000

Heap:
 PSYoungGen      total 62976K, used 4599K [0x00000000dae80000, 0x00000000df080000, 0x0000000100000000)
  eden space 58368K, 0% used [0x00000000dae80000,0x00000000dae80000,0x00000000de780000)
  from space 4608K, 99% used [0x00000000dec00000,0x00000000df07dd00,0x00000000df080000)
  to   space 4608K, 0% used [0x00000000de780000,0x00000000de780000,0x00000000dec00000)
 ParOldGen       total 75776K, used 9561K [0x0000000090c00000, 0x0000000095600000, 0x00000000dae80000)
  object space 75776K, 12% used [0x0000000090c00000,0x0000000091556428,0x0000000095600000)
 Metaspace       used 20886K, capacity 21134K, committed 21296K, reserved 1067008K
  class space    used 2745K, capacity 2835K, committed 2864K, reserved 1048576K

Card table byte_map: [0x0000000011710000,0x0000000011a90000] byte_map_base: 0x000000001128a000

Marking Bits: (ParMarkBitMap*) 0x00000000755b2bd0
 Begin Bits: [0x00000000120f0000, 0x0000000013cc0000)
 End Bits:   [0x0000000013cc0000, 0x0000000015890000)

Polling page: 0x00000000004e0000

CodeCache: size=245760Kb used=5574Kb max_used=5586Kb free=240185Kb
 bounds [0x0000000002350000, 0x00000000028d0000, 0x0000000011350000]
 total_blobs=2104 nmethods=1679 adapters=340
 compilation: enabled

Compilation events (10 events):
Event: 4.138 Thread 0x00000000165fc800 nmethod 1830 0x00000000028c2b50 code [0x00000000028c2ca0, 0x00000000028c2e10]
Event: 4.141 Thread 0x00000000165fc800 1832       3       java.util.stream.StreamOpFlag::combineOpFlags (9 bytes)
Event: 4.142 Thread 0x00000000165fc800 nmethod 1832 0x00000000028c2e90 code [0x00000000028c3000, 0x00000000028c3230]
Event: 4.142 Thread 0x00000000165fc800 1834       3       java.lang.invoke.LambdaForm$LFI/66908354::interpret_L (21 bytes)
Event: 4.142 Thread 0x00000000165fc800 nmethod 1834 0x00000000028c32d0 code [0x00000000028c3460, 0x00000000028c3948]
Event: 4.142 Thread 0x00000000165fc800 1833       3       java.util.stream.StreamOpFlag::getMask (30 bytes)
Event: 4.143 Thread 0x00000000165fc800 nmethod 1833 0x00000000028c4fd0 code [0x00000000028c5120, 0x00000000028c52f0]
Event: 4.143 Thread 0x00000000165fb800 nmethod 1826 0x00000000028c7310 code [0x00000000028c7480, 0x00000000028c7d48]
Event: 4.143 Thread 0x00000000165fb800 1831       4       jdk.internal.org.objectweb.asm.ClassWriter::newUTF8 (70 bytes)
Event: 4.145 Thread 0x00000000165a6800 nmethod 1828 0x00000000028c8250 code [0x00000000028c83a0, 0x00000000028c8738]

GC Heap History (9 events):
Event: 1.609 GC heap before
{Heap before GC invocations=1 (full 0):
 PSYoungGen      total 33792K, used 29184K [0x00000000dae80000, 0x00000000dd400000, 0x0000000100000000)
  eden space 29184K, 100% used [0x00000000dae80000,0x00000000dcb00000,0x00000000dcb00000)
  from space 4608K, 0% used [0x00000000dcf80000,0x00000000dcf80000,0x00000000dd400000)
  to   space 4608K, 0% used [0x00000000dcb00000,0x00000000dcb00000,0x00000000dcf80000)
 ParOldGen       total 75776K, used 0K [0x0000000090c00000, 0x0000000095600000, 0x00000000dae80000)
  object space 75776K, 0% used [0x0000000090c00000,0x0000000090c00000,0x0000000095600000)
 Metaspace       used 8943K, capacity 9110K, committed 9344K, reserved 1056768K
  class space    used 1023K, capacity 1075K, committed 1152K, reserved 1048576K
Event: 1.624 GC heap after
Heap after GC invocations=1 (full 0):
 PSYoungGen      total 33792K, used 4588K [0x00000000dae80000, 0x00000000dd400000, 0x0000000100000000)
  eden space 29184K, 0% used [0x00000000dae80000,0x00000000dae80000,0x00000000dcb00000)
  from space 4608K, 99% used [0x00000000dcb00000,0x00000000dcf7b258,0x00000000dcf80000)
  to   space 4608K, 0% used [0x00000000dcf80000,0x00000000dcf80000,0x00000000dd400000)
 ParOldGen       total 75776K, used 506K [0x0000000090c00000, 0x0000000095600000, 0x00000000dae80000)
  object space 75776K, 0% used [0x0000000090c00000,0x0000000090c7e9d0,0x0000000095600000)
 Metaspace       used 8943K, capacity 9110K, committed 9344K, reserved 1056768K
  class space    used 1023K, capacity 1075K, committed 1152K, reserved 1048576K
}
Event: 2.322 GC heap before
{Heap before GC invocations=2 (full 0):
 PSYoungGen      total 33792K, used 33772K [0x00000000dae80000, 0x00000000dd400000, 0x0000000100000000)
  eden space 29184K, 100% used [0x00000000dae80000,0x00000000dcb00000,0x00000000dcb00000)
  from space 4608K, 99% used [0x00000000dcb00000,0x00000000dcf7b258,0x00000000dcf80000)
  to   space 4608K, 0% used [0x00000000dcf80000,0x00000000dcf80000,0x00000000dd400000)
 ParOldGen       total 75776K, used 506K [0x0000000090c00000, 0x0000000095600000, 0x00000000dae80000)
  object space 75776K, 0% used [0x0000000090c00000,0x0000000090c7e9d0,0x0000000095600000)
 Metaspace       used 12967K, capacity 13046K, committed 13184K, reserved 1060864K
  class space    used 1576K, capacity 1619K, committed 1664K, reserved 1048576K
Event: 2.335 GC heap after
Heap after GC invocations=2 (full 0):
 PSYoungGen      total 33792K, used 4577K [0x00000000dae80000, 0x00000000df080000, 0x0000000100000000)
  eden space 29184K, 0% used [0x00000000dae80000,0x00000000dae80000,0x00000000dcb00000)
  from space 4608K, 99% used [0x00000000dcf80000,0x00000000dd3f8540,0x00000000dd400000)
  to   space 4608K, 0% used [0x00000000dcb00000,0x00000000dcb00000,0x00000000dcf80000)
 ParOldGen       total 75776K, used 3114K [0x0000000090c00000, 0x0000000095600000, 0x00000000dae80000)
  object space 75776K, 4% used [0x0000000090c00000,0x0000000090f0a958,0x0000000095600000)
 Metaspace       used 12967K, capacity 13046K, committed 13184K, reserved 1060864K
  class space    used 1576K, capacity 1619K, committed 1664K, reserved 1048576K
}
Event: 3.188 GC heap before
{Heap before GC invocations=3 (full 0):
 PSYoungGen      total 33792K, used 33761K [0x00000000dae80000, 0x00000000df080000, 0x0000000100000000)
  eden space 29184K, 100% used [0x00000000dae80000,0x00000000dcb00000,0x00000000dcb00000)
  from space 4608K, 99% used [0x00000000dcf80000,0x00000000dd3f8540,0x00000000dd400000)
  to   space 4608K, 0% used [0x00000000dcb00000,0x00000000dcb00000,0x00000000dcf80000)
 ParOldGen       total 75776K, used 3114K [0x0000000090c00000, 0x0000000095600000, 0x00000000dae80000)
  object space 75776K, 4% used [0x0000000090c00000,0x0000000090f0a958,0x0000000095600000)
 Metaspace       used 18491K, capacity 18674K, committed 18944K, reserved 1064960K
  class space    used 2376K, capacity 2459K, committed 2560K, reserved 1048576K
Event: 3.204 GC heap after
Heap after GC invocations=3 (full 0):
 PSYoungGen      total 33792K, used 4599K [0x00000000dae80000, 0x00000000df080000, 0x0000000100000000)
  eden space 29184K, 0% used [0x00000000dae80000,0x00000000dae80000,0x00000000dcb00000)
  from space 4608K, 99% used [0x00000000dcb00000,0x00000000dcf7dd00,0x00000000dcf80000)
  to   space 4608K, 0% used [0x00000000dec00000,0x00000000dec00000,0x00000000df080000)
 ParOldGen       total 75776K, used 7448K [0x0000000090c00000, 0x0000000095600000, 0x00000000dae80000)
  object space 75776K, 9% used [0x0000000090c00000,0x00000000913463f8,0x0000000095600000)
 Metaspace       used 18491K, capacity 18674K, committed 18944K, reserved 1064960K
  class space    used 2376K, capacity 2459K, committed 2560K, reserved 1048576K
}
Event: 4.146 GC heap before
{Heap before GC invocations=4 (full 0):
 PSYoungGen      total 33792K, used 18746K [0x00000000dae80000, 0x00000000df080000, 0x0000000100000000)
  eden space 29184K, 48% used [0x00000000dae80000,0x00000000dbc50df0,0x00000000dcb00000)
  from space 4608K, 99% used [0x00000000dcb00000,0x00000000dcf7dd00,0x00000000dcf80000)
  to   space 4608K, 0% used [0x00000000dec00000,0x00000000dec00000,0x00000000df080000)
 ParOldGen       total 75776K, used 7448K [0x0000000090c00000, 0x0000000095600000, 0x00000000dae80000)
  object space 75776K, 9% used [0x0000000090c00000,0x00000000913463f8,0x0000000095600000)
 Metaspace       used 20886K, capacity 21134K, committed 21296K, reserved 1067008K
  class space    used 2745K, capacity 2835K, committed 2864K, reserved 1048576K
Event: 4.161 GC heap after
Heap after GC invocations=4 (full 0):
 PSYoungGen      total 62976K, used 4599K [0x00000000dae80000, 0x00000000df080000, 0x0000000100000000)
  eden space 58368K, 0% used [0x00000000dae80000,0x00000000dae80000,0x00000000de780000)
  from space 4608K, 99% used [0x00000000dec00000,0x00000000df07dd00,0x00000000df080000)
  to   space 4608K, 0% used [0x00000000de780000,0x00000000de780000,0x00000000dec00000)
 ParOldGen       total 75776K, used 9561K [0x0000000090c00000, 0x0000000095600000, 0x00000000dae80000)
  object space 75776K, 12% used [0x0000000090c00000,0x0000000091556428,0x0000000095600000)
 Metaspace       used 20886K, capacity 21134K, committed 21296K, reserved 1067008K
  class space    used 2745K, capacity 2835K, committed 2864K, reserved 1048576K
}
Event: 4.161 GC heap before
{Heap before GC invocations=5 (full 1):
 PSYoungGen      total 62976K, used 4599K [0x00000000dae80000, 0x00000000df080000, 0x0000000100000000)
  eden space 58368K, 0% used [0x00000000dae80000,0x00000000dae80000,0x00000000de780000)
  from space 4608K, 99% used [0x00000000dec00000,0x00000000df07dd00,0x00000000df080000)
  to   space 4608K, 0% used [0x00000000de780000,0x00000000de780000,0x00000000dec00000)
 ParOldGen       total 75776K, used 9561K [0x0000000090c00000, 0x0000000095600000, 0x00000000dae80000)
  object space 75776K, 12% used [0x0000000090c00000,0x0000000091556428,0x0000000095600000)
 Metaspace       used 20886K, capacity 21134K, committed 21296K, reserved 1067008K
  class space    used 2745K, capacity 2835K, committed 2864K, reserved 1048576K

Deoptimization events (10 events):
Event: 3.027 Thread 0x0000000018679000 Uncommon trap: reason=class_check action=maybe_recompile pc=0x000000000257d58c method=java.util.HashSet.add(Ljava/lang/Object;)Z @ 8
Event: 3.781 Thread 0x0000000018679000 Uncommon trap: reason=class_check action=maybe_recompile pc=0x00000000027a7f78 method=org.openqa.selenium.json.Input.init()V @ 18
Event: 3.781 Thread 0x0000000018679000 Uncommon trap: reason=class_check action=maybe_recompile pc=0x00000000027a7f78 method=org.openqa.selenium.json.Input.init()V @ 18
Event: 3.781 Thread 0x0000000018679000 Uncommon trap: reason=class_check action=maybe_recompile pc=0x00000000027a7f78 method=org.openqa.selenium.json.Input.init()V @ 18
Event: 3.781 Thread 0x0000000018679000 Uncommon trap: reason=class_check action=maybe_recompile pc=0x00000000027a7f78 method=org.openqa.selenium.json.Input.init()V @ 18
Event: 3.781 Thread 0x0000000018679000 Uncommon trap: reason=class_check action=maybe_recompile pc=0x00000000027a958c method=org.openqa.selenium.json.Input.init()V @ 18
Event: 4.057 Thread 0x0000000018679000 Uncommon trap: reason=class_check action=maybe_recompile pc=0x00000000026db4d0 method=java.io.FilterInputStream.read([BII)I @ 7
Event: 4.057 Thread 0x0000000018679000 Uncommon trap: reason=class_check action=maybe_recompile pc=0x00000000026db4d0 method=java.io.FilterInputStream.read([BII)I @ 7
Event: 4.057 Thread 0x0000000018679000 Uncommon trap: reason=class_check action=maybe_recompile pc=0x00000000026db4d0 method=java.io.FilterInputStream.read([BII)I @ 7
Event: 4.061 Thread 0x0000000018679000 Uncommon trap: reason=class_check action=maybe_recompile pc=0x00000000026db4d0 method=java.io.FilterInputStream.read([BII)I @ 7

Internal exceptions (10 events):
Event: 4.130 Thread 0x0000000018679000 Exception <a 'java/security/PrivilegedActionException'> (0x00000000dbb8c590) thrown at [D:\re\workspace\8-2-build-windows-amd64-cygwin\jdk8\563\hotspot\src\share\vm\prims\jvm.cpp, line 1248]
Event: 4.132 Thread 0x0000000018679000 Exception <a 'java/security/PrivilegedActionException'> (0x00000000dbb98370) thrown at [D:\re\workspace\8-2-build-windows-amd64-cygwin\jdk8\563\hotspot\src\share\vm\prims\jvm.cpp, line 1248]
Event: 4.132 Thread 0x0000000018679000 Exception <a 'java/security/PrivilegedActionException'> (0x00000000dbb9f3a8) thrown at [D:\re\workspace\8-2-build-windows-amd64-cygwin\jdk8\563\hotspot\src\share\vm\prims\jvm.cpp, line 1248]
Event: 4.133 Thread 0x0000000018679000 Exception <a 'java/security/PrivilegedActionException'> (0x00000000dbba6980) thrown at [D:\re\workspace\8-2-build-windows-amd64-cygwin\jdk8\563\hotspot\src\share\vm\prims\jvm.cpp, line 1248]
Event: 4.137 Thread 0x0000000018679000 Exception <a 'java/security/PrivilegedActionException'> (0x00000000dbbf1a60) thrown at [D:\re\workspace\8-2-build-windows-amd64-cygwin\jdk8\563\hotspot\src\share\vm\prims\jvm.cpp, line 1248]
Event: 4.139 Thread 0x0000000018679000 Exception <a 'java/security/PrivilegedActionException'> (0x00000000dbbf82a8) thrown at [D:\re\workspace\8-2-build-windows-amd64-cygwin\jdk8\563\hotspot\src\share\vm\prims\jvm.cpp, line 1248]
Event: 4.140 Thread 0x0000000018679000 Exception <a 'java/security/PrivilegedActionException'> (0x00000000dbbfdbe8) thrown at [D:\re\workspace\8-2-build-windows-amd64-cygwin\jdk8\563\hotspot\src\share\vm\prims\jvm.cpp, line 1248]
Event: 4.142 Thread 0x0000000018679000 Exception <a 'java/security/PrivilegedActionException'> (0x00000000dbc060a8) thrown at [D:\re\workspace\8-2-build-windows-amd64-cygwin\jdk8\563\hotspot\src\share\vm\prims\jvm.cpp, line 1248]
Event: 4.143 Thread 0x0000000018679000 Exception <a 'java/security/PrivilegedActionException'> (0x00000000dbc101b0) thrown at [D:\re\workspace\8-2-build-windows-amd64-cygwin\jdk8\563\hotspot\src\share\vm\prims\jvm.cpp, line 1248]
Event: 4.144 Thread 0x0000000018679000 Exception <a 'java/security/PrivilegedActionException'> (0x00000000dbc1c778) thrown at [D:\re\workspace\8-2-build-windows-amd64-cygwin\jdk8\563\hotspot\src\share\vm\prims\jvm.cpp, line 1248]

Events (10 events):
Event: 4.143 loading class org/openqa/selenium/remote/JsonWireProtocolResponse done
Event: 4.144 loading class org/openqa/selenium/remote/HandshakeResponse
Event: 4.144 loading class org/openqa/selenium/remote/HandshakeResponse done
Event: 4.145 loading class org/openqa/selenium/remote/InitialHandshakeResponse
Event: 4.145 loading class org/openqa/selenium/remote/InitialHandshakeResponse done
Event: 4.145 loading class org/openqa/selenium/remote/InitialHandshakeResponse
Event: 4.145 loading class org/openqa/selenium/remote/InitialHandshakeResponse done
Event: 4.146 loading class org/openqa/selenium/remote/InitialHandshakeResponse
Event: 4.146 loading class org/openqa/selenium/remote/InitialHandshakeResponse done
Event: 4.146 Executing VM operation: CollectForMetadataAllocation


Dynamic libraries:
0x00007ff663e00000 - 0x00007ff663e34000 	C:\Program Files\Java\jdk1.8.0\bin\javaw.exe
0x00007ff93d370000 - 0x00007ff93d531000 	C:\Windows\SYSTEM32\ntdll.dll
0x00007ff93af60000 - 0x00007ff93b00d000 	C:\Windows\system32\KERNEL32.DLL
0x00007ff939f30000 - 0x00007ff93a118000 	C:\Windows\system32\KERNELBASE.dll
0x00007ff93a930000 - 0x00007ff93a9d7000 	C:\Windows\system32\ADVAPI32.dll
0x00007ff93d270000 - 0x00007ff93d30d000 	C:\Windows\system32\msvcrt.dll
0x00007ff93d310000 - 0x00007ff93d36b000 	C:\Windows\system32\sechost.dll
0x00007ff93b880000 - 0x00007ff93b99c000 	C:\Windows\system32\RPCRT4.dll
0x00007ff93ac60000 - 0x00007ff93adb6000 	C:\Windows\system32\USER32.dll
0x00007ff93b6e0000 - 0x00007ff93b866000 	C:\Windows\system32\GDI32.dll
0x00007ff92b450000 - 0x00007ff92b6c4000 	C:\Windows\WinSxS\amd64_microsoft.windows.common-controls_6595b64144ccf1df_6.0.10586.0_none_8c15ae12515e1c22\COMCTL32.dll
0x00007ff93a9e0000 - 0x00007ff93ac5d000 	C:\Windows\system32\combase.dll
0x00007ff939a70000 - 0x00007ff939ada000 	C:\Windows\system32\bcryptPrimitives.dll
0x00007ff93adc0000 - 0x00007ff93adfb000 	C:\Windows\system32\IMM32.DLL
0x0000000075630000 - 0x0000000075702000 	C:\Program Files\Java\jdk1.8.0\jre\bin\msvcr100.dll
0x0000000074e10000 - 0x0000000075629000 	C:\Program Files\Java\jdk1.8.0\jre\bin\server\jvm.dll
0x00007ff93b870000 - 0x00007ff93b878000 	C:\Windows\system32\PSAPI.DLL
0x00007ff932300000 - 0x00007ff932309000 	C:\Windows\SYSTEM32\WSOCK32.dll
0x00007ff93b0e0000 - 0x00007ff93b14b000 	C:\Windows\system32\WS2_32.dll
0x00007ff937cd0000 - 0x00007ff937cf3000 	C:\Windows\SYSTEM32\WINMM.dll
0x00007ff937bb0000 - 0x00007ff937bdc000 	C:\Windows\SYSTEM32\WINMMBASE.dll
0x00007ff939a20000 - 0x00007ff939a63000 	C:\Windows\system32\cfgmgr32.dll
0x0000000050000000 - 0x000000005000f000 	C:\Program Files\Java\jdk1.8.0\jre\bin\verify.dll
0x0000000074de0000 - 0x0000000074e08000 	C:\Program Files\Java\jdk1.8.0\jre\bin\java.dll
0x0000000074dc0000 - 0x0000000074dd6000 	C:\Program Files\Java\jdk1.8.0\jre\bin\zip.dll
0x00007ff93bc00000 - 0x00007ff93d15f000 	C:\Windows\system32\SHELL32.dll
0x00007ff93a120000 - 0x00007ff93a764000 	C:\Windows\system32\windows.storage.dll
0x00007ff93bad0000 - 0x00007ff93bb22000 	C:\Windows\system32\shlwapi.dll
0x00007ff939a10000 - 0x00007ff939a1f000 	C:\Windows\system32\kernel.appcore.dll
0x00007ff939e50000 - 0x00007ff939f05000 	C:\Windows\system32\shcore.dll
0x00007ff9399c0000 - 0x00007ff939a0b000 	C:\Windows\system32\powrprof.dll
0x00007ff9399a0000 - 0x00007ff9399b4000 	C:\Windows\system32\profapi.dll
0x0000000074da0000 - 0x0000000074db9000 	C:\Program Files\Java\jdk1.8.0\jre\bin\net.dll
0x00007ff939260000 - 0x00007ff9392bc000 	C:\Windows\system32\mswsock.dll
0x00007ff9383b0000 - 0x00007ff93845a000 	C:\Windows\SYSTEM32\DNSAPI.dll
0x00007ff93a920000 - 0x00007ff93a928000 	C:\Windows\system32\NSI.dll
0x00007ff92f0b0000 - 0x00007ff92f0ba000 	C:\Windows\System32\rasadhlp.dll
0x00007ff934e30000 - 0x00007ff934e97000 	C:\Windows\System32\fwpuclnt.dll
0x00007ff9398c0000 - 0x00007ff9398e9000 	C:\Windows\SYSTEM32\bcrypt.dll
0x00007ff939310000 - 0x00007ff939327000 	C:\Windows\SYSTEM32\CRYPTSP.dll
0x00007ff938fa0000 - 0x00007ff938fd4000 	C:\Windows\system32\rsaenh.dll
0x00007ff9390f0000 - 0x00007ff93910f000 	C:\Windows\SYSTEM32\USERENV.dll
0x00007ff9398b0000 - 0x00007ff9398bb000 	C:\Windows\SYSTEM32\CRYPTBASE.dll
0x00007ff921ff0000 - 0x00007ff922006000 	C:\Windows\system32\napinsp.dll
0x00007ff922010000 - 0x00007ff92202a000 	C:\Windows\system32\pnrpnsp.dll
0x00007ff9372f0000 - 0x00007ff937308000 	C:\Windows\system32\NLAapi.dll
0x00007ff929e60000 - 0x00007ff929e6d000 	C:\Windows\System32\winrnr.dll
0x00007ff932050000 - 0x00007ff932065000 	C:\Windows\System32\wshbth.dll
0x00007ff934c90000 - 0x00007ff934cc8000 	C:\Windows\SYSTEM32\IPHLPAPI.DLL
0x0000000074d80000 - 0x0000000074d91000 	C:\Program Files\Java\jdk1.8.0\jre\bin\nio.dll
0x0000000074d50000 - 0x0000000074d74000 	C:\Program Files\Java\jdk1.8.0\jre\bin\sunec.dll
0x0000000074d40000 - 0x0000000074d4b000 	C:\Program Files\Java\jdk1.8.0\jre\bin\sunmscapi.dll
0x00007ff939c80000 - 0x00007ff939e47000 	C:\Windows\system32\CRYPT32.dll
0x00007ff939990000 - 0x00007ff9399a0000 	C:\Windows\system32\MSASN1.dll
0x00007ff9357f0000 - 0x00007ff935806000 	C:\Windows\SYSTEM32\dhcpcsvc6.DLL
0x00007ff935a70000 - 0x00007ff935a8a000 	C:\Windows\SYSTEM32\dhcpcsvc.DLL
0x00007ff91f400000 - 0x00007ff91f58c000 	C:\Windows\SYSTEM32\dbghelp.dll

VM Arguments:
jvm_args: -ea -Dfile.encoding=Cp1252 
java_command: org.testng.remote.RemoteTestNG -serport 51328 -protocol json -d E:\Project\eSign\test-output E:\Project\eSign\Build\Package.xml
java_class_path (initial): E:\Softwares\eclipse\configuration\org.eclipse.osgi\935\0\.cp\lib\testng-remote.jar;E:\Project\eSign\target\test-classes;E:\Project\eSign\target\classes;C:\Users\admin\.m2\repository\org\testng\testng\6.14.2\testng-6.14.2.jar;C:\Users\admin\.m2\repository\com\beust\jcommander\1.72\jcommander-1.72.jar;C:\Users\admin\.m2\repository\org\apache-extras\beanshell\bsh\2.0b6\bsh-2.0b6.jar;C:\Users\admin\.m2\repository\org\seleniumhq\selenium\selenium-java\3.13.0\selenium-java-3.13.0.jar;C:\Users\admin\.m2\repository\org\seleniumhq\selenium\selenium-edge-driver\3.13.0\selenium-edge-driver-3.13.0.jar;C:\Users\admin\.m2\repository\org\seleniumhq\selenium\selenium-ie-driver\3.13.0\selenium-ie-driver-3.13.0.jar;C:\Users\admin\.m2\repository\org\seleniumhq\selenium\selenium-opera-driver\3.13.0\selenium-opera-driver-3.13.0.jar;C:\Users\admin\.m2\repository\org\seleniumhq\selenium\selenium-safari-driver\3.13.0\selenium-safari-driver-3.13.0.jar;C:\Users\admin\.m2\repository\org\seleniumhq\selenium\selenium-support\3.13.0\selenium-support-3.13.0.jar;C:\Users\admin\.m2\repository\net\bytebuddy\byte-buddy\1.8.3\byte-buddy-1.8.3.jar;C:\Users\admin\.m2\repository\org\apache\commons\commons-exec\1.3\commons-exec-1.3.jar;C:\Users\admin\.m2\repository\commons-codec\commons-codec\1.10\commons-codec-1.10.jar;C:\Users\admin\.m2\repository\commons-logging\commons-logging\1.2\commons-logging-1.2.jar;C:\Users\admin\.m2\repository\com\google\code\gson\gson\2.8.4\gson-2.8.4.jar;C:\Users\admin\.m2\repository\com\google\guava\guava\25.0-jre\guava-25.0-jre.jar;C:\Users\admin\.m2\repository\com\google\code\findbugs\jsr305\1.3.9\jsr305-1.3.9.jar;C:\Users\admin\.m2\repository\org\checkerframework\checker-compat-qual\2.0.0\checker-compat-qual-2.0.0.jar;C:\Users\admin\.m2\repository\com\google\errorprone\error_prone_annotations\2.1.3\error_prone_annotations-2.1.3.jar;C:\Users\admin\.m2\repository\com\google\j2objc\j2objc-annotations\1.1\j2objc-annotations-1.1.jar;C:\Users\admin
Launcher Type: SUN_STANDARD

Environment Variables:
JAVA_HOME=C:\Program Files\Java\jdk1.8.0
PATH=C:\Windows\system32;C:\Windows;C:\Windows\System32\Wbem;C:\Windows\System32\WindowsPowerShell\v1.0\;C:\Program Files (x86)\Skype\Phone\;E:\Backup Folder\Chirag Backup\Software\apache-maven-3.5.2-bin\apache-maven-3.5.2\bin;C:\Program Files\Java\jdk1.8.0\bin
USERNAME=admin
OS=Windows_NT
PROCESSOR_IDENTIFIER=AMD64 Family 21 Model 48 Stepping 1, AuthenticAMD



---------------  S Y S T E M  ---------------

OS: Windows 8.1 , 64 bit Build 9600 

CPU:total 4 (4 cores per cpu, 1 threads per core) family 21 model 48 stepping 1, cmov, cx8, fxsr, mmx, sse, sse2, sse3, ssse3, sse4.1, sse4.2, popcnt, avx, aes, clmul, mmxext, 3dnowpref, lzcnt, sse4a, tsc, tscinvbit

Memory: 4k page, physical 7284048k(2603220k free), swap 9996104k(1590480k free)

vm_info: Java HotSpot(TM) 64-Bit Server VM (25.0-b55) for windows-amd64 JRE (1.8.0-ea-b113), built on Oct 24 2013 10:27:42 by "java_re" with MS VC++ 10.0 (VS2010)

time: Wed Sep 05 15:51:55 2018
elapsed time: 4 seconds

