#
# A fatal error has been detected by the Java Runtime Environment:
#
#  EXCEPTION_ACCESS_VIOLATION (0xc0000005) at pc=0x00000000752ba1b8, pid=2232, tid=5240
#
# JRE version: Java(TM) SE Runtime Environment (8.0-b113) (build 1.8.0-ea-b113)
# Java VM: Java HotSpot(TM) 64-Bit Server VM (25.0-b55 mixed mode windows-amd64 compressed oops)
# Problematic frame:
# V  [jvm.dll+0x3ca1b8]
#
# Failed to write core dump. Minidumps are not enabled by default on client versions of Windows
#
# If you would like to submit a bug report, please visit:
#   http://bugreport.sun.com/bugreport/crash.jsp
#

---------------  T H R E A D  ---------------

Current thread (0x0000000016556000):  VMThread [stack: 0x00000000175f0000,0x00000000176f0000] [id=5240]

siginfo: ExceptionCode=0xc0000005, reading address 0xffffffffffffffff

Registers:
RAX=0x00000000120d0000, RBX=0x00000000197a4330, RCX=0x0000000000000000, RDX=0x007fffffffb7a000
RSP=0x00000000176ef088, RBP=0x00000000756559f0, RSI=0x0000000000000001, RDI=0x0000000000000002
R8 =0x0000000000000000, R9 =0x0000000000000004, R10=0x00000000000001fe, R11=0x00000000197a4320
R12=0x0000000000000000, R13=0x00000000756559f0, R14=0x00000000754ef858, R15=0x0000000075655960
RIP=0x00000000752ba1b8, EFLAGS=0x0000000000010246

Top of Stack: (sp=0x00000000176ef088)
0x00000000176ef088:   000000007500a298 00000000756559f0
0x00000000176ef098:   0000000074f79e8c 0000000000000000
0x00000000176ef0a8:   00000000176ef129 00000008001f7428
0x00000000176ef0b8:   0000000074f24a53 00000000756559f0
0x00000000176ef0c8:   00000000197a4320 0000000000000000
0x00000000176ef0d8:   0000000000000000 000000001a88fc28
0x00000000176ef0e8:   0000000074fe36dd 00000000197a4320
0x00000000176ef0f8:   0000000000000000 0000000000000000
0x00000000176ef108:   000000001a88fc28 00000000754a7260
0x00000000176ef118:   0000000000000000 00000008001f7428
0x00000000176ef128:   00000000750019a2 00000008001f7028
0x00000000176ef138:   00000000176ef1a8 00000000756559f0
0x00000000176ef148:   0000000074f4ad8d 00000000754a7260
0x00000000176ef158:   00000000000001fe ffffffffffffff00
0x00000000176ef168:   0000000000000004 00000000000000ff
0x00000000176ef178:   0000000000000000 0000000000000000 

Instructions: (pc=0x00000000752ba1b8)
0x00000000752ba198:   0d 6b e4 38 00 48 c1 ea 03 48 d3 ea 0f b6 c2 48
0x00000000752ba1a8:   c1 ea 06 24 3f 44 0f b6 c0 48 8b 05 48 8a 3d 00
0x00000000752ba1b8:   48 8b 0c d0 4c 0f a3 c1 0f 92 c0 c3 cc cc cc cc
0x00000000752ba1c8:   cc cc cc cc cc cc cc cc 48 89 5c 24 08 57 48 81 


Register to memory mapping:

RAX=0x00000000120d0000 is an unknown value
RBX=0x00000000197a4330 is an unknown value
RCX=0x0000000000000000 is an unknown value
RDX=0x007fffffffb7a000 is an unknown value
RSP=0x00000000176ef088 is an unknown value
RBP=0x00000000756559f0 is an unknown value
RSI=0x0000000000000001 is an unknown value
RDI=0x0000000000000002 is an unknown value
R8 =0x0000000000000000 is an unknown value
R9 =0x0000000000000004 is an unknown value
R10=0x00000000000001fe is an unknown value
R11=0x00000000197a4320 is an unknown value
R12=0x0000000000000000 is an unknown value
R13=0x00000000756559f0 is an unknown value
R14=0x00000000754ef858 is an unknown value
R15=0x0000000075655960 is an unknown value


Stack: [0x00000000175f0000,0x00000000176f0000],  sp=0x00000000176ef088,  free space=1020k
Native frames: (J=compiled Java code, j=interpreted, Vv=VM code, C=native code)
V  [jvm.dll+0x3ca1b8]

VM_Operation (0x000000001932d300): CollectForMetadataAllocation, mode: safepoint, requested by thread 0x0000000018710000


---------------  P R O C E S S  ---------------

Java Threads: ( => current thread )
  0x0000000019e94000 JavaThread "Okio Watchdog" daemon [_thread_blocked, id=7964, stack(0x000000001b200000,0x000000001b300000)]
  0x000000001979e000 JavaThread "OkHttp ConnectionPool" daemon [_thread_blocked, id=7628, stack(0x000000001b100000,0x000000001b200000)]
  0x0000000019954000 JavaThread "ForkJoinPool.commonPool-worker-3" daemon [_thread_blocked, id=2888, stack(0x000000001b000000,0x000000001b100000)]
  0x0000000018aea800 JavaThread "Exec Stream Pumper" daemon [_thread_in_native, id=288, stack(0x000000001ad00000,0x000000001ae00000)]
  0x0000000018b58800 JavaThread "Exec Stream Pumper" daemon [_thread_in_native, id=7728, stack(0x000000001ac00000,0x000000001ad00000)]
  0x0000000018b55800 JavaThread "Exec Default Executor" daemon [_thread_in_native, id=6208, stack(0x000000001ab00000,0x000000001ac00000)]
  0x0000000018710000 JavaThread "TestNG-tests-1" [_thread_blocked, id=5452, stack(0x0000000019230000,0x0000000019330000)]
  0x00000000185af800 JavaThread "ReaderThread" [_thread_in_native, id=7676, stack(0x0000000019130000,0x0000000019230000)]
  0x0000000017e0a800 JavaThread "Service Thread" daemon [_thread_blocked, id=7064, stack(0x00000000181f0000,0x00000000182f0000)]
  0x000000001658e800 JavaThread "C1 CompilerThread2" daemon [_thread_blocked, id=4460, stack(0x0000000017cf0000,0x0000000017df0000)]
  0x0000000016591000 JavaThread "C2 CompilerThread1" daemon [_thread_blocked, id=5616, stack(0x0000000017bf0000,0x0000000017cf0000)]
  0x0000000016585800 JavaThread "C2 CompilerThread0" daemon [_thread_blocked, id=8612, stack(0x0000000017af0000,0x0000000017bf0000)]
  0x0000000016583800 JavaThread "Attach Listener" daemon [_thread_blocked, id=2012, stack(0x00000000179f0000,0x0000000017af0000)]
  0x0000000016582800 JavaThread "Signal Dispatcher" daemon [_thread_blocked, id=2900, stack(0x00000000178f0000,0x00000000179f0000)]
  0x0000000002327800 JavaThread "Finalizer" daemon [_thread_blocked, id=2960, stack(0x00000000177f0000,0x00000000178f0000)]
  0x0000000002320800 JavaThread "Reference Handler" daemon [_thread_blocked, id=6388, stack(0x00000000176f0000,0x00000000177f0000)]
  0x0000000002233800 JavaThread "main" [_thread_blocked, id=4908, stack(0x0000000002130000,0x0000000002230000)]

Other Threads:
=>0x0000000016556000 VMThread [stack: 0x00000000175f0000,0x00000000176f0000] [id=5240]
  0x0000000017e25000 WatcherThread [stack: 0x00000000182f0000,0x00000000183f0000] [id=232]

VM state:at safepoint (normal execution)

VM Mutex/Monitor currently owned by a thread:  ([mutex/lock_event])
[0x0000000002230c50] Threads_lock - owner thread: 0x0000000016556000
[0x0000000002230e50] Heap_lock - owner thread: 0x0000000018710000

Heap:
 PSYoungGen      total 62976K, used 4579K [0x00000000dae80000, 0x00000000df080000, 0x0000000100000000)
  eden space 58368K, 0% used [0x00000000dae80000,0x00000000dae80000,0x00000000de780000)
  from space 4608K, 99% used [0x00000000dec00000,0x00000000df078f00,0x00000000df080000)
  to   space 4608K, 0% used [0x00000000de780000,0x00000000de780000,0x00000000dec00000)
 ParOldGen       total 75776K, used 9616K [0x0000000090c00000, 0x0000000095600000, 0x00000000dae80000)
  object space 75776K, 12% used [0x0000000090c00000,0x0000000091564358,0x0000000095600000)
 Metaspace       used 20902K, capacity 21134K, committed 21296K, reserved 1067008K
  class space    used 2755K, capacity 2835K, committed 2864K, reserved 1048576K

Card table byte_map: [0x00000000116f0000,0x0000000011a70000] byte_map_base: 0x000000001126a000

Marking Bits: (ParMarkBitMap*) 0x0000000075692bd0
 Begin Bits: [0x00000000120d0000, 0x0000000013ca0000)
 End Bits:   [0x0000000013ca0000, 0x0000000015870000)

Polling page: 0x00000000001f0000

CodeCache: size=245760Kb used=5284Kb max_used=5398Kb free=240475Kb
 bounds [0x0000000002330000, 0x0000000002880000, 0x0000000011330000]
 total_blobs=2057 nmethods=1630 adapters=342
 compilation: enabled

Compilation events (10 events):
Event: 5.883 Thread 0x000000001658e800 nmethod 1843 0x00000000024d3010 code [0x00000000024d38a0, 0x00000000024d7318]
Event: 5.884 Thread 0x000000001658e800 1846       3       java.lang.ProcessEnvironment$NameComparator::compare (90 bytes)
Event: 5.886 Thread 0x0000000016585800 nmethod 1845 0x000000000263b710 code [0x000000000263b860, 0x000000000263be18]
Event: 5.886 Thread 0x000000001658e800 nmethod 1846 0x000000000278a850 code [0x000000000278aa80, 0x000000000278b7f8]
Event: 5.886 Thread 0x000000001658e800 1842       3       sun.invoke.util.VerifyAccess::isClassAccessible (66 bytes)
Event: 5.887 Thread 0x000000001658e800 nmethod 1842 0x00000000025d1010 code [0x00000000025d11e0, 0x00000000025d18c8]
Event: 5.887 Thread 0x000000001658e800 1844       1       java.lang.invoke.MethodHandle::internalForm (5 bytes)
Event: 5.887 Thread 0x000000001658e800 nmethod 1844 0x00000000025b3790 code [0x00000000025b38e0, 0x00000000025b3a30]
Event: 5.888 Thread 0x000000001658e800 1847       3       java.util.ArrayList$SubList::checkForComodification (23 bytes)
Event: 5.889 Thread 0x000000001658e800 nmethod 1847 0x00000000027bc490 code [0x00000000027bc600, 0x00000000027bc888]

GC Heap History (9 events):
Event: 1.603 GC heap before
{Heap before GC invocations=1 (full 0):
 PSYoungGen      total 33792K, used 29184K [0x00000000dae80000, 0x00000000dd400000, 0x0000000100000000)
  eden space 29184K, 100% used [0x00000000dae80000,0x00000000dcb00000,0x00000000dcb00000)
  from space 4608K, 0% used [0x00000000dcf80000,0x00000000dcf80000,0x00000000dd400000)
  to   space 4608K, 0% used [0x00000000dcb00000,0x00000000dcb00000,0x00000000dcf80000)
 ParOldGen       total 75776K, used 0K [0x0000000090c00000, 0x0000000095600000, 0x00000000dae80000)
  object space 75776K, 0% used [0x0000000090c00000,0x0000000090c00000,0x0000000095600000)
 Metaspace       used 9078K, capacity 9238K, committed 9344K, reserved 1056768K
  class space    used 1031K, capacity 1075K, committed 1152K, reserved 1048576K
Event: 1.616 GC heap after
Heap after GC invocations=1 (full 0):
 PSYoungGen      total 33792K, used 4584K [0x00000000dae80000, 0x00000000dd400000, 0x0000000100000000)
  eden space 29184K, 0% used [0x00000000dae80000,0x00000000dae80000,0x00000000dcb00000)
  from space 4608K, 99% used [0x00000000dcb00000,0x00000000dcf7a070,0x00000000dcf80000)
  to   space 4608K, 0% used [0x00000000dcf80000,0x00000000dcf80000,0x00000000dd400000)
 ParOldGen       total 75776K, used 562K [0x0000000090c00000, 0x0000000095600000, 0x00000000dae80000)
  object space 75776K, 0% used [0x0000000090c00000,0x0000000090c8c830,0x0000000095600000)
 Metaspace       used 9078K, capacity 9238K, committed 9344K, reserved 1056768K
  class space    used 1031K, capacity 1075K, committed 1152K, reserved 1048576K
}
Event: 2.426 GC heap before
{Heap before GC invocations=2 (full 0):
 PSYoungGen      total 33792K, used 33768K [0x00000000dae80000, 0x00000000dd400000, 0x0000000100000000)
  eden space 29184K, 100% used [0x00000000dae80000,0x00000000dcb00000,0x00000000dcb00000)
  from space 4608K, 99% used [0x00000000dcb00000,0x00000000dcf7a070,0x00000000dcf80000)
  to   space 4608K, 0% used [0x00000000dcf80000,0x00000000dcf80000,0x00000000dd400000)
 ParOldGen       total 75776K, used 562K [0x0000000090c00000, 0x0000000095600000, 0x00000000dae80000)
  object space 75776K, 0% used [0x0000000090c00000,0x0000000090c8c830,0x0000000095600000)
 Metaspace       used 13011K, capacity 13142K, committed 13184K, reserved 1060864K
  class space    used 1589K, capacity 1651K, committed 1664K, reserved 1048576K
Event: 2.444 GC heap after
Heap after GC invocations=2 (full 0):
 PSYoungGen      total 33792K, used 4597K [0x00000000dae80000, 0x00000000df080000, 0x0000000100000000)
  eden space 29184K, 0% used [0x00000000dae80000,0x00000000dae80000,0x00000000dcb00000)
  from space 4608K, 99% used [0x00000000dcf80000,0x00000000dd3fd6e0,0x00000000dd400000)
  to   space 4608K, 0% used [0x00000000dcb00000,0x00000000dcb00000,0x00000000dcf80000)
 ParOldGen       total 75776K, used 3146K [0x0000000090c00000, 0x0000000095600000, 0x00000000dae80000)
  object space 75776K, 4% used [0x0000000090c00000,0x0000000090f12bf0,0x0000000095600000)
 Metaspace       used 13011K, capacity 13142K, committed 13184K, reserved 1060864K
  class space    used 1589K, capacity 1651K, committed 1664K, reserved 1048576K
}
Event: 4.038 GC heap before
{Heap before GC invocations=3 (full 0):
 PSYoungGen      total 33792K, used 33781K [0x00000000dae80000, 0x00000000df080000, 0x0000000100000000)
  eden space 29184K, 100% used [0x00000000dae80000,0x00000000dcb00000,0x00000000dcb00000)
  from space 4608K, 99% used [0x00000000dcf80000,0x00000000dd3fd6e0,0x00000000dd400000)
  to   space 4608K, 0% used [0x00000000dcb00000,0x00000000dcb00000,0x00000000dcf80000)
 ParOldGen       total 75776K, used 3146K [0x0000000090c00000, 0x0000000095600000, 0x00000000dae80000)
  object space 75776K, 4% used [0x0000000090c00000,0x0000000090f12bf0,0x0000000095600000)
 Metaspace       used 18506K, capacity 18740K, committed 18944K, reserved 1064960K
  class space    used 2377K, capacity 2460K, committed 2560K, reserved 1048576K
Event: 4.071 GC heap after
Heap after GC invocations=3 (full 0):
 PSYoungGen      total 33792K, used 4583K [0x00000000dae80000, 0x00000000df080000, 0x0000000100000000)
  eden space 29184K, 0% used [0x00000000dae80000,0x00000000dae80000,0x00000000dcb00000)
  from space 4608K, 99% used [0x00000000dcb00000,0x00000000dcf79cd0,0x00000000dcf80000)
  to   space 4608K, 0% used [0x00000000dec00000,0x00000000dec00000,0x00000000df080000)
 ParOldGen       total 75776K, used 7499K [0x0000000090c00000, 0x0000000095600000, 0x00000000dae80000)
  object space 75776K, 9% used [0x0000000090c00000,0x0000000091352c20,0x0000000095600000)
 Metaspace       used 18506K, capacity 18740K, committed 18944K, reserved 1064960K
  class space    used 2377K, capacity 2460K, committed 2560K, reserved 1048576K
}
Event: 5.891 GC heap before
{Heap before GC invocations=4 (full 0):
 PSYoungGen      total 33792K, used 18398K [0x00000000dae80000, 0x00000000df080000, 0x0000000100000000)
  eden space 29184K, 47% used [0x00000000dae80000,0x00000000dbbfddb8,0x00000000dcb00000)
  from space 4608K, 99% used [0x00000000dcb00000,0x00000000dcf79cd0,0x00000000dcf80000)
  to   space 4608K, 0% used [0x00000000dec00000,0x00000000dec00000,0x00000000df080000)
 ParOldGen       total 75776K, used 7499K [0x0000000090c00000, 0x0000000095600000, 0x00000000dae80000)
  object space 75776K, 9% used [0x0000000090c00000,0x0000000091352c20,0x0000000095600000)
 Metaspace       used 20902K, capacity 21134K, committed 21296K, reserved 1067008K
  class space    used 2755K, capacity 2835K, committed 2864K, reserved 1048576K
Event: 5.914 GC heap after
Heap after GC invocations=4 (full 0):
 PSYoungGen      total 62976K, used 4579K [0x00000000dae80000, 0x00000000df080000, 0x0000000100000000)
  eden space 58368K, 0% used [0x00000000dae80000,0x00000000dae80000,0x00000000de780000)
  from space 4608K, 99% used [0x00000000dec00000,0x00000000df078f00,0x00000000df080000)
  to   space 4608K, 0% used [0x00000000de780000,0x00000000de780000,0x00000000dec00000)
 ParOldGen       total 75776K, used 9616K [0x0000000090c00000, 0x0000000095600000, 0x00000000dae80000)
  object space 75776K, 12% used [0x0000000090c00000,0x0000000091564358,0x0000000095600000)
 Metaspace       used 20902K, capacity 21134K, committed 21296K, reserved 1067008K
  class space    used 2755K, capacity 2835K, committed 2864K, reserved 1048576K
}
Event: 5.914 GC heap before
{Heap before GC invocations=5 (full 1):
 PSYoungGen      total 62976K, used 4579K [0x00000000dae80000, 0x00000000df080000, 0x0000000100000000)
  eden space 58368K, 0% used [0x00000000dae80000,0x00000000dae80000,0x00000000de780000)
  from space 4608K, 99% used [0x00000000dec00000,0x00000000df078f00,0x00000000df080000)
  to   space 4608K, 0% used [0x00000000de780000,0x00000000de780000,0x00000000dec00000)
 ParOldGen       total 75776K, used 9616K [0x0000000090c00000, 0x0000000095600000, 0x00000000dae80000)
  object space 75776K, 12% used [0x0000000090c00000,0x0000000091564358,0x0000000095600000)
 Metaspace       used 20902K, capacity 21134K, committed 21296K, reserved 1067008K
  class space    used 2755K, capacity 2835K, committed 2864K, reserved 1048576K

Deoptimization events (10 events):
Event: 3.320 Thread 0x0000000018710000 Uncommon trap: reason=class_check action=maybe_recompile pc=0x00000000026b5308 method=java.util.HashSet.add(Ljava/lang/Object;)Z @ 8
Event: 4.193 Thread 0x0000000018710000 Uncommon trap: reason=class_check action=maybe_recompile pc=0x000000000278e6f8 method=org.openqa.selenium.json.Input.init()V @ 18
Event: 4.194 Thread 0x0000000018710000 Uncommon trap: reason=class_check action=maybe_recompile pc=0x0000000002791ccc method=org.openqa.selenium.json.Input.init()V @ 18
Event: 4.194 Thread 0x0000000018710000 Uncommon trap: reason=class_check action=maybe_recompile pc=0x0000000002791ccc method=org.openqa.selenium.json.Input.init()V @ 18
Event: 4.194 Thread 0x0000000018710000 Uncommon trap: reason=class_check action=maybe_recompile pc=0x0000000002791ccc method=org.openqa.selenium.json.Input.init()V @ 18
Event: 4.194 Thread 0x0000000018710000 Uncommon trap: reason=class_check action=maybe_recompile pc=0x000000000278e6f8 method=org.openqa.selenium.json.Input.init()V @ 18
Event: 4.574 Thread 0x0000000018710000 Uncommon trap: reason=class_check action=maybe_recompile pc=0x00000000026c1810 method=java.io.FilterInputStream.read([BII)I @ 7
Event: 4.574 Thread 0x0000000018710000 Uncommon trap: reason=class_check action=maybe_recompile pc=0x00000000026c1810 method=java.io.FilterInputStream.read([BII)I @ 7
Event: 4.574 Thread 0x0000000018710000 Uncommon trap: reason=class_check action=maybe_recompile pc=0x00000000026c1810 method=java.io.FilterInputStream.read([BII)I @ 7
Event: 4.578 Thread 0x0000000018710000 Uncommon trap: reason=class_check action=maybe_recompile pc=0x00000000026c1810 method=java.io.FilterInputStream.read([BII)I @ 7

Internal exceptions (10 events):
Event: 5.855 Thread 0x0000000018710000 Exception <a 'java/security/PrivilegedActionException'> (0x00000000dbb38d40) thrown at [D:\re\workspace\8-2-build-windows-amd64-cygwin\jdk8\563\hotspot\src\share\vm\prims\jvm.cpp, line 1248]
Event: 5.857 Thread 0x0000000018710000 Exception <a 'java/security/PrivilegedActionException'> (0x00000000dbb42e48) thrown at [D:\re\workspace\8-2-build-windows-amd64-cygwin\jdk8\563\hotspot\src\share\vm\prims\jvm.cpp, line 1248]
Event: 5.858 Thread 0x0000000018710000 Exception <a 'java/security/PrivilegedActionException'> (0x00000000dbb4f410) thrown at [D:\re\workspace\8-2-build-windows-amd64-cygwin\jdk8\563\hotspot\src\share\vm\prims\jvm.cpp, line 1248]
Event: 5.862 Thread 0x0000000018710000 Exception <a 'java/security/PrivilegedActionException'> (0x00000000dbb65448) thrown at [D:\re\workspace\8-2-build-windows-amd64-cygwin\jdk8\563\hotspot\src\share\vm\prims\jvm.cpp, line 1248]
Event: 5.867 Thread 0x0000000018710000 Exception <a 'java/security/PrivilegedActionException'> (0x00000000dbb7f0f0) thrown at [D:\re\workspace\8-2-build-windows-amd64-cygwin\jdk8\563\hotspot\src\share\vm\prims\jvm.cpp, line 1248]
Event: 5.871 Thread 0x0000000018710000 Exception <a 'java/security/PrivilegedActionException'> (0x00000000dbba1c10) thrown at [D:\re\workspace\8-2-build-windows-amd64-cygwin\jdk8\563\hotspot\src\share\vm\prims\jvm.cpp, line 1248]
Event: 5.882 Thread 0x0000000018710000 Exception <a 'java/security/PrivilegedActionException'> (0x00000000dbbd69a8) thrown at [D:\re\workspace\8-2-build-windows-amd64-cygwin\jdk8\563\hotspot\src\share\vm\prims\jvm.cpp, line 1248]
Event: 5.886 Thread 0x0000000018710000 Exception <a 'java/lang/reflect/InvocationTargetException'> (0x00000000dbbe3a50) thrown at [D:\re\workspace\8-2-build-windows-amd64-cygwin\jdk8\563\hotspot\src\share\vm\runtime\reflection.cpp, line 1080]
Event: 5.886 Thread 0x0000000018710000 Exception <a 'java/security/PrivilegedActionException'> (0x00000000dbbe4208) thrown at [D:\re\workspace\8-2-build-windows-amd64-cygwin\jdk8\563\hotspot\src\share\vm\prims\jvm.cpp, line 1248]
Event: 5.888 Thread 0x0000000018710000 Exception <a 'java/security/PrivilegedActionException'> (0x00000000dbbedff0) thrown at [D:\re\workspace\8-2-build-windows-amd64-cygwin\jdk8\563\hotspot\src\share\vm\prims\jvm.cpp, line 1248]

Events (10 events):
Event: 5.887 Thread 0x000000001658e800 flushing nmethod 0x00000000027db3d0
Event: 5.887 Thread 0x000000001658e800 flushing nmethod 0x00000000027db990
Event: 5.888 loading class org/testng/remote/strprotocol/TestResultMessage
Event: 5.888 loading class org/testng/remote/strprotocol/TestResultMessage done
Event: 5.891 loading class java/lang/Throwable$WrappedPrintWriter
Event: 5.891 loading class java/lang/Throwable$PrintStreamOrWriter
Event: 5.891 loading class java/lang/Throwable$PrintStreamOrWriter done
Event: 5.891 loading class java/lang/Throwable$WrappedPrintWriter done
Event: 5.891 loading class java/util/IdentityHashMap$KeySet
Event: 5.891 Executing VM operation: CollectForMetadataAllocation


Dynamic libraries:
0x00007ff663e00000 - 0x00007ff663e34000 	C:\Program Files\Java\jdk1.8.0\bin\javaw.exe
0x00007ff93d370000 - 0x00007ff93d531000 	C:\Windows\SYSTEM32\ntdll.dll
0x00007ff93af60000 - 0x00007ff93b00d000 	C:\Windows\system32\KERNEL32.DLL
0x00007ff939f30000 - 0x00007ff93a118000 	C:\Windows\system32\KERNELBASE.dll
0x00007ff93a930000 - 0x00007ff93a9d7000 	C:\Windows\system32\ADVAPI32.dll
0x00007ff93d270000 - 0x00007ff93d30d000 	C:\Windows\system32\msvcrt.dll
0x00007ff93d310000 - 0x00007ff93d36b000 	C:\Windows\system32\sechost.dll
0x00007ff93b880000 - 0x00007ff93b99c000 	C:\Windows\system32\RPCRT4.dll
0x00007ff93ac60000 - 0x00007ff93adb6000 	C:\Windows\system32\USER32.dll
0x00007ff93b6e0000 - 0x00007ff93b866000 	C:\Windows\system32\GDI32.dll
0x00007ff92b450000 - 0x00007ff92b6c4000 	C:\Windows\WinSxS\amd64_microsoft.windows.common-controls_6595b64144ccf1df_6.0.10586.0_none_8c15ae12515e1c22\COMCTL32.dll
0x00007ff93a9e0000 - 0x00007ff93ac5d000 	C:\Windows\system32\combase.dll
0x00007ff939a70000 - 0x00007ff939ada000 	C:\Windows\system32\bcryptPrimitives.dll
0x00007ff93adc0000 - 0x00007ff93adfb000 	C:\Windows\system32\IMM32.DLL
0x0000000076190000 - 0x0000000076262000 	C:\Program Files\Java\jdk1.8.0\jre\bin\msvcr100.dll
0x0000000074ef0000 - 0x0000000075709000 	C:\Program Files\Java\jdk1.8.0\jre\bin\server\jvm.dll
0x00007ff93b870000 - 0x00007ff93b878000 	C:\Windows\system32\PSAPI.DLL
0x00007ff932300000 - 0x00007ff932309000 	C:\Windows\SYSTEM32\WSOCK32.dll
0x00007ff93b0e0000 - 0x00007ff93b14b000 	C:\Windows\system32\WS2_32.dll
0x00007ff937cd0000 - 0x00007ff937cf3000 	C:\Windows\SYSTEM32\WINMM.dll
0x00007ff937bb0000 - 0x00007ff937bdc000 	C:\Windows\SYSTEM32\WINMMBASE.dll
0x00007ff939a20000 - 0x00007ff939a63000 	C:\Windows\system32\cfgmgr32.dll
0x0000000050000000 - 0x000000005000f000 	C:\Program Files\Java\jdk1.8.0\jre\bin\verify.dll
0x0000000076160000 - 0x0000000076188000 	C:\Program Files\Java\jdk1.8.0\jre\bin\java.dll
0x0000000076140000 - 0x0000000076156000 	C:\Program Files\Java\jdk1.8.0\jre\bin\zip.dll
0x00007ff93bc00000 - 0x00007ff93d15f000 	C:\Windows\system32\SHELL32.dll
0x00007ff93a120000 - 0x00007ff93a764000 	C:\Windows\system32\windows.storage.dll
0x00007ff93bad0000 - 0x00007ff93bb22000 	C:\Windows\system32\shlwapi.dll
0x00007ff939a10000 - 0x00007ff939a1f000 	C:\Windows\system32\kernel.appcore.dll
0x00007ff939e50000 - 0x00007ff939f05000 	C:\Windows\system32\shcore.dll
0x00007ff9399c0000 - 0x00007ff939a0b000 	C:\Windows\system32\powrprof.dll
0x00007ff9399a0000 - 0x00007ff9399b4000 	C:\Windows\system32\profapi.dll
0x0000000076120000 - 0x0000000076139000 	C:\Program Files\Java\jdk1.8.0\jre\bin\net.dll
0x00007ff939260000 - 0x00007ff9392bc000 	C:\Windows\system32\mswsock.dll
0x00007ff9383b0000 - 0x00007ff93845a000 	C:\Windows\SYSTEM32\DNSAPI.dll
0x00007ff93a920000 - 0x00007ff93a928000 	C:\Windows\system32\NSI.dll
0x00007ff92f0b0000 - 0x00007ff92f0ba000 	C:\Windows\System32\rasadhlp.dll
0x00007ff934e30000 - 0x00007ff934e97000 	C:\Windows\System32\fwpuclnt.dll
0x00007ff9398c0000 - 0x00007ff9398e9000 	C:\Windows\SYSTEM32\bcrypt.dll
0x00007ff939310000 - 0x00007ff939327000 	C:\Windows\SYSTEM32\CRYPTSP.dll
0x00007ff938fa0000 - 0x00007ff938fd4000 	C:\Windows\system32\rsaenh.dll
0x00007ff9390f0000 - 0x00007ff93910f000 	C:\Windows\SYSTEM32\USERENV.dll
0x00007ff9398b0000 - 0x00007ff9398bb000 	C:\Windows\SYSTEM32\CRYPTBASE.dll
0x00007ff921ff0000 - 0x00007ff922006000 	C:\Windows\system32\napinsp.dll
0x00007ff922010000 - 0x00007ff92202a000 	C:\Windows\system32\pnrpnsp.dll
0x00007ff9372f0000 - 0x00007ff937308000 	C:\Windows\system32\NLAapi.dll
0x00007ff929e60000 - 0x00007ff929e6d000 	C:\Windows\System32\winrnr.dll
0x00007ff932050000 - 0x00007ff932065000 	C:\Windows\System32\wshbth.dll
0x00007ff934c90000 - 0x00007ff934cc8000 	C:\Windows\SYSTEM32\IPHLPAPI.DLL
0x0000000076100000 - 0x0000000076111000 	C:\Program Files\Java\jdk1.8.0\jre\bin\nio.dll
0x00000000760d0000 - 0x00000000760f4000 	C:\Program Files\Java\jdk1.8.0\jre\bin\sunec.dll
0x00000000760c0000 - 0x00000000760cb000 	C:\Program Files\Java\jdk1.8.0\jre\bin\sunmscapi.dll
0x00007ff939c80000 - 0x00007ff939e47000 	C:\Windows\system32\CRYPT32.dll
0x00007ff939990000 - 0x00007ff9399a0000 	C:\Windows\system32\MSASN1.dll
0x00007ff9357f0000 - 0x00007ff935806000 	C:\Windows\SYSTEM32\dhcpcsvc6.DLL
0x00007ff935a70000 - 0x00007ff935a8a000 	C:\Windows\SYSTEM32\dhcpcsvc.DLL
0x00007ff91f400000 - 0x00007ff91f58c000 	C:\Windows\SYSTEM32\dbghelp.dll

VM Arguments:
jvm_args: -ea -Dfile.encoding=Cp1252 
java_command: org.testng.remote.RemoteTestNG -serport 52105 -protocol json -d E:\Project\eSign\test-output E:\Project\eSign\Build\Package.xml
java_class_path (initial): E:\Softwares\eclipse\configuration\org.eclipse.osgi\935\0\.cp\lib\testng-remote.jar;E:\Project\eSign\target\test-classes;E:\Project\eSign\target\classes;C:\Users\admin\.m2\repository\org\testng\testng\6.14.2\testng-6.14.2.jar;C:\Users\admin\.m2\repository\com\beust\jcommander\1.72\jcommander-1.72.jar;C:\Users\admin\.m2\repository\org\apache-extras\beanshell\bsh\2.0b6\bsh-2.0b6.jar;C:\Users\admin\.m2\repository\org\seleniumhq\selenium\selenium-java\3.13.0\selenium-java-3.13.0.jar;C:\Users\admin\.m2\repository\org\seleniumhq\selenium\selenium-edge-driver\3.13.0\selenium-edge-driver-3.13.0.jar;C:\Users\admin\.m2\repository\org\seleniumhq\selenium\selenium-ie-driver\3.13.0\selenium-ie-driver-3.13.0.jar;C:\Users\admin\.m2\repository\org\seleniumhq\selenium\selenium-opera-driver\3.13.0\selenium-opera-driver-3.13.0.jar;C:\Users\admin\.m2\repository\org\seleniumhq\selenium\selenium-safari-driver\3.13.0\selenium-safari-driver-3.13.0.jar;C:\Users\admin\.m2\repository\org\seleniumhq\selenium\selenium-support\3.13.0\selenium-support-3.13.0.jar;C:\Users\admin\.m2\repository\net\bytebuddy\byte-buddy\1.8.3\byte-buddy-1.8.3.jar;C:\Users\admin\.m2\repository\org\apache\commons\commons-exec\1.3\commons-exec-1.3.jar;C:\Users\admin\.m2\repository\commons-codec\commons-codec\1.10\commons-codec-1.10.jar;C:\Users\admin\.m2\repository\commons-logging\commons-logging\1.2\commons-logging-1.2.jar;C:\Users\admin\.m2\repository\com\google\code\gson\gson\2.8.4\gson-2.8.4.jar;C:\Users\admin\.m2\repository\com\google\guava\guava\25.0-jre\guava-25.0-jre.jar;C:\Users\admin\.m2\repository\com\google\code\findbugs\jsr305\1.3.9\jsr305-1.3.9.jar;C:\Users\admin\.m2\repository\org\checkerframework\checker-compat-qual\2.0.0\checker-compat-qual-2.0.0.jar;C:\Users\admin\.m2\repository\com\google\errorprone\error_prone_annotations\2.1.3\error_prone_annotations-2.1.3.jar;C:\Users\admin\.m2\repository\com\google\j2objc\j2objc-annotations\1.1\j2objc-annotations-1.1.jar;C:\Users\admin
Launcher Type: SUN_STANDARD

Environment Variables:
JAVA_HOME=C:\Program Files\Java\jdk1.8.0
PATH=C:\Windows\system32;C:\Windows;C:\Windows\System32\Wbem;C:\Windows\System32\WindowsPowerShell\v1.0\;C:\Program Files (x86)\Skype\Phone\;E:\Backup Folder\Chirag Backup\Software\apache-maven-3.5.2-bin\apache-maven-3.5.2\bin;C:\Program Files\Java\jdk1.8.0\bin
USERNAME=admin
OS=Windows_NT
PROCESSOR_IDENTIFIER=AMD64 Family 21 Model 48 Stepping 1, AuthenticAMD



---------------  S Y S T E M  ---------------

OS: Windows 8.1 , 64 bit Build 9600 

CPU:total 4 (4 cores per cpu, 1 threads per core) family 21 model 48 stepping 1, cmov, cx8, fxsr, mmx, sse, sse2, sse3, ssse3, sse4.1, sse4.2, popcnt, avx, aes, clmul, mmxext, 3dnowpref, lzcnt, sse4a, tsc, tscinvbit

Memory: 4k page, physical 7284048k(2651788k free), swap 10086920k(1756684k free)

vm_info: Java HotSpot(TM) 64-Bit Server VM (25.0-b55) for windows-amd64 JRE (1.8.0-ea-b113), built on Oct 24 2013 10:27:42 by "java_re" with MS VC++ 10.0 (VS2010)

time: Wed Sep 05 16:36:21 2018
elapsed time: 5 seconds

