#
# A fatal error has been detected by the Java Runtime Environment:
#
#  EXCEPTION_ACCESS_VIOLATION (0xc0000005) at pc=0x000000007738a1b8, pid=2300, tid=9916
#
# JRE version: Java(TM) SE Runtime Environment (8.0-b113) (build 1.8.0-ea-b113)
# Java VM: Java HotSpot(TM) 64-Bit Server VM (25.0-b55 mixed mode windows-amd64 compressed oops)
# Problematic frame:
# V  [jvm.dll+0x3ca1b8]
#
# Failed to write core dump. Minidumps are not enabled by default on client versions of Windows
#
# If you would like to submit a bug report, please visit:
#   http://bugreport.sun.com/bugreport/crash.jsp
#

---------------  T H R E A D  ---------------

Current thread (0x0000000016595000):  VMThread [stack: 0x0000000017620000,0x0000000017720000] [id=9916]

siginfo: ExceptionCode=0xc0000005, reading address 0xffffffffffffffff

Registers:
RAX=0x0000000012110000, RBX=0x00000000186ba5b0, RCX=0x0000000000000000, RDX=0x007fffffffb7a000
RSP=0x000000001771f338, RBP=0x00000000777259f0, RSI=0x0000000000000001, RDI=0x0000000000000002
R8 =0x0000000000000000, R9 =0x0000000000000004, R10=0x00000000000001fe, R11=0x00000000186ba5a0
R12=0x0000000000000000, R13=0x00000000777259f0, R14=0x00000000775bf858, R15=0x0000000077725960
RIP=0x000000007738a1b8, EFLAGS=0x0000000000010246

Top of Stack: (sp=0x000000001771f338)
0x000000001771f338:   00000000770da298 00000000775649d8
0x000000001771f348:   0000000077049e8c 0000000000000000
0x000000001771f358:   00000000028e88d0 00000008001f7428
0x000000001771f368:   0000000076ff4a53 00000000777259f0
0x000000001771f378:   00000000186ba5a0 0000000000000000
0x000000001771f388:   0000000000000000 000000001a7bfc28
0x000000001771f398:   00000000770b36dd 00000000186ba5a0
0x000000001771f3a8:   0000000000000000 0000000000000000
0x000000001771f3b8:   000000001a7bfc28 0000000077577260
0x000000001771f3c8:   0000000000000000 00000008001f7428
0x000000001771f3d8:   00000000770d19a2 00000008001f7028
0x000000001771f3e8:   000000001771f458 00000000777259f0
0x000000001771f3f8:   000000007701ad8d 0000000077577260
0x000000001771f408:   00000000000001fe ffffffffffffff00
0x000000001771f418:   0000000000000004 00000000000000ff
0x000000001771f428:   0000000000000000 0000000000000000 

Instructions: (pc=0x000000007738a1b8)
0x000000007738a198:   0d 6b e4 38 00 48 c1 ea 03 48 d3 ea 0f b6 c2 48
0x000000007738a1a8:   c1 ea 06 24 3f 44 0f b6 c0 48 8b 05 48 8a 3d 00
0x000000007738a1b8:   48 8b 0c d0 4c 0f a3 c1 0f 92 c0 c3 cc cc cc cc
0x000000007738a1c8:   cc cc cc cc cc cc cc cc 48 89 5c 24 08 57 48 81 


Register to memory mapping:

RAX=0x0000000012110000 is an unknown value
RBX=0x00000000186ba5b0 is an unknown value
RCX=0x0000000000000000 is an unknown value
RDX=0x007fffffffb7a000 is an unknown value
RSP=0x000000001771f338 is an unknown value
RBP=0x00000000777259f0 is an unknown value
RSI=0x0000000000000001 is an unknown value
RDI=0x0000000000000002 is an unknown value
R8 =0x0000000000000000 is an unknown value
R9 =0x0000000000000004 is an unknown value
R10=0x00000000000001fe is an unknown value
R11=0x00000000186ba5a0 is an unknown value
R12=0x0000000000000000 is an unknown value
R13=0x00000000777259f0 is an unknown value
R14=0x00000000775bf858 is an unknown value
R15=0x0000000077725960 is an unknown value


Stack: [0x0000000017620000,0x0000000017720000],  sp=0x000000001771f338,  free space=1020k
Native frames: (J=compiled Java code, j=interpreted, Vv=VM code, C=native code)
V  [jvm.dll+0x3ca1b8]

VM_Operation (0x000000001925c430): CollectForMetadataAllocation, mode: safepoint, requested by thread 0x00000000188dc800


---------------  P R O C E S S  ---------------

Java Threads: ( => current thread )
  0x0000000018bfa000 JavaThread "Okio Watchdog" daemon [_thread_blocked, id=2872, stack(0x000000001b130000,0x000000001b230000)]
  0x0000000019b8a000 JavaThread "OkHttp ConnectionPool" daemon [_thread_blocked, id=8408, stack(0x000000001b030000,0x000000001b130000)]
  0x0000000019df8800 JavaThread "ForkJoinPool.commonPool-worker-3" daemon [_thread_blocked, id=6076, stack(0x000000001af30000,0x000000001b030000)]
  0x00000000197f5800 JavaThread "Exec Stream Pumper" daemon [_thread_in_native, id=9032, stack(0x000000001ac30000,0x000000001ad30000)]
  0x0000000019b71000 JavaThread "Exec Stream Pumper" daemon [_thread_in_native, id=4352, stack(0x000000001ab30000,0x000000001ac30000)]
  0x0000000019b70800 JavaThread "Exec Default Executor" daemon [_thread_in_native, id=3552, stack(0x000000001aa30000,0x000000001ab30000)]
  0x00000000188dc800 JavaThread "Forwarding newSession on session null to remote" [_thread_blocked, id=2220, stack(0x0000000019160000,0x0000000019260000)]
  0x0000000018149800 JavaThread "ReaderThread" [_thread_in_native, id=3140, stack(0x0000000019060000,0x0000000019160000)]
  0x0000000016626800 JavaThread "Service Thread" daemon [_thread_blocked, id=4812, stack(0x0000000018220000,0x0000000018320000)]
  0x00000000165cd800 JavaThread "C1 CompilerThread2" daemon [_thread_blocked, id=4692, stack(0x0000000017d20000,0x0000000017e20000)]
  0x00000000165c9000 JavaThread "C2 CompilerThread1" daemon [_thread_blocked, id=7916, stack(0x0000000017c20000,0x0000000017d20000)]
  0x00000000165c4800 JavaThread "C2 CompilerThread0" daemon [_thread_blocked, id=3464, stack(0x0000000017b20000,0x0000000017c20000)]
  0x00000000165c2800 JavaThread "Attach Listener" daemon [_thread_blocked, id=6104, stack(0x0000000017a20000,0x0000000017b20000)]
  0x00000000165c1800 JavaThread "Signal Dispatcher" daemon [_thread_blocked, id=7484, stack(0x0000000017920000,0x0000000017a20000)]
  0x0000000002367800 JavaThread "Finalizer" daemon [_thread_blocked, id=9116, stack(0x0000000017820000,0x0000000017920000)]
  0x0000000002360800 JavaThread "Reference Handler" daemon [_thread_blocked, id=2100, stack(0x0000000017720000,0x0000000017820000)]
  0x0000000002273800 JavaThread "main" [_thread_blocked, id=4196, stack(0x0000000002170000,0x0000000002270000)]

Other Threads:
=>0x0000000016595000 VMThread [stack: 0x0000000017620000,0x0000000017720000] [id=9916]
  0x0000000016629800 WatcherThread [stack: 0x0000000018320000,0x0000000018420000] [id=8444]

VM state:at safepoint (normal execution)

VM Mutex/Monitor currently owned by a thread:  ([mutex/lock_event])
[0x00000000022704d0] Threads_lock - owner thread: 0x0000000016595000
[0x0000000002270a50] Heap_lock - owner thread: 0x00000000188dc800

Heap:
 PSYoungGen      total 62976K, used 4592K [0x00000000dae80000, 0x00000000df080000, 0x0000000100000000)
  eden space 58368K, 0% used [0x00000000dae80000,0x00000000dae80000,0x00000000de780000)
  from space 4608K, 99% used [0x00000000dec00000,0x00000000df07c0a0,0x00000000df080000)
  to   space 4608K, 0% used [0x00000000de780000,0x00000000de780000,0x00000000dec00000)
 ParOldGen       total 75776K, used 9527K [0x0000000090c00000, 0x0000000095600000, 0x00000000dae80000)
  object space 75776K, 12% used [0x0000000090c00000,0x000000009154de08,0x0000000095600000)
 Metaspace       used 20909K, capacity 21136K, committed 21296K, reserved 1067008K
  class space    used 2751K, capacity 2836K, committed 2864K, reserved 1048576K

Card table byte_map: [0x0000000011730000,0x0000000011ab0000] byte_map_base: 0x00000000112aa000

Marking Bits: (ParMarkBitMap*) 0x0000000077762bd0
 Begin Bits: [0x0000000012110000, 0x0000000013ce0000)
 End Bits:   [0x0000000013ce0000, 0x00000000158b0000)

Polling page: 0x0000000000470000

CodeCache: size=245760Kb used=5580Kb max_used=5580Kb free=240180Kb
 bounds [0x0000000002370000, 0x00000000028f0000, 0x0000000011370000]
 total_blobs=2112 nmethods=1687 adapters=340
 compilation: enabled

Compilation events (10 events):
Event: 7.596 Thread 0x00000000165cd800 nmethod 1851 0x00000000026211d0 code [0x00000000026213a0, 0x0000000002621ae8]
Event: 7.596 Thread 0x00000000165cd800 1852       3       org.openqa.selenium.json.JsonTypeCoercer::lambda$null$6 (24 bytes)
Event: 7.597 Thread 0x00000000165cd800 nmethod 1852 0x00000000024adf50 code [0x00000000024ae100, 0x00000000024ae5a8]
Event: 7.597 Thread 0x00000000165cd800 1854       3       jdk.internal.org.objectweb.asm.MethodWriter::getSize (849 bytes)
Event: 7.599 Thread 0x00000000165c9000 nmethod 1857 0x00000000028e8190 code [0x00000000028e82e0, 0x00000000028e8618]
Event: 7.602 Thread 0x00000000165cd800 nmethod 1854 0x00000000028e88d0 code [0x00000000028e8d60, 0x00000000028eb1d8]
Event: 7.603 Thread 0x00000000165cd800 1847       3       java.util.stream.StreamOpFlag::getMask (30 bytes)
Event: 7.603 Thread 0x00000000165cd800 nmethod 1847 0x000000000261a890 code [0x000000000261a9e0, 0x000000000261abb0]
Event: 7.604 Thread 0x00000000165cd800 1856       1       java.lang.invoke.MethodHandle::internalForm (5 bytes)
Event: 7.605 Thread 0x00000000165cd800 nmethod 1856 0x00000000024adc50 code [0x00000000024adda0, 0x00000000024adef0]

GC Heap History (9 events):
Event: 1.300 GC heap before
{Heap before GC invocations=1 (full 0):
 PSYoungGen      total 33792K, used 29184K [0x00000000dae80000, 0x00000000dd400000, 0x0000000100000000)
  eden space 29184K, 100% used [0x00000000dae80000,0x00000000dcb00000,0x00000000dcb00000)
  from space 4608K, 0% used [0x00000000dcf80000,0x00000000dcf80000,0x00000000dd400000)
  to   space 4608K, 0% used [0x00000000dcb00000,0x00000000dcb00000,0x00000000dcf80000)
 ParOldGen       total 75776K, used 0K [0x0000000090c00000, 0x0000000095600000, 0x00000000dae80000)
  object space 75776K, 0% used [0x0000000090c00000,0x0000000090c00000,0x0000000095600000)
 Metaspace       used 8923K, capacity 9046K, committed 9344K, reserved 1056768K
  class space    used 1023K, capacity 1075K, committed 1152K, reserved 1048576K
Event: 1.312 GC heap after
Heap after GC invocations=1 (full 0):
 PSYoungGen      total 33792K, used 4586K [0x00000000dae80000, 0x00000000dd400000, 0x0000000100000000)
  eden space 29184K, 0% used [0x00000000dae80000,0x00000000dae80000,0x00000000dcb00000)
  from space 4608K, 99% used [0x00000000dcb00000,0x00000000dcf7a988,0x00000000dcf80000)
  to   space 4608K, 0% used [0x00000000dcf80000,0x00000000dcf80000,0x00000000dd400000)
 ParOldGen       total 75776K, used 514K [0x0000000090c00000, 0x0000000095600000, 0x00000000dae80000)
  object space 75776K, 0% used [0x0000000090c00000,0x0000000090c80a08,0x0000000095600000)
 Metaspace       used 8923K, capacity 9046K, committed 9344K, reserved 1056768K
  class space    used 1023K, capacity 1075K, committed 1152K, reserved 1048576K
}
Event: 1.927 GC heap before
{Heap before GC invocations=2 (full 0):
 PSYoungGen      total 33792K, used 33770K [0x00000000dae80000, 0x00000000dd400000, 0x0000000100000000)
  eden space 29184K, 100% used [0x00000000dae80000,0x00000000dcb00000,0x00000000dcb00000)
  from space 4608K, 99% used [0x00000000dcb00000,0x00000000dcf7a988,0x00000000dcf80000)
  to   space 4608K, 0% used [0x00000000dcf80000,0x00000000dcf80000,0x00000000dd400000)
 ParOldGen       total 75776K, used 514K [0x0000000090c00000, 0x0000000095600000, 0x00000000dae80000)
  object space 75776K, 0% used [0x0000000090c00000,0x0000000090c80a08,0x0000000095600000)
 Metaspace       used 12973K, capacity 13046K, committed 13184K, reserved 1060864K
  class space    used 1576K, capacity 1619K, committed 1664K, reserved 1048576K
Event: 1.941 GC heap after
Heap after GC invocations=2 (full 0):
 PSYoungGen      total 33792K, used 4590K [0x00000000dae80000, 0x00000000df080000, 0x0000000100000000)
  eden space 29184K, 0% used [0x00000000dae80000,0x00000000dae80000,0x00000000dcb00000)
  from space 4608K, 99% used [0x00000000dcf80000,0x00000000dd3fba80,0x00000000dd400000)
  to   space 4608K, 0% used [0x00000000dcb00000,0x00000000dcb00000,0x00000000dcf80000)
 ParOldGen       total 75776K, used 3135K [0x0000000090c00000, 0x0000000095600000, 0x00000000dae80000)
  object space 75776K, 4% used [0x0000000090c00000,0x0000000090f0fff8,0x0000000095600000)
 Metaspace       used 12973K, capacity 13046K, committed 13184K, reserved 1060864K
  class space    used 1576K, capacity 1619K, committed 1664K, reserved 1048576K
}
Event: 2.755 GC heap before
{Heap before GC invocations=3 (full 0):
 PSYoungGen      total 33792K, used 33774K [0x00000000dae80000, 0x00000000df080000, 0x0000000100000000)
  eden space 29184K, 100% used [0x00000000dae80000,0x00000000dcb00000,0x00000000dcb00000)
  from space 4608K, 99% used [0x00000000dcf80000,0x00000000dd3fba80,0x00000000dd400000)
  to   space 4608K, 0% used [0x00000000dcb00000,0x00000000dcb00000,0x00000000dcf80000)
 ParOldGen       total 75776K, used 3135K [0x0000000090c00000, 0x0000000095600000, 0x00000000dae80000)
  object space 75776K, 4% used [0x0000000090c00000,0x0000000090f0fff8,0x0000000095600000)
 Metaspace       used 18453K, capacity 18674K, committed 18944K, reserved 1064960K
  class space    used 2371K, capacity 2459K, committed 2560K, reserved 1048576K
Event: 2.774 GC heap after
Heap after GC invocations=3 (full 0):
 PSYoungGen      total 33792K, used 4576K [0x00000000dae80000, 0x00000000df080000, 0x0000000100000000)
  eden space 29184K, 0% used [0x00000000dae80000,0x00000000dae80000,0x00000000dcb00000)
  from space 4608K, 99% used [0x00000000dcb00000,0x00000000dcf78090,0x00000000dcf80000)
  to   space 4608K, 0% used [0x00000000dec00000,0x00000000dec00000,0x00000000df080000)
 ParOldGen       total 75776K, used 7442K [0x0000000090c00000, 0x0000000095600000, 0x00000000dae80000)
  object space 75776K, 9% used [0x0000000090c00000,0x0000000091344880,0x0000000095600000)
 Metaspace       used 18453K, capacity 18674K, committed 18944K, reserved 1064960K
  class space    used 2371K, capacity 2459K, committed 2560K, reserved 1048576K
}
Event: 7.608 GC heap before
{Heap before GC invocations=4 (full 0):
 PSYoungGen      total 33792K, used 19005K [0x00000000dae80000, 0x00000000df080000, 0x0000000100000000)
  eden space 29184K, 49% used [0x00000000dae80000,0x00000000dbc97400,0x00000000dcb00000)
  from space 4608K, 99% used [0x00000000dcb00000,0x00000000dcf78090,0x00000000dcf80000)
  to   space 4608K, 0% used [0x00000000dec00000,0x00000000dec00000,0x00000000df080000)
 ParOldGen       total 75776K, used 7442K [0x0000000090c00000, 0x0000000095600000, 0x00000000dae80000)
  object space 75776K, 9% used [0x0000000090c00000,0x0000000091344880,0x0000000095600000)
 Metaspace       used 20909K, capacity 21136K, committed 21296K, reserved 1067008K
  class space    used 2751K, capacity 2836K, committed 2864K, reserved 1048576K
Event: 7.627 GC heap after
Heap after GC invocations=4 (full 0):
 PSYoungGen      total 62976K, used 4592K [0x00000000dae80000, 0x00000000df080000, 0x0000000100000000)
  eden space 58368K, 0% used [0x00000000dae80000,0x00000000dae80000,0x00000000de780000)
  from space 4608K, 99% used [0x00000000dec00000,0x00000000df07c0a0,0x00000000df080000)
  to   space 4608K, 0% used [0x00000000de780000,0x00000000de780000,0x00000000dec00000)
 ParOldGen       total 75776K, used 9527K [0x0000000090c00000, 0x0000000095600000, 0x00000000dae80000)
  object space 75776K, 12% used [0x0000000090c00000,0x000000009154de08,0x0000000095600000)
 Metaspace       used 20909K, capacity 21136K, committed 21296K, reserved 1067008K
  class space    used 2751K, capacity 2836K, committed 2864K, reserved 1048576K
}
Event: 7.627 GC heap before
{Heap before GC invocations=5 (full 1):
 PSYoungGen      total 62976K, used 4592K [0x00000000dae80000, 0x00000000df080000, 0x0000000100000000)
  eden space 58368K, 0% used [0x00000000dae80000,0x00000000dae80000,0x00000000de780000)
  from space 4608K, 99% used [0x00000000dec00000,0x00000000df07c0a0,0x00000000df080000)
  to   space 4608K, 0% used [0x00000000de780000,0x00000000de780000,0x00000000dec00000)
 ParOldGen       total 75776K, used 9527K [0x0000000090c00000, 0x0000000095600000, 0x00000000dae80000)
  object space 75776K, 12% used [0x0000000090c00000,0x000000009154de08,0x0000000095600000)
 Metaspace       used 20909K, capacity 21136K, committed 21296K, reserved 1067008K
  class space    used 2751K, capacity 2836K, committed 2864K, reserved 1048576K

Deoptimization events (10 events):
Event: 2.584 Thread 0x00000000188dc800 Uncommon trap: reason=class_check action=maybe_recompile pc=0x00000000027046c8 method=java.util.HashSet.add(Ljava/lang/Object;)Z @ 8
Event: 2.586 Thread 0x00000000188dc800 Uncommon trap: reason=class_check action=maybe_recompile pc=0x00000000027046c8 method=java.util.HashSet.add(Ljava/lang/Object;)Z @ 8
Event: 3.372 Thread 0x00000000188dc800 Uncommon trap: reason=class_check action=maybe_recompile pc=0x00000000027d01b8 method=org.openqa.selenium.json.Input.init()V @ 18
Event: 3.372 Thread 0x00000000188dc800 Uncommon trap: reason=class_check action=maybe_recompile pc=0x00000000027d01b8 method=org.openqa.selenium.json.Input.init()V @ 18
Event: 3.372 Thread 0x00000000188dc800 Uncommon trap: reason=class_check action=maybe_recompile pc=0x00000000027d01b8 method=org.openqa.selenium.json.Input.init()V @ 18
Event: 3.372 Thread 0x00000000188dc800 Uncommon trap: reason=class_check action=maybe_recompile pc=0x00000000027d01b8 method=org.openqa.selenium.json.Input.init()V @ 18
Event: 3.604 Thread 0x00000000188dc800 Uncommon trap: reason=class_check action=maybe_recompile pc=0x000000000270e550 method=java.io.FilterInputStream.read([BII)I @ 7
Event: 3.604 Thread 0x00000000188dc800 Uncommon trap: reason=class_check action=maybe_recompile pc=0x000000000270e550 method=java.io.FilterInputStream.read([BII)I @ 7
Event: 3.604 Thread 0x00000000188dc800 Uncommon trap: reason=class_check action=maybe_recompile pc=0x000000000270e550 method=java.io.FilterInputStream.read([BII)I @ 7
Event: 3.608 Thread 0x00000000188dc800 Uncommon trap: reason=class_check action=maybe_recompile pc=0x000000000270e550 method=java.io.FilterInputStream.read([BII)I @ 7

Internal exceptions (10 events):
Event: 7.576 Thread 0x00000000188dc800 Exception <a 'java/security/PrivilegedActionException'> (0x00000000dbba1068) thrown at [D:\re\workspace\8-2-build-windows-amd64-cygwin\jdk8\563\hotspot\src\share\vm\prims\jvm.cpp, line 1248]
Event: 7.579 Thread 0x00000000188dc800 Exception <a 'java/security/PrivilegedActionException'> (0x00000000dbbb70c8) thrown at [D:\re\workspace\8-2-build-windows-amd64-cygwin\jdk8\563\hotspot\src\share\vm\prims\jvm.cpp, line 1248]
Event: 7.582 Thread 0x00000000188dc800 Exception <a 'java/security/PrivilegedActionException'> (0x00000000dbbd0d70) thrown at [D:\re\workspace\8-2-build-windows-amd64-cygwin\jdk8\563\hotspot\src\share\vm\prims\jvm.cpp, line 1248]
Event: 7.589 Thread 0x00000000188dc800 Exception <a 'java/security/PrivilegedActionException'> (0x00000000dbbf29e8) thrown at [D:\re\workspace\8-2-build-windows-amd64-cygwin\jdk8\563\hotspot\src\share\vm\prims\jvm.cpp, line 1248]
Event: 7.603 Thread 0x00000000188dc800 Exception <a 'java/security/PrivilegedActionException'> (0x00000000dbc0fb40) thrown at [D:\re\workspace\8-2-build-windows-amd64-cygwin\jdk8\563\hotspot\src\share\vm\prims\jvm.cpp, line 1248]
Event: 7.604 Thread 0x00000000188dc800 Exception <a 'java/security/PrivilegedActionException'> (0x00000000dbc16290) thrown at [D:\re\workspace\8-2-build-windows-amd64-cygwin\jdk8\563\hotspot\src\share\vm\prims\jvm.cpp, line 1248]
Event: 7.604 Thread 0x00000000188dc800 Exception <a 'java/security/PrivilegedActionException'> (0x00000000dbc1dc90) thrown at [D:\re\workspace\8-2-build-windows-amd64-cygwin\jdk8\563\hotspot\src\share\vm\prims\jvm.cpp, line 1248]
Event: 7.605 Thread 0x00000000188dc800 Exception <a 'java/security/PrivilegedActionException'> (0x00000000dbc248a8) thrown at [D:\re\workspace\8-2-build-windows-amd64-cygwin\jdk8\563\hotspot\src\share\vm\prims\jvm.cpp, line 1248]
Event: 7.606 Thread 0x00000000188dc800 Exception <a 'java/security/PrivilegedActionException'> (0x00000000dbc2f4d0) thrown at [D:\re\workspace\8-2-build-windows-amd64-cygwin\jdk8\563\hotspot\src\share\vm\prims\jvm.cpp, line 1248]
Event: 7.607 Thread 0x00000000188dc800 Exception <a 'java/security/PrivilegedActionException'> (0x00000000dbc363a0) thrown at [D:\re\workspace\8-2-build-windows-amd64-cygwin\jdk8\563\hotspot\src\share\vm\prims\jvm.cpp, line 1248]

Events (10 events):
Event: 7.604 loading class sun/util/logging/resources/logging_en_US done
Event: 7.605 loading class java/util/Formatter$DateTime
Event: 7.605 loading class java/util/Formatter$DateTime done
Event: 7.606 loading class sun/util/resources/en/CalendarData_en
Event: 7.606 loading class sun/util/resources/en/CalendarData_en done
Event: 7.606 loading class sun/util/resources/en/CalendarData_en_US
Event: 7.606 loading class sun/util/resources/en/CalendarData_en_US done
Event: 7.607 loading class sun/util/locale/LanguageTag
Event: 7.608 loading class sun/util/locale/LanguageTag done
Event: 7.608 Executing VM operation: CollectForMetadataAllocation


Dynamic libraries:
0x00007ff65ddd0000 - 0x00007ff65de04000 	C:\Program Files\Java\jdk1.8.0\bin\javaw.exe
0x00007ff9f7cd0000 - 0x00007ff9f7e91000 	C:\Windows\SYSTEM32\ntdll.dll
0x00007ff9f5310000 - 0x00007ff9f53bd000 	C:\Windows\system32\KERNEL32.DLL
0x00007ff9f4650000 - 0x00007ff9f4838000 	C:\Windows\system32\KERNELBASE.dll
0x00007ff9f79c0000 - 0x00007ff9f7a67000 	C:\Windows\system32\ADVAPI32.dll
0x00007ff9f7bc0000 - 0x00007ff9f7c5d000 	C:\Windows\system32\msvcrt.dll
0x00007ff9f5d00000 - 0x00007ff9f5d5b000 	C:\Windows\system32\sechost.dll
0x00007ff9f76b0000 - 0x00007ff9f77cc000 	C:\Windows\system32\RPCRT4.dll
0x00007ff9f5d60000 - 0x00007ff9f5eb6000 	C:\Windows\system32\USER32.dll
0x00007ff9f50d0000 - 0x00007ff9f5256000 	C:\Windows\system32\GDI32.dll
0x00007ff9ec2f0000 - 0x00007ff9ec564000 	C:\Windows\WinSxS\amd64_microsoft.windows.common-controls_6595b64144ccf1df_6.0.10586.0_none_8c15ae12515e1c22\COMCTL32.dll
0x00007ff9f5a80000 - 0x00007ff9f5cfd000 	C:\Windows\system32\combase.dll
0x00007ff9f4410000 - 0x00007ff9f447a000 	C:\Windows\system32\bcryptPrimitives.dll
0x00007ff9f53f0000 - 0x00007ff9f542b000 	C:\Windows\system32\IMM32.DLL
0x0000000050310000 - 0x00000000503e2000 	C:\Program Files\Java\jdk1.8.0\jre\bin\msvcr100.dll
0x0000000076fc0000 - 0x00000000777d9000 	C:\Program Files\Java\jdk1.8.0\jre\bin\server\jvm.dll
0x00007ff9f53c0000 - 0x00007ff9f53c8000 	C:\Windows\system32\PSAPI.DLL
0x00007ff9f2400000 - 0x00007ff9f2423000 	C:\Windows\SYSTEM32\WINMM.dll
0x00007ff9e8600000 - 0x00007ff9e8609000 	C:\Windows\SYSTEM32\WSOCK32.dll
0x00007ff9f7640000 - 0x00007ff9f76ab000 	C:\Windows\system32\WS2_32.dll
0x0000000000420000 - 0x000000000044c000 	C:\Windows\SYSTEM32\WINMMBASE.dll
0x00007ff9f4920000 - 0x00007ff9f4963000 	C:\Windows\system32\cfgmgr32.dll
0x0000000050300000 - 0x000000005030f000 	C:\Program Files\Java\jdk1.8.0\jre\bin\verify.dll
0x00000000502d0000 - 0x00000000502f8000 	C:\Program Files\Java\jdk1.8.0\jre\bin\java.dll
0x00000000502b0000 - 0x00000000502c6000 	C:\Program Files\Java\jdk1.8.0\jre\bin\zip.dll
0x00007ff9f6020000 - 0x00007ff9f757f000 	C:\Windows\system32\SHELL32.dll
0x00007ff9f49d0000 - 0x00007ff9f5014000 	C:\Windows\system32\windows.storage.dll
0x00007ff9f7580000 - 0x00007ff9f75d2000 	C:\Windows\system32\shlwapi.dll
0x00007ff9f4370000 - 0x00007ff9f437f000 	C:\Windows\system32\kernel.appcore.dll
0x00007ff9f4860000 - 0x00007ff9f4915000 	C:\Windows\system32\shcore.dll
0x00007ff9f42f0000 - 0x00007ff9f433b000 	C:\Windows\system32\powrprof.dll
0x00007ff9f4340000 - 0x00007ff9f4354000 	C:\Windows\system32\profapi.dll
0x0000000050290000 - 0x00000000502a9000 	C:\Program Files\Java\jdk1.8.0\jre\bin\net.dll
0x00007ff9f3c20000 - 0x00007ff9f3c7c000 	C:\Windows\system32\mswsock.dll
0x00007ff9f2b30000 - 0x00007ff9f2bda000 	C:\Windows\SYSTEM32\DNSAPI.dll
0x00007ff9f78e0000 - 0x00007ff9f78e8000 	C:\Windows\system32\NSI.dll
0x00007ff9e8ad0000 - 0x00007ff9e8ada000 	C:\Windows\System32\rasadhlp.dll
0x00007ff9ed300000 - 0x00007ff9ed367000 	C:\Windows\System32\fwpuclnt.dll
0x00007ff9f4180000 - 0x00007ff9f41a9000 	C:\Windows\SYSTEM32\bcrypt.dll
0x00007ff9f3cd0000 - 0x00007ff9f3ce7000 	C:\Windows\SYSTEM32\CRYPTSP.dll
0x00007ff9f3960000 - 0x00007ff9f3994000 	C:\Windows\system32\rsaenh.dll
0x00007ff9f3ab0000 - 0x00007ff9f3acf000 	C:\Windows\SYSTEM32\USERENV.dll
0x00007ff9f3df0000 - 0x00007ff9f3dfb000 	C:\Windows\SYSTEM32\CRYPTBASE.dll
0x00007ff9e6d40000 - 0x00007ff9e6d56000 	C:\Windows\system32\napinsp.dll
0x00007ff9e6d60000 - 0x00007ff9e6d7a000 	C:\Windows\system32\pnrpnsp.dll
0x00007ff9f08e0000 - 0x00007ff9f08f8000 	C:\Windows\system32\NLAapi.dll
0x00007ff9e70e0000 - 0x00007ff9e70ed000 	C:\Windows\System32\winrnr.dll
0x00007ff9e70b0000 - 0x00007ff9e70c5000 	C:\Windows\System32\wshbth.dll
0x00007ff9f0710000 - 0x00007ff9f0748000 	C:\Windows\SYSTEM32\IPHLPAPI.DLL
0x0000000050270000 - 0x0000000050281000 	C:\Program Files\Java\jdk1.8.0\jre\bin\nio.dll
0x0000000050240000 - 0x0000000050264000 	C:\Program Files\Java\jdk1.8.0\jre\bin\sunec.dll
0x0000000050230000 - 0x000000005023b000 	C:\Program Files\Java\jdk1.8.0\jre\bin\sunmscapi.dll
0x00007ff9f4480000 - 0x00007ff9f4647000 	C:\Windows\system32\CRYPT32.dll
0x00007ff9f4360000 - 0x00007ff9f4370000 	C:\Windows\system32\MSASN1.dll
0x00007ff9f0560000 - 0x00007ff9f0576000 	C:\Windows\SYSTEM32\dhcpcsvc6.DLL
0x00007ff9f0690000 - 0x00007ff9f06aa000 	C:\Windows\SYSTEM32\dhcpcsvc.DLL
0x00007ff9cc2a0000 - 0x00007ff9cc42c000 	C:\Windows\SYSTEM32\dbghelp.dll

VM Arguments:
jvm_args: -ea -Dfile.encoding=Cp1252 
java_command: org.testng.remote.RemoteTestNG -serport 51295 -protocol json -d E:\Project\eSign\test-output E:\Project\eSign\Build\Package.xml
java_class_path (initial): E:\Softwares\eclipse\configuration\org.eclipse.osgi\935\0\.cp\lib\testng-remote.jar;E:\Project\eSign\target\test-classes;E:\Project\eSign\target\classes;C:\Users\admin\.m2\repository\org\testng\testng\6.14.2\testng-6.14.2.jar;C:\Users\admin\.m2\repository\com\beust\jcommander\1.72\jcommander-1.72.jar;C:\Users\admin\.m2\repository\org\apache-extras\beanshell\bsh\2.0b6\bsh-2.0b6.jar;C:\Users\admin\.m2\repository\org\seleniumhq\selenium\selenium-java\3.13.0\selenium-java-3.13.0.jar;C:\Users\admin\.m2\repository\org\seleniumhq\selenium\selenium-edge-driver\3.13.0\selenium-edge-driver-3.13.0.jar;C:\Users\admin\.m2\repository\org\seleniumhq\selenium\selenium-ie-driver\3.13.0\selenium-ie-driver-3.13.0.jar;C:\Users\admin\.m2\repository\org\seleniumhq\selenium\selenium-opera-driver\3.13.0\selenium-opera-driver-3.13.0.jar;C:\Users\admin\.m2\repository\org\seleniumhq\selenium\selenium-safari-driver\3.13.0\selenium-safari-driver-3.13.0.jar;C:\Users\admin\.m2\repository\org\seleniumhq\selenium\selenium-support\3.13.0\selenium-support-3.13.0.jar;C:\Users\admin\.m2\repository\net\bytebuddy\byte-buddy\1.8.3\byte-buddy-1.8.3.jar;C:\Users\admin\.m2\repository\org\apache\commons\commons-exec\1.3\commons-exec-1.3.jar;C:\Users\admin\.m2\repository\commons-codec\commons-codec\1.10\commons-codec-1.10.jar;C:\Users\admin\.m2\repository\commons-logging\commons-logging\1.2\commons-logging-1.2.jar;C:\Users\admin\.m2\repository\com\google\code\gson\gson\2.8.4\gson-2.8.4.jar;C:\Users\admin\.m2\repository\com\google\guava\guava\25.0-jre\guava-25.0-jre.jar;C:\Users\admin\.m2\repository\com\google\code\findbugs\jsr305\1.3.9\jsr305-1.3.9.jar;C:\Users\admin\.m2\repository\org\checkerframework\checker-compat-qual\2.0.0\checker-compat-qual-2.0.0.jar;C:\Users\admin\.m2\repository\com\google\errorprone\error_prone_annotations\2.1.3\error_prone_annotations-2.1.3.jar;C:\Users\admin\.m2\repository\com\google\j2objc\j2objc-annotations\1.1\j2objc-annotations-1.1.jar;C:\Users\admin
Launcher Type: SUN_STANDARD

Environment Variables:
JAVA_HOME=C:\Program Files\Java\jdk1.8.0
PATH=C:\Windows\system32;C:\Windows;C:\Windows\System32\Wbem;C:\Windows\System32\WindowsPowerShell\v1.0\;C:\Program Files (x86)\Skype\Phone\;E:\Backup Folder\Chirag Backup\Software\apache-maven-3.5.2-bin\apache-maven-3.5.2\bin;C:\Program Files\Java\jdk1.8.0\bin
USERNAME=admin
OS=Windows_NT
PROCESSOR_IDENTIFIER=AMD64 Family 21 Model 48 Stepping 1, AuthenticAMD



---------------  S Y S T E M  ---------------

OS: Windows 8.1 , 64 bit Build 9600 

CPU:total 4 (4 cores per cpu, 1 threads per core) family 21 model 48 stepping 1, cmov, cx8, fxsr, mmx, sse, sse2, sse3, ssse3, sse4.1, sse4.2, popcnt, avx, aes, clmul, mmxext, 3dnowpref, lzcnt, sse4a, tsc, tscinvbit

Memory: 4k page, physical 7284048k(3170016k free), swap 10298704k(4322820k free)

vm_info: Java HotSpot(TM) 64-Bit Server VM (25.0-b55) for windows-amd64 JRE (1.8.0-ea-b113), built on Oct 24 2013 10:27:42 by "java_re" with MS VC++ 10.0 (VS2010)

time: Fri Sep 07 11:46:25 2018
elapsed time: 7 seconds

