#
# A fatal error has been detected by the Java Runtime Environment:
#
#  EXCEPTION_ACCESS_VIOLATION (0xc0000005) at pc=0x00000000617907d6, pid=18328, tid=16660
#
# JRE version: Java(TM) SE Runtime Environment (8.0-b113) (build 1.8.0-ea-b113)
# Java VM: Java HotSpot(TM) 64-Bit Server VM (25.0-b55 mixed mode windows-amd64 compressed oops)
# Problematic frame:
# V  [jvm.dll+0x1107d6]
#
# Failed to write core dump. Minidumps are not enabled by default on client versions of Windows
#
# If you would like to submit a bug report, please visit:
#   http://bugreport.sun.com/bugreport/crash.jsp
#

---------------  T H R E A D  ---------------

Current thread (0x00000000171d6000):  VMThread [stack: 0x0000000018270000,0x0000000018370000] [id=16660]

siginfo: ExceptionCode=0xc0000005, reading address 0x00000000003c1118

Registers:
RAX=0x0000000061c7f950, RBX=0x0000000019374410, RCX=0x00000000003c10b0, RDX=0x0000000061de59f0
RSP=0x000000001836f008, RBP=0x0000000061de59f0, RSI=0x0000000000000001, RDI=0x0000000000000002
R8 =0x0000000061de59f0, R9 =0x0000000000000004, R10=0x00000000000001fe, R11=0x0000000019374400
R12=0x0000000000000000, R13=0x0000000061de59f0, R14=0x0000000061c7f858, R15=0x0000000061de5960
RIP=0x00000000617907d6, EFLAGS=0x0000000000010202

Top of Stack: (sp=0x000000001836f008)
0x000000001836f008:   000000006179a298 0000000061de59f0
0x000000001836f018:   0000000061709f63 0000000000000000
0x000000001836f028:   000000001836f0a9 00000008001f7428
0x000000001836f038:   00000000616b4a53 0000000061de59f0
0x000000001836f048:   0000000019374400 0000000000000000
0x000000001836f058:   0000000000000000 000000001b3dfc28
0x000000001836f068:   00000000617736dd 0000000019374400
0x000000001836f078:   0000000000000000 0000000000000000
0x000000001836f088:   000000001b3dfc28 0000000061c37260
0x000000001836f098:   0000000000000000 00000008001f7428
0x000000001836f0a8:   00000000617919a2 00000008001f7028
0x000000001836f0b8:   000000001836f128 0000000061de59f0
0x000000001836f0c8:   00000000616dad8d 0000000061c37260
0x000000001836f0d8:   00000000000001fe ffffffffffffff00
0x000000001836f0e8:   0000000000000004 0000000000000102
0x000000001836f0f8:   0000000000000000 0000000000000000 

Instructions: (pc=0x00000000617907d6)
0x00000000617907b6:   c0 74 14 48 8b 50 78 48 85 d2 74 07 48 89 91 80
0x00000000617907c6:   00 00 00 48 89 48 78 f3 c3 cc 48 8b 02 4c 8b c2
0x00000000617907d6:   48 8b 51 68 49 8b c8 48 ff 20 48 8b 81 90 00 00
0x00000000617907e6:   00 48 8b 00 c3 cc cc cc cc cc 40 53 48 83 ec 50 


Register to memory mapping:

RAX=0x0000000061c7f950 is an unknown value
RBX=0x0000000019374410 is an unknown value
RCX=0x00000000003c10b0 is an unknown value
RDX=0x0000000061de59f0 is an unknown value
RSP=0x000000001836f008 is an unknown value
RBP=0x0000000061de59f0 is an unknown value
RSI=0x0000000000000001 is an unknown value
RDI=0x0000000000000002 is an unknown value
R8 =0x0000000061de59f0 is an unknown value
R9 =0x0000000000000004 is an unknown value
R10=0x00000000000001fe is an unknown value
R11=0x0000000019374400 is an unknown value
R12=0x0000000000000000 is an unknown value
R13=0x0000000061de59f0 is an unknown value
R14=0x0000000061c7f858 is an unknown value
R15=0x0000000061de5960 is an unknown value


Stack: [0x0000000018270000,0x0000000018370000],  sp=0x000000001836f008,  free space=1020k
Native frames: (J=compiled Java code, j=interpreted, Vv=VM code, C=native code)
V  [jvm.dll+0x1107d6]

VM_Operation (0x0000000019eaa8c0): CollectForMetadataAllocation, mode: safepoint, requested by thread 0x00000000193fb000


---------------  P R O C E S S  ---------------

Java Threads: ( => current thread )
  0x000000001a4de000 JavaThread "Okio Watchdog" daemon [_thread_blocked, id=17832, stack(0x000000001bf80000,0x000000001c080000)]
  0x000000001a4dc000 JavaThread "OkHttp ConnectionPool" daemon [_thread_blocked, id=16288, stack(0x000000001be80000,0x000000001bf80000)]
  0x000000001a416800 JavaThread "ForkJoinPool.commonPool-worker-2" daemon [_thread_blocked, id=15916, stack(0x000000001bc80000,0x000000001bd80000)]
  0x00000000194ac000 JavaThread "ForkJoinPool.commonPool-worker-3" daemon [_thread_blocked, id=20080, stack(0x000000001bb80000,0x000000001bc80000)]
  0x000000001a45f800 JavaThread "Exec Stream Pumper" daemon [_thread_in_native, id=11540, stack(0x000000001b880000,0x000000001b980000)]
  0x000000001a4b6000 JavaThread "Exec Stream Pumper" daemon [_thread_in_native, id=18080, stack(0x000000001b780000,0x000000001b880000)]
  0x000000001a4b5800 JavaThread "Exec Default Executor" daemon [_thread_in_native, id=18188, stack(0x000000001b680000,0x000000001b780000)]
  0x00000000193fb000 JavaThread "Forwarding newSession on session null to remote" [_thread_blocked, id=15852, stack(0x0000000019db0000,0x0000000019eb0000)]
  0x00000000191d9000 JavaThread "ReaderThread" [_thread_in_native, id=18268, stack(0x0000000019cb0000,0x0000000019db0000)]
  0x0000000018a80800 JavaThread "Service Thread" daemon [_thread_blocked, id=8132, stack(0x0000000018e70000,0x0000000018f70000)]
  0x000000001720d800 JavaThread "C1 CompilerThread2" daemon [_thread_blocked, id=15860, stack(0x0000000018970000,0x0000000018a70000)]
  0x0000000017207000 JavaThread "C2 CompilerThread1" daemon [_thread_blocked, id=12016, stack(0x0000000018870000,0x0000000018970000)]
  0x0000000017205000 JavaThread "C2 CompilerThread0" daemon [_thread_blocked, id=9096, stack(0x0000000018770000,0x0000000018870000)]
  0x0000000017204000 JavaThread "Attach Listener" daemon [_thread_blocked, id=11612, stack(0x0000000018670000,0x0000000018770000)]
  0x0000000017203000 JavaThread "Signal Dispatcher" daemon [_thread_blocked, id=17684, stack(0x0000000018570000,0x0000000018670000)]
  0x0000000002f20000 JavaThread "Finalizer" daemon [_thread_blocked, id=8344, stack(0x0000000018470000,0x0000000018570000)]
  0x0000000002f17800 JavaThread "Reference Handler" daemon [_thread_blocked, id=12936, stack(0x0000000018370000,0x0000000018470000)]
  0x0000000002e33800 JavaThread "main" [_thread_blocked, id=18564, stack(0x0000000002d00000,0x0000000002e00000)]

Other Threads:
=>0x00000000171d6000 VMThread [stack: 0x0000000018270000,0x0000000018370000] [id=16660]
  0x000000001726c800 WatcherThread [stack: 0x0000000018f70000,0x0000000019070000] [id=10524]

VM state:at safepoint (normal execution)

VM Mutex/Monitor currently owned by a thread:  ([mutex/lock_event])
[0x0000000002e30d50] Threads_lock - owner thread: 0x00000000171d6000
[0x0000000002e305d0] Heap_lock - owner thread: 0x00000000193fb000

Heap:
 PSYoungGen      total 62976K, used 4578K [0x00000000dae80000, 0x00000000df080000, 0x0000000100000000)
  eden space 58368K, 0% used [0x00000000dae80000,0x00000000dae80000,0x00000000de780000)
  from space 4608K, 99% used [0x00000000dec00000,0x00000000df078b70,0x00000000df080000)
  to   space 4608K, 0% used [0x00000000de780000,0x00000000de780000,0x00000000dec00000)
 ParOldGen       total 75776K, used 9863K [0x0000000090c00000, 0x0000000095600000, 0x00000000dae80000)
  object space 75776K, 13% used [0x0000000090c00000,0x00000000915a1de0,0x0000000095600000)
 Metaspace       used 20869K, capacity 21098K, committed 21296K, reserved 1067008K
  class space    used 2777K, capacity 2873K, committed 2944K, reserved 1048576K

Card table byte_map: [0x0000000012370000,0x00000000126f0000] byte_map_base: 0x0000000011eea000

Marking Bits: (ParMarkBitMap*) 0x0000000061e22bd0
 Begin Bits: [0x0000000012d50000, 0x0000000014920000)
 End Bits:   [0x0000000014920000, 0x00000000164f0000)

Polling page: 0x0000000002e10000

CodeCache: size=245760Kb used=5826Kb max_used=5868Kb free=239933Kb
 bounds [0x0000000002fb0000, 0x0000000003570000, 0x0000000011fb0000]
 total_blobs=2237 nmethods=1811 adapters=341
 compilation: enabled

Compilation events (10 events):
Event: 9.543 Thread 0x000000001720d800 2021       3       java.lang.Enum::<init> (15 bytes)
Event: 9.544 Thread 0x000000001720d800 nmethod 2021 0x0000000003256f50 code [0x00000000032570c0, 0x00000000032572b0]
Event: 9.558 Thread 0x000000001720d800 2022       3       com.google.common.collect.ImmutableList$Builder::getReadyToExpandTo (66 bytes)
Event: 9.559 Thread 0x000000001720d800 nmethod 2022 0x0000000003256590 code [0x0000000003256740, 0x0000000003256c88]
Event: 9.560 Thread 0x000000001720d800 2023       3       com.google.common.collect.ImmutableList$Builder::add (34 bytes)
Event: 9.560 Thread 0x000000001720d800 nmethod 2023 0x000000000356e050 code [0x000000000356e1e0, 0x000000000356e678]
Event: 9.564 Thread 0x000000001720d800 2024       3       com.google.common.base.Splitter$1$1::separatorEnd (4 bytes)
Event: 9.564 Thread 0x000000001720d800 nmethod 2024 0x000000000356dcd0 code [0x000000000356de20, 0x000000000356dfb0]
Event: 9.564 Thread 0x000000001720d800 2025       3       com.google.common.base.AbstractIterator::next (34 bytes)
Event: 9.565 Thread 0x000000001720d800 nmethod 2025 0x000000000356d6d0 code [0x000000000356d840, 0x000000000356dbb8]

GC Heap History (9 events):
Event: 1.708 GC heap before
{Heap before GC invocations=1 (full 0):
 PSYoungGen      total 33792K, used 29184K [0x00000000dae80000, 0x00000000dd400000, 0x0000000100000000)
  eden space 29184K, 100% used [0x00000000dae80000,0x00000000dcb00000,0x00000000dcb00000)
  from space 4608K, 0% used [0x00000000dcf80000,0x00000000dcf80000,0x00000000dd400000)
  to   space 4608K, 0% used [0x00000000dcb00000,0x00000000dcb00000,0x00000000dcf80000)
 ParOldGen       total 75776K, used 0K [0x0000000090c00000, 0x0000000095600000, 0x00000000dae80000)
  object space 75776K, 0% used [0x0000000090c00000,0x0000000090c00000,0x0000000095600000)
 Metaspace       used 8579K, capacity 8742K, committed 9088K, reserved 1056768K
  class space    used 996K, capacity 1043K, committed 1152K, reserved 1048576K
Event: 1.719 GC heap after
Heap after GC invocations=1 (full 0):
 PSYoungGen      total 33792K, used 4598K [0x00000000dae80000, 0x00000000dd400000, 0x0000000100000000)
  eden space 29184K, 0% used [0x00000000dae80000,0x00000000dae80000,0x00000000dcb00000)
  from space 4608K, 99% used [0x00000000dcb00000,0x00000000dcf7d8f0,0x00000000dcf80000)
  to   space 4608K, 0% used [0x00000000dcf80000,0x00000000dcf80000,0x00000000dd400000)
 ParOldGen       total 75776K, used 264K [0x0000000090c00000, 0x0000000095600000, 0x00000000dae80000)
  object space 75776K, 0% used [0x0000000090c00000,0x0000000090c420d8,0x0000000095600000)
 Metaspace       used 8579K, capacity 8742K, committed 9088K, reserved 1056768K
  class space    used 996K, capacity 1043K, committed 1152K, reserved 1048576K
}
Event: 2.571 GC heap before
{Heap before GC invocations=2 (full 0):
 PSYoungGen      total 33792K, used 33782K [0x00000000dae80000, 0x00000000dd400000, 0x0000000100000000)
  eden space 29184K, 100% used [0x00000000dae80000,0x00000000dcb00000,0x00000000dcb00000)
  from space 4608K, 99% used [0x00000000dcb00000,0x00000000dcf7d8f0,0x00000000dcf80000)
  to   space 4608K, 0% used [0x00000000dcf80000,0x00000000dcf80000,0x00000000dd400000)
 ParOldGen       total 75776K, used 264K [0x0000000090c00000, 0x0000000095600000, 0x00000000dae80000)
  object space 75776K, 0% used [0x0000000090c00000,0x0000000090c420d8,0x0000000095600000)
 Metaspace       used 12529K, capacity 12646K, committed 12928K, reserved 1060864K
  class space    used 1521K, capacity 1555K, committed 1664K, reserved 1048576K
Event: 2.586 GC heap after
Heap after GC invocations=2 (full 0):
 PSYoungGen      total 33792K, used 4593K [0x00000000dae80000, 0x00000000df080000, 0x0000000100000000)
  eden space 29184K, 0% used [0x00000000dae80000,0x00000000dae80000,0x00000000dcb00000)
  from space 4608K, 99% used [0x00000000dcf80000,0x00000000dd3fc550,0x00000000dd400000)
  to   space 4608K, 0% used [0x00000000dcb00000,0x00000000dcb00000,0x00000000dcf80000)
 ParOldGen       total 75776K, used 2898K [0x0000000090c00000, 0x0000000095600000, 0x00000000dae80000)
  object space 75776K, 3% used [0x0000000090c00000,0x0000000090ed4be8,0x0000000095600000)
 Metaspace       used 12529K, capacity 12646K, committed 12928K, reserved 1060864K
  class space    used 1521K, capacity 1555K, committed 1664K, reserved 1048576K
}
Event: 3.692 GC heap before
{Heap before GC invocations=3 (full 0):
 PSYoungGen      total 33792K, used 33777K [0x00000000dae80000, 0x00000000df080000, 0x0000000100000000)
  eden space 29184K, 100% used [0x00000000dae80000,0x00000000dcb00000,0x00000000dcb00000)
  from space 4608K, 99% used [0x00000000dcf80000,0x00000000dd3fc550,0x00000000dd400000)
  to   space 4608K, 0% used [0x00000000dcb00000,0x00000000dcb00000,0x00000000dcf80000)
 ParOldGen       total 75776K, used 2898K [0x0000000090c00000, 0x0000000095600000, 0x00000000dae80000)
  object space 75776K, 3% used [0x0000000090c00000,0x0000000090ed4be8,0x0000000095600000)
 Metaspace       used 17901K, capacity 18040K, committed 18304K, reserved 1064960K
  class space    used 2329K, capacity 2362K, committed 2432K, reserved 1048576K
Event: 3.712 GC heap after
Heap after GC invocations=3 (full 0):
 PSYoungGen      total 33792K, used 4583K [0x00000000dae80000, 0x00000000df080000, 0x0000000100000000)
  eden space 29184K, 0% used [0x00000000dae80000,0x00000000dae80000,0x00000000dcb00000)
  from space 4608K, 99% used [0x00000000dcb00000,0x00000000dcf79c80,0x00000000dcf80000)
  to   space 4608K, 0% used [0x00000000dec00000,0x00000000dec00000,0x00000000df080000)
 ParOldGen       total 75776K, used 7077K [0x0000000090c00000, 0x0000000095600000, 0x00000000dae80000)
  object space 75776K, 9% used [0x0000000090c00000,0x00000000912e9530,0x0000000095600000)
 Metaspace       used 17901K, capacity 18040K, committed 18304K, reserved 1064960K
  class space    used 2329K, capacity 2362K, committed 2432K, reserved 1048576K
}
Event: 9.566 GC heap before
{Heap before GC invocations=4 (full 0):
 PSYoungGen      total 33792K, used 28557K [0x00000000dae80000, 0x00000000df080000, 0x0000000100000000)
  eden space 29184K, 82% used [0x00000000dae80000,0x00000000dc5e9a28,0x00000000dcb00000)
  from space 4608K, 99% used [0x00000000dcb00000,0x00000000dcf79c80,0x00000000dcf80000)
  to   space 4608K, 0% used [0x00000000dec00000,0x00000000dec00000,0x00000000df080000)
 ParOldGen       total 75776K, used 7077K [0x0000000090c00000, 0x0000000095600000, 0x00000000dae80000)
  object space 75776K, 9% used [0x0000000090c00000,0x00000000912e9530,0x0000000095600000)
 Metaspace       used 20869K, capacity 21098K, committed 21296K, reserved 1067008K
  class space    used 2777K, capacity 2873K, committed 2944K, reserved 1048576K
Event: 9.607 GC heap after
Heap after GC invocations=4 (full 0):
 PSYoungGen      total 62976K, used 4578K [0x00000000dae80000, 0x00000000df080000, 0x0000000100000000)
  eden space 58368K, 0% used [0x00000000dae80000,0x00000000dae80000,0x00000000de780000)
  from space 4608K, 99% used [0x00000000dec00000,0x00000000df078b70,0x00000000df080000)
  to   space 4608K, 0% used [0x00000000de780000,0x00000000de780000,0x00000000dec00000)
 ParOldGen       total 75776K, used 9863K [0x0000000090c00000, 0x0000000095600000, 0x00000000dae80000)
  object space 75776K, 13% used [0x0000000090c00000,0x00000000915a1de0,0x0000000095600000)
 Metaspace       used 20869K, capacity 21098K, committed 21296K, reserved 1067008K
  class space    used 2777K, capacity 2873K, committed 2944K, reserved 1048576K
}
Event: 9.607 GC heap before
{Heap before GC invocations=5 (full 1):
 PSYoungGen      total 62976K, used 4578K [0x00000000dae80000, 0x00000000df080000, 0x0000000100000000)
  eden space 58368K, 0% used [0x00000000dae80000,0x00000000dae80000,0x00000000de780000)
  from space 4608K, 99% used [0x00000000dec00000,0x00000000df078b70,0x00000000df080000)
  to   space 4608K, 0% used [0x00000000de780000,0x00000000de780000,0x00000000dec00000)
 ParOldGen       total 75776K, used 9863K [0x0000000090c00000, 0x0000000095600000, 0x00000000dae80000)
  object space 75776K, 13% used [0x0000000090c00000,0x00000000915a1de0,0x0000000095600000)
 Metaspace       used 20869K, capacity 21098K, committed 21296K, reserved 1067008K
  class space    used 2777K, capacity 2873K, committed 2944K, reserved 1048576K

Deoptimization events (10 events):
Event: 3.562 Thread 0x00000000193fb000 Uncommon trap: reason=class_check action=maybe_recompile pc=0x0000000003359bfc method=java.util.HashSet.add(Ljava/lang/Object;)Z @ 8
Event: 3.564 Thread 0x00000000193fb000 Uncommon trap: reason=class_check action=maybe_recompile pc=0x0000000003359bfc method=java.util.HashSet.add(Ljava/lang/Object;)Z @ 8
Event: 4.467 Thread 0x00000000193fb000 Uncommon trap: reason=class_check action=maybe_recompile pc=0x0000000003427678 method=org.openqa.selenium.json.Input.init()V @ 18
Event: 4.468 Thread 0x00000000193fb000 Uncommon trap: reason=class_check action=maybe_recompile pc=0x0000000003427678 method=org.openqa.selenium.json.Input.init()V @ 18
Event: 4.468 Thread 0x00000000193fb000 Uncommon trap: reason=class_check action=maybe_recompile pc=0x0000000003427678 method=org.openqa.selenium.json.Input.init()V @ 18
Event: 4.468 Thread 0x00000000193fb000 Uncommon trap: reason=class_check action=maybe_recompile pc=0x0000000003427678 method=org.openqa.selenium.json.Input.init()V @ 18
Event: 4.871 Thread 0x00000000193fb000 Uncommon trap: reason=class_check action=maybe_recompile pc=0x0000000003364750 method=java.io.FilterInputStream.read([BII)I @ 7
Event: 4.872 Thread 0x00000000193fb000 Uncommon trap: reason=class_check action=maybe_recompile pc=0x0000000003364750 method=java.io.FilterInputStream.read([BII)I @ 7
Event: 4.872 Thread 0x00000000193fb000 Uncommon trap: reason=class_check action=maybe_recompile pc=0x0000000003364750 method=java.io.FilterInputStream.read([BII)I @ 7
Event: 4.877 Thread 0x00000000193fb000 Uncommon trap: reason=class_check action=maybe_recompile pc=0x0000000003364750 method=java.io.FilterInputStream.read([BII)I @ 7

Internal exceptions (10 events):
Event: 9.530 Thread 0x00000000193fb000 Exception <a 'java/security/PrivilegedActionException'> (0x00000000dc50c9d8) thrown at [D:\re\workspace\8-2-build-windows-amd64-cygwin\jdk8\563\hotspot\src\share\vm\prims\jvm.cpp, line 1248]
Event: 9.537 Thread 0x00000000193fb000 Exception <a 'java/security/PrivilegedActionException'> (0x00000000dc51b8b8) thrown at [D:\re\workspace\8-2-build-windows-amd64-cygwin\jdk8\563\hotspot\src\share\vm\prims\jvm.cpp, line 1248]
Event: 9.540 Thread 0x00000000193fb000 Exception <a 'java/security/PrivilegedActionException'> (0x00000000dc526c80) thrown at [D:\re\workspace\8-2-build-windows-amd64-cygwin\jdk8\563\hotspot\src\share\vm\prims\jvm.cpp, line 1248]
Event: 9.541 Thread 0x00000000193fb000 Exception <a 'java/security/PrivilegedActionException'> (0x00000000dc52e970) thrown at [D:\re\workspace\8-2-build-windows-amd64-cygwin\jdk8\563\hotspot\src\share\vm\prims\jvm.cpp, line 1248]
Event: 9.541 Thread 0x00000000193fb000 Exception <a 'java/security/PrivilegedActionException'> (0x00000000dc537760) thrown at [D:\re\workspace\8-2-build-windows-amd64-cygwin\jdk8\563\hotspot\src\share\vm\prims\jvm.cpp, line 1248]
Event: 9.542 Thread 0x00000000193fb000 Exception <a 'java/security/PrivilegedActionException'> (0x00000000dc5425e8) thrown at [D:\re\workspace\8-2-build-windows-amd64-cygwin\jdk8\563\hotspot\src\share\vm\prims\jvm.cpp, line 1248]
Event: 9.542 Thread 0x00000000193fb000 Exception <a 'java/security/PrivilegedActionException'> (0x00000000dc54cc68) thrown at [D:\re\workspace\8-2-build-windows-amd64-cygwin\jdk8\563\hotspot\src\share\vm\prims\jvm.cpp, line 1248]
Event: 9.553 Thread 0x00000000193fb000 Exception <a 'java/security/PrivilegedActionException'> (0x00000000dc557130) thrown at [D:\re\workspace\8-2-build-windows-amd64-cygwin\jdk8\563\hotspot\src\share\vm\prims\jvm.cpp, line 1248]
Event: 9.556 Thread 0x00000000193fb000 Exception <a 'java/security/PrivilegedActionException'> (0x00000000dc560728) thrown at [D:\re\workspace\8-2-build-windows-amd64-cygwin\jdk8\563\hotspot\src\share\vm\prims\jvm.cpp, line 1248]
Event: 9.565 Thread 0x00000000193fb000 Exception <a 'java/security/PrivilegedActionException'> (0x00000000dc56e8a8) thrown at [D:\re\workspace\8-2-build-windows-amd64-cygwin\jdk8\563\hotspot\src\share\vm\prims\jvm.cpp, line 1248]

Events (10 events):
Event: 9.542 loading class org/openqa/selenium/interactions/PointerInput$Move done
Event: 9.542 loading class org/openqa/selenium/interactions/PointerInput$Kind
Event: 9.542 loading class org/openqa/selenium/interactions/PointerInput$Kind done
Event: 9.543 loading class org/openqa/selenium/interactions/KeyInput
Event: 9.543 loading class org/openqa/selenium/interactions/KeyInput done
Event: 9.556 loading class org/openqa/selenium/interactions/KeyInput$TypingInteraction
Event: 9.556 loading class org/openqa/selenium/interactions/KeyInput$TypingInteraction done
Event: 9.565 loading class org/openqa/selenium/remote/http/W3CHttpResponseCodec
Event: 9.565 loading class org/openqa/selenium/remote/http/W3CHttpResponseCodec done
Event: 9.565 Executing VM operation: CollectForMetadataAllocation


Dynamic libraries:
0x00007ff636700000 - 0x00007ff636734000 	C:\Program Files\Java\jre8\bin\javaw.exe
0x00007ff9375c0000 - 0x00007ff937781000 	C:\Windows\SYSTEM32\ntdll.dll
0x00007ff937340000 - 0x00007ff9373ed000 	C:\Windows\system32\KERNEL32.DLL
0x00007ff934180000 - 0x00007ff934368000 	C:\Windows\system32\KERNELBASE.dll
0x00007ff936ac0000 - 0x00007ff936b67000 	C:\Windows\system32\ADVAPI32.dll
0x00007ff936a20000 - 0x00007ff936abd000 	C:\Windows\system32\msvcrt.dll
0x00007ff936790000 - 0x00007ff9367eb000 	C:\Windows\system32\sechost.dll
0x00007ff936cf0000 - 0x00007ff936e0d000 	C:\Windows\system32\RPCRT4.dll
0x00007ff936630000 - 0x00007ff936786000 	C:\Windows\system32\USER32.dll
0x00007ff936880000 - 0x00007ff936a07000 	C:\Windows\system32\GDI32.dll
0x00007ff92a670000 - 0x00007ff92a8e4000 	C:\Windows\WinSxS\amd64_microsoft.windows.common-controls_6595b64144ccf1df_6.0.10586.839_none_a2ddba30a539a2ae\COMCTL32.dll
0x00007ff936080000 - 0x00007ff9362fe000 	C:\Windows\system32\combase.dll
0x00007ff933e40000 - 0x00007ff933eaa000 	C:\Windows\system32\bcryptPrimitives.dll
0x00007ff9372a0000 - 0x00007ff9372db000 	C:\Windows\system32\IMM32.DLL
0x0000000061ea0000 - 0x0000000061f72000 	C:\Program Files\Java\jre8\bin\msvcr100.dll
0x0000000061680000 - 0x0000000061e99000 	C:\Program Files\Java\jre8\bin\server\jvm.dll
0x00007ff9375b0000 - 0x00007ff9375b8000 	C:\Windows\system32\PSAPI.DLL
0x00007ff92e100000 - 0x00007ff92e109000 	C:\Windows\SYSTEM32\WSOCK32.dll
0x00007ff931f20000 - 0x00007ff931f43000 	C:\Windows\SYSTEM32\WINMM.dll
0x00007ff936c80000 - 0x00007ff936ceb000 	C:\Windows\system32\WS2_32.dll
0x00007ff931ec0000 - 0x00007ff931eec000 	C:\Windows\SYSTEM32\WINMMBASE.dll
0x00007ff934000000 - 0x00007ff934043000 	C:\Windows\system32\cfgmgr32.dll
0x0000000061670000 - 0x000000006167f000 	C:\Program Files\Java\jre8\bin\verify.dll
0x0000000061640000 - 0x0000000061668000 	C:\Program Files\Java\jre8\bin\java.dll
0x0000000061620000 - 0x0000000061636000 	C:\Program Files\Java\jre8\bin\zip.dll
0x00007ff9349c0000 - 0x00007ff935f1c000 	C:\Windows\system32\SHELL32.dll
0x00007ff934370000 - 0x00007ff9349b5000 	C:\Windows\system32\windows.storage.dll
0x00007ff9372e0000 - 0x00007ff937332000 	C:\Windows\system32\shlwapi.dll
0x00007ff933bf0000 - 0x00007ff933bff000 	C:\Windows\system32\kernel.appcore.dll
0x00007ff933eb0000 - 0x00007ff933f65000 	C:\Windows\system32\shcore.dll
0x00007ff933c00000 - 0x00007ff933c4b000 	C:\Windows\system32\powrprof.dll
0x00007ff933c50000 - 0x00007ff933c64000 	C:\Windows\system32\profapi.dll
0x0000000061600000 - 0x0000000061619000 	C:\Program Files\Java\jre8\bin\net.dll
0x00007ff933510000 - 0x00007ff93356c000 	C:\Windows\system32\mswsock.dll
0x00007ff932710000 - 0x00007ff9327ba000 	C:\Windows\SYSTEM32\DNSAPI.dll
0x00007ff936a10000 - 0x00007ff936a18000 	C:\Windows\system32\NSI.dll
0x00007ff92b490000 - 0x00007ff92b49a000 	C:\Windows\System32\rasadhlp.dll
0x00007ff92e440000 - 0x00007ff92e4a7000 	C:\Windows\System32\fwpuclnt.dll
0x00007ff933a70000 - 0x00007ff933a99000 	C:\Windows\SYSTEM32\bcrypt.dll
0x00007ff9335c0000 - 0x00007ff9335d7000 	C:\Windows\SYSTEM32\CRYPTSP.dll
0x00007ff933250000 - 0x00007ff933284000 	C:\Windows\system32\rsaenh.dll
0x00007ff9333a0000 - 0x00007ff9333bf000 	C:\Windows\SYSTEM32\USERENV.dll
0x00007ff9336e0000 - 0x00007ff9336eb000 	C:\Windows\SYSTEM32\CRYPTBASE.dll
0x00007ff91e670000 - 0x00007ff91e686000 	C:\Windows\system32\napinsp.dll
0x00007ff91e690000 - 0x00007ff91e6aa000 	C:\Windows\system32\pnrpnsp.dll
0x00007ff9316a0000 - 0x00007ff9316b8000 	C:\Windows\system32\NLAapi.dll
0x00007ff91e6b0000 - 0x00007ff91e6bd000 	C:\Windows\System32\winrnr.dll
0x00007ff91e6c0000 - 0x00007ff91e6d5000 	C:\Windows\System32\wshbth.dll
0x00007ff92fb20000 - 0x00007ff92fb58000 	C:\Windows\SYSTEM32\IPHLPAPI.DLL
0x00000000615e0000 - 0x00000000615f1000 	C:\Program Files\Java\jre8\bin\nio.dll
0x00000000615b0000 - 0x00000000615d4000 	C:\Program Files\Java\jre8\bin\sunec.dll
0x0000000062120000 - 0x000000006212b000 	C:\Program Files\Java\jre8\bin\sunmscapi.dll
0x00007ff933c70000 - 0x00007ff933e38000 	C:\Windows\system32\CRYPT32.dll
0x00007ff933be0000 - 0x00007ff933bf0000 	C:\Windows\system32\MSASN1.dll
0x00007ff92df30000 - 0x00007ff92df46000 	C:\Windows\SYSTEM32\dhcpcsvc6.DLL
0x00007ff92e0e0000 - 0x00007ff92e0fa000 	C:\Windows\SYSTEM32\dhcpcsvc.DLL
0x00007ff911ce0000 - 0x00007ff911e6c000 	C:\Windows\SYSTEM32\dbghelp.dll

VM Arguments:
jvm_args: -ea -Dfile.encoding=Cp1252 
java_command: org.testng.remote.RemoteTestNG -serport 52644 -protocol json -d E:\New Projects\eSign\test-output E:\New Projects\eSign\Build\Package.xml
java_class_path (initial): E:\Softwares\eclipse\configuration\org.eclipse.osgi\935\0\.cp\lib\testng-remote.jar;E:\New Projects\eSign\target\test-classes;E:\New Projects\eSign\target\classes;C:\Users\admin\.m2\repository\org\testng\testng\6.14.2\testng-6.14.2.jar;C:\Users\admin\.m2\repository\com\beust\jcommander\1.72\jcommander-1.72.jar;C:\Users\admin\.m2\repository\org\apache-extras\beanshell\bsh\2.0b6\bsh-2.0b6.jar;C:\Users\admin\.m2\repository\org\seleniumhq\selenium\selenium-java\3.13.0\selenium-java-3.13.0.jar;C:\Users\admin\.m2\repository\org\seleniumhq\selenium\selenium-edge-driver\3.13.0\selenium-edge-driver-3.13.0.jar;C:\Users\admin\.m2\repository\org\seleniumhq\selenium\selenium-ie-driver\3.13.0\selenium-ie-driver-3.13.0.jar;C:\Users\admin\.m2\repository\org\seleniumhq\selenium\selenium-opera-driver\3.13.0\selenium-opera-driver-3.13.0.jar;C:\Users\admin\.m2\repository\org\seleniumhq\selenium\selenium-safari-driver\3.13.0\selenium-safari-driver-3.13.0.jar;C:\Users\admin\.m2\repository\org\seleniumhq\selenium\selenium-support\3.13.0\selenium-support-3.13.0.jar;C:\Users\admin\.m2\repository\net\bytebuddy\byte-buddy\1.8.3\byte-buddy-1.8.3.jar;C:\Users\admin\.m2\repository\org\apache\commons\commons-exec\1.3\commons-exec-1.3.jar;C:\Users\admin\.m2\repository\commons-codec\commons-codec\1.10\commons-codec-1.10.jar;C:\Users\admin\.m2\repository\commons-logging\commons-logging\1.2\commons-logging-1.2.jar;C:\Users\admin\.m2\repository\com\google\code\gson\gson\2.8.4\gson-2.8.4.jar;C:\Users\admin\.m2\repository\com\google\guava\guava\25.0-jre\guava-25.0-jre.jar;C:\Users\admin\.m2\repository\com\google\code\findbugs\jsr305\1.3.9\jsr305-1.3.9.jar;C:\Users\admin\.m2\repository\org\checkerframework\checker-compat-qual\2.0.0\checker-compat-qual-2.0.0.jar;C:\Users\admin\.m2\repository\com\google\errorprone\error_prone_annotations\2.1.3\error_prone_annotations-2.1.3.jar;C:\Users\admin\.m2\repository\com\google\j2objc\j2objc-annotations\1.1\j2objc-annotations-1.1.jar;C:\U
Launcher Type: SUN_STANDARD

Environment Variables:
JAVA_HOME=C:\Program Files\Java\jdk1.8.0
PATH=C:\Windows\system32;C:\Windows;C:\Windows\System32\Wbem;C:\Windows\System32\WindowsPowerShell\v1.0\;C:\Program Files (x86)\Skype\Phone\;E:\Backup Folder\Chirag Backup\Software\apache-maven-3.5.2-bin\apache-maven-3.5.2\bin;C:\Program Files\Java\jdk1.8.0\bin
USERNAME=admin
OS=Windows_NT
PROCESSOR_IDENTIFIER=AMD64 Family 21 Model 48 Stepping 1, AuthenticAMD



---------------  S Y S T E M  ---------------

OS: Windows 8.1 , 64 bit Build 9600 

CPU:total 4 (4 cores per cpu, 1 threads per core) family 21 model 48 stepping 1, cmov, cx8, fxsr, mmx, sse, sse2, sse3, ssse3, sse4.1, sse4.2, popcnt, avx, aes, clmul, mmxext, 3dnowpref, lzcnt, sse4a, tsc, tscinvbit

Memory: 4k page, physical 7284048k(2232544k free), swap 11085136k(2663040k free)

vm_info: Java HotSpot(TM) 64-Bit Server VM (25.0-b55) for windows-amd64 JRE (1.8.0-ea-b113), built on Oct 24 2013 10:27:42 by "java_re" with MS VC++ 10.0 (VS2010)

time: Wed Sep 26 11:34:22 2018
elapsed time: 9 seconds

