#
# A fatal error has been detected by the Java Runtime Environment:
#
#  EXCEPTION_ACCESS_VIOLATION (0xc0000005) at pc=0x00000000617907d6, pid=2880, tid=9544
#
# JRE version: Java(TM) SE Runtime Environment (8.0-b113) (build 1.8.0-ea-b113)
# Java VM: Java HotSpot(TM) 64-Bit Server VM (25.0-b55 mixed mode windows-amd64 compressed oops)
# Problematic frame:
# V  [jvm.dll+0x1107d6]
#
# Failed to write core dump. Minidumps are not enabled by default on client versions of Windows
#
# If you would like to submit a bug report, please visit:
#   http://bugreport.sun.com/bugreport/crash.jsp
#

---------------  T H R E A D  ---------------

Current thread (0x0000000016f65000):  VMThread [stack: 0x0000000018040000,0x0000000018140000] [id=9544]

siginfo: ExceptionCode=0xc0000005, reading address 0x0000000000033288

Registers:
RAX=0x0000000061c7f950, RBX=0x00000000195920a0, RCX=0x0000000000033220, RDX=0x0000000061de59f0
RSP=0x000000001813eec8, RBP=0x0000000061de59f0, RSI=0x0000000000000001, RDI=0x0000000000000002
R8 =0x0000000061de59f0, R9 =0x0000000000000004, R10=0x00000000000001fe, R11=0x0000000019592090
R12=0x0000000000000000, R13=0x0000000061de59f0, R14=0x0000000061c7f858, R15=0x0000000061de5960
RIP=0x00000000617907d6, EFLAGS=0x0000000000010202

Top of Stack: (sp=0x000000001813eec8)
0x000000001813eec8:   000000006179a298 0000000000000000
0x000000001813eed8:   0000000061709e8c 0000000000000000
0x000000001813eee8:   000000001813ef69 00000008001f7428
0x000000001813eef8:   00000000616b4a53 0000000061de59f0
0x000000001813ef08:   0000000019592090 0000000000000000
0x000000001813ef18:   0000000000000000 000000001b2cfc28
0x000000001813ef28:   00000000617736dd 0000000019592090
0x000000001813ef38:   0000000000000000 0000000000000000
0x000000001813ef48:   000000001b2cfc28 0000000061c37260
0x000000001813ef58:   0000000000000000 00000008001f7428
0x000000001813ef68:   00000000617919a2 00000008001f7028
0x000000001813ef78:   000000001813efe8 0000000061de59f0
0x000000001813ef88:   00000000616dad8d 0000000061c37260
0x000000001813ef98:   00000000000001fe ffffffffffffff00
0x000000001813efa8:   0000000000000004 0000000000000103
0x000000001813efb8:   0000000000000000 0000000000000000 

Instructions: (pc=0x00000000617907d6)
0x00000000617907b6:   c0 74 14 48 8b 50 78 48 85 d2 74 07 48 89 91 80
0x00000000617907c6:   00 00 00 48 89 48 78 f3 c3 cc 48 8b 02 4c 8b c2
0x00000000617907d6:   48 8b 51 68 49 8b c8 48 ff 20 48 8b 81 90 00 00
0x00000000617907e6:   00 48 8b 00 c3 cc cc cc cc cc 40 53 48 83 ec 50 


Register to memory mapping:

RAX=0x0000000061c7f950 is an unknown value
RBX=0x00000000195920a0 is an unknown value
RCX=0x0000000000033220 is an unknown value
RDX=0x0000000061de59f0 is an unknown value
RSP=0x000000001813eec8 is an unknown value
RBP=0x0000000061de59f0 is an unknown value
RSI=0x0000000000000001 is an unknown value
RDI=0x0000000000000002 is an unknown value
R8 =0x0000000061de59f0 is an unknown value
R9 =0x0000000000000004 is an unknown value
R10=0x00000000000001fe is an unknown value
R11=0x0000000019592090 is an unknown value
R12=0x0000000000000000 is an unknown value
R13=0x0000000061de59f0 is an unknown value
R14=0x0000000061c7f858 is an unknown value
R15=0x0000000061de5960 is an unknown value


Stack: [0x0000000018040000,0x0000000018140000],  sp=0x000000001813eec8,  free space=1019k
Native frames: (J=compiled Java code, j=interpreted, Vv=VM code, C=native code)
V  [jvm.dll+0x1107d6]

VM_Operation (0x0000000019d7ab10): CollectForMetadataAllocation, mode: safepoint, requested by thread 0x0000000019210000


---------------  P R O C E S S  ---------------

Java Threads: ( => current thread )
  0x000000001956e800 JavaThread "Okio Watchdog" daemon [_thread_blocked, id=4724, stack(0x000000001be50000,0x000000001bf50000)]
  0x000000001a1a7800 JavaThread "OkHttp ConnectionPool" daemon [_thread_blocked, id=9680, stack(0x000000001bd50000,0x000000001be50000)]
  0x000000001a1a6800 JavaThread "ForkJoinPool.commonPool-worker-1" daemon [_thread_blocked, id=9132, stack(0x000000001bc50000,0x000000001bd50000)]
  0x000000001a789000 JavaThread "ForkJoinPool.commonPool-worker-3" daemon [_thread_blocked, id=220, stack(0x000000001ba50000,0x000000001bb50000)]
  0x000000001a2ca000 JavaThread "Exec Stream Pumper" daemon [_thread_in_native, id=9420, stack(0x000000001b750000,0x000000001b850000)]
  0x0000000019574800 JavaThread "Exec Stream Pumper" daemon [_thread_in_native, id=1668, stack(0x000000001b650000,0x000000001b750000)]
  0x000000001a78c000 JavaThread "Exec Default Executor" daemon [_thread_in_native, id=9672, stack(0x000000001b550000,0x000000001b650000)]
  0x0000000019210000 JavaThread "TestNG-tests-1" [_thread_blocked, id=120, stack(0x0000000019c80000,0x0000000019d80000)]
  0x0000000018fcc000 JavaThread "ReaderThread" [_thread_in_native, id=7240, stack(0x0000000019b80000,0x0000000019c80000)]
  0x0000000018848800 JavaThread "Service Thread" daemon [_thread_blocked, id=5748, stack(0x0000000018c40000,0x0000000018d40000)]
  0x0000000016f9b800 JavaThread "C1 CompilerThread2" daemon [_thread_blocked, id=10016, stack(0x0000000018740000,0x0000000018840000)]
  0x0000000016f96800 JavaThread "C2 CompilerThread1" daemon [_thread_blocked, id=5100, stack(0x0000000018640000,0x0000000018740000)]
  0x0000000016f94800 JavaThread "C2 CompilerThread0" daemon [_thread_blocked, id=3932, stack(0x0000000018540000,0x0000000018640000)]
  0x0000000016f93000 JavaThread "Attach Listener" daemon [_thread_blocked, id=3248, stack(0x0000000018440000,0x0000000018540000)]
  0x0000000016f92000 JavaThread "Signal Dispatcher" daemon [_thread_blocked, id=3244, stack(0x0000000018340000,0x0000000018440000)]
  0x0000000002d2e800 JavaThread "Finalizer" daemon [_thread_blocked, id=340, stack(0x0000000018240000,0x0000000018340000)]
  0x0000000002d26000 JavaThread "Reference Handler" daemon [_thread_blocked, id=6348, stack(0x0000000018140000,0x0000000018240000)]
  0x0000000002c43800 JavaThread "main" [_thread_blocked, id=8632, stack(0x0000000002b40000,0x0000000002c40000)]

Other Threads:
=>0x0000000016f65000 VMThread [stack: 0x0000000018040000,0x0000000018140000] [id=9544]
  0x0000000018869800 WatcherThread [stack: 0x0000000018d40000,0x0000000018e40000] [id=4332]

VM state:at safepoint (normal execution)

VM Mutex/Monitor currently owned by a thread:  ([mutex/lock_event])
[0x0000000002c40e50] Threads_lock - owner thread: 0x0000000016f65000
[0x0000000002c40750] Heap_lock - owner thread: 0x0000000019210000

Heap:
 PSYoungGen      total 62976K, used 4576K [0x00000000dae80000, 0x00000000df080000, 0x0000000100000000)
  eden space 58368K, 0% used [0x00000000dae80000,0x00000000dae80000,0x00000000de780000)
  from space 4608K, 99% used [0x00000000dec00000,0x00000000df078070,0x00000000df080000)
  to   space 4608K, 0% used [0x00000000de780000,0x00000000de780000,0x00000000dec00000)
 ParOldGen       total 75776K, used 9875K [0x0000000090c00000, 0x0000000095600000, 0x00000000dae80000)
  object space 75776K, 13% used [0x0000000090c00000,0x00000000915a4e70,0x0000000095600000)
 Metaspace       used 20906K, capacity 21114K, committed 21296K, reserved 1067008K
  class space    used 2782K, capacity 2875K, committed 2944K, reserved 1048576K

Card table byte_map: [0x0000000012100000,0x0000000012480000] byte_map_base: 0x0000000011c7a000

Marking Bits: (ParMarkBitMap*) 0x0000000061e22bd0
 Begin Bits: [0x0000000012ae0000, 0x00000000146b0000)
 End Bits:   [0x00000000146b0000, 0x0000000016280000)

Polling page: 0x00000000010d0000

CodeCache: size=245760Kb used=5802Kb max_used=5843Kb free=239957Kb
 bounds [0x0000000002d40000, 0x0000000003310000, 0x0000000011d40000]
 total_blobs=2222 nmethods=1797 adapters=340
 compilation: enabled

Compilation events (10 events):
Event: 8.623 Thread 0x0000000016f9b800 2025       3       com.google.common.collect.ImmutableSet$SetBuilderImpl::addDedupedElement (28 bytes)
Event: 8.624 Thread 0x0000000016f9b800 nmethod 2025 0x00000000032fd110 code [0x00000000032fd2a0, 0x00000000032fd818]
Event: 8.624 Thread 0x0000000016f9b800 2026       3       com.google.common.collect.ImmutableSet$Builder::add (23 bytes)
Event: 8.624 Thread 0x0000000016f9b800 nmethod 2026 0x00000000032fc810 code [0x00000000032fc9c0, 0x00000000032fcf68]
Event: 8.624 Thread 0x0000000016f9b800 2027       1       com.google.common.collect.ImmutableEntry::getValue (5 bytes)
Event: 8.624 Thread 0x0000000016f9b800 nmethod 2027 0x00000000032f3c10 code [0x00000000032f3d60, 0x00000000032f3eb0]
Event: 8.624 Thread 0x0000000016f9b800 2028       3       org.openqa.selenium.json.JsonOutput$$Lambda$89::test (12 bytes)
Event: 8.624 Thread 0x0000000016f9b800 nmethod 2028 0x00000000032fbdd0 code [0x00000000032fbf80, 0x00000000032fc658]
Event: 8.624 Thread 0x0000000016f9b800 2029       3       org.openqa.selenium.json.JsonOutput::lambda$write$26 (27 bytes)
Event: 8.625 Thread 0x0000000016f9b800 nmethod 2029 0x0000000002eed7d0 code [0x0000000002eed960, 0x0000000002eede98]

GC Heap History (9 events):
Event: 1.593 GC heap before
{Heap before GC invocations=1 (full 0):
 PSYoungGen      total 33792K, used 29184K [0x00000000dae80000, 0x00000000dd400000, 0x0000000100000000)
  eden space 29184K, 100% used [0x00000000dae80000,0x00000000dcb00000,0x00000000dcb00000)
  from space 4608K, 0% used [0x00000000dcf80000,0x00000000dcf80000,0x00000000dd400000)
  to   space 4608K, 0% used [0x00000000dcb00000,0x00000000dcb00000,0x00000000dcf80000)
 ParOldGen       total 75776K, used 0K [0x0000000090c00000, 0x0000000095600000, 0x00000000dae80000)
  object space 75776K, 0% used [0x0000000090c00000,0x0000000090c00000,0x0000000095600000)
 Metaspace       used 8592K, capacity 8742K, committed 9088K, reserved 1056768K
  class space    used 994K, capacity 1043K, committed 1152K, reserved 1048576K
Event: 1.606 GC heap after
Heap after GC invocations=1 (full 0):
 PSYoungGen      total 33792K, used 4589K [0x00000000dae80000, 0x00000000dd400000, 0x0000000100000000)
  eden space 29184K, 0% used [0x00000000dae80000,0x00000000dae80000,0x00000000dcb00000)
  from space 4608K, 99% used [0x00000000dcb00000,0x00000000dcf7b4c0,0x00000000dcf80000)
  to   space 4608K, 0% used [0x00000000dcf80000,0x00000000dcf80000,0x00000000dd400000)
 ParOldGen       total 75776K, used 270K [0x0000000090c00000, 0x0000000095600000, 0x00000000dae80000)
  object space 75776K, 0% used [0x0000000090c00000,0x0000000090c43938,0x0000000095600000)
 Metaspace       used 8592K, capacity 8742K, committed 9088K, reserved 1056768K
  class space    used 994K, capacity 1043K, committed 1152K, reserved 1048576K
}
Event: 2.323 GC heap before
{Heap before GC invocations=2 (full 0):
 PSYoungGen      total 33792K, used 33773K [0x00000000dae80000, 0x00000000dd400000, 0x0000000100000000)
  eden space 29184K, 100% used [0x00000000dae80000,0x00000000dcb00000,0x00000000dcb00000)
  from space 4608K, 99% used [0x00000000dcb00000,0x00000000dcf7b4c0,0x00000000dcf80000)
  to   space 4608K, 0% used [0x00000000dcf80000,0x00000000dcf80000,0x00000000dd400000)
 ParOldGen       total 75776K, used 270K [0x0000000090c00000, 0x0000000095600000, 0x00000000dae80000)
  object space 75776K, 0% used [0x0000000090c00000,0x0000000090c43938,0x0000000095600000)
 Metaspace       used 12537K, capacity 12646K, committed 12928K, reserved 1060864K
  class space    used 1521K, capacity 1555K, committed 1664K, reserved 1048576K
Event: 2.335 GC heap after
Heap after GC invocations=2 (full 0):
 PSYoungGen      total 33792K, used 4597K [0x00000000dae80000, 0x00000000df080000, 0x0000000100000000)
  eden space 29184K, 0% used [0x00000000dae80000,0x00000000dae80000,0x00000000dcb00000)
  from space 4608K, 99% used [0x00000000dcf80000,0x00000000dd3fd6c0,0x00000000dd400000)
  to   space 4608K, 0% used [0x00000000dcb00000,0x00000000dcb00000,0x00000000dcf80000)
 ParOldGen       total 75776K, used 2894K [0x0000000090c00000, 0x0000000095600000, 0x00000000dae80000)
  object space 75776K, 3% used [0x0000000090c00000,0x0000000090ed3a80,0x0000000095600000)
 Metaspace       used 12537K, capacity 12646K, committed 12928K, reserved 1060864K
  class space    used 1521K, capacity 1555K, committed 1664K, reserved 1048576K
}
Event: 3.227 GC heap before
{Heap before GC invocations=3 (full 0):
 PSYoungGen      total 33792K, used 33781K [0x00000000dae80000, 0x00000000df080000, 0x0000000100000000)
  eden space 29184K, 100% used [0x00000000dae80000,0x00000000dcb00000,0x00000000dcb00000)
  from space 4608K, 99% used [0x00000000dcf80000,0x00000000dd3fd6c0,0x00000000dd400000)
  to   space 4608K, 0% used [0x00000000dcb00000,0x00000000dcb00000,0x00000000dcf80000)
 ParOldGen       total 75776K, used 2894K [0x0000000090c00000, 0x0000000095600000, 0x00000000dae80000)
  object space 75776K, 3% used [0x0000000090c00000,0x0000000090ed3a80,0x0000000095600000)
 Metaspace       used 17899K, capacity 18122K, committed 18304K, reserved 1064960K
  class space    used 2317K, capacity 2364K, committed 2432K, reserved 1048576K
Event: 3.245 GC heap after
Heap after GC invocations=3 (full 0):
 PSYoungGen      total 33792K, used 4596K [0x00000000dae80000, 0x00000000df080000, 0x0000000100000000)
  eden space 29184K, 0% used [0x00000000dae80000,0x00000000dae80000,0x00000000dcb00000)
  from space 4608K, 99% used [0x00000000dcb00000,0x00000000dcf7d1b0,0x00000000dcf80000)
  to   space 4608K, 0% used [0x00000000dec00000,0x00000000dec00000,0x00000000df080000)
 ParOldGen       total 75776K, used 6687K [0x0000000090c00000, 0x0000000095600000, 0x00000000dae80000)
  object space 75776K, 8% used [0x0000000090c00000,0x0000000091287d10,0x0000000095600000)
 Metaspace       used 17899K, capacity 18122K, committed 18304K, reserved 1064960K
  class space    used 2317K, capacity 2364K, committed 2432K, reserved 1048576K
}
Event: 8.628 GC heap before
{Heap before GC invocations=4 (full 0):
 PSYoungGen      total 33792K, used 25807K [0x00000000dae80000, 0x00000000df080000, 0x0000000100000000)
  eden space 29184K, 72% used [0x00000000dae80000,0x00000000dc336c20,0x00000000dcb00000)
  from space 4608K, 99% used [0x00000000dcb00000,0x00000000dcf7d1b0,0x00000000dcf80000)
  to   space 4608K, 0% used [0x00000000dec00000,0x00000000dec00000,0x00000000df080000)
 ParOldGen       total 75776K, used 6687K [0x0000000090c00000, 0x0000000095600000, 0x00000000dae80000)
  object space 75776K, 8% used [0x0000000090c00000,0x0000000091287d10,0x0000000095600000)
 Metaspace       used 20906K, capacity 21114K, committed 21296K, reserved 1067008K
  class space    used 2782K, capacity 2875K, committed 2944K, reserved 1048576K
Event: 8.645 GC heap after
Heap after GC invocations=4 (full 0):
 PSYoungGen      total 62976K, used 4576K [0x00000000dae80000, 0x00000000df080000, 0x0000000100000000)
  eden space 58368K, 0% used [0x00000000dae80000,0x00000000dae80000,0x00000000de780000)
  from space 4608K, 99% used [0x00000000dec00000,0x00000000df078070,0x00000000df080000)
  to   space 4608K, 0% used [0x00000000de780000,0x00000000de780000,0x00000000dec00000)
 ParOldGen       total 75776K, used 9875K [0x0000000090c00000, 0x0000000095600000, 0x00000000dae80000)
  object space 75776K, 13% used [0x0000000090c00000,0x00000000915a4e70,0x0000000095600000)
 Metaspace       used 20906K, capacity 21114K, committed 21296K, reserved 1067008K
  class space    used 2782K, capacity 2875K, committed 2944K, reserved 1048576K
}
Event: 8.645 GC heap before
{Heap before GC invocations=5 (full 1):
 PSYoungGen      total 62976K, used 4576K [0x00000000dae80000, 0x00000000df080000, 0x0000000100000000)
  eden space 58368K, 0% used [0x00000000dae80000,0x00000000dae80000,0x00000000de780000)
  from space 4608K, 99% used [0x00000000dec00000,0x00000000df078070,0x00000000df080000)
  to   space 4608K, 0% used [0x00000000de780000,0x00000000de780000,0x00000000dec00000)
 ParOldGen       total 75776K, used 9875K [0x0000000090c00000, 0x0000000095600000, 0x00000000dae80000)
  object space 75776K, 13% used [0x0000000090c00000,0x00000000915a4e70,0x0000000095600000)
 Metaspace       used 20906K, capacity 21114K, committed 21296K, reserved 1067008K
  class space    used 2782K, capacity 2875K, committed 2944K, reserved 1048576K

Deoptimization events (10 events):
Event: 3.316 Thread 0x0000000019210000 Uncommon trap: reason=unreached action=reinterpret pc=0x0000000002ebd094 method=java.util.ArrayList.indexOf(Ljava/lang/Object;)I @ 1
Event: 3.932 Thread 0x0000000019210000 Uncommon trap: reason=class_check action=maybe_recompile pc=0x00000000031b94f8 method=org.openqa.selenium.json.Input.init()V @ 18
Event: 3.932 Thread 0x0000000019210000 Uncommon trap: reason=class_check action=maybe_recompile pc=0x00000000031b94f8 method=org.openqa.selenium.json.Input.init()V @ 18
Event: 3.932 Thread 0x0000000019210000 Uncommon trap: reason=class_check action=maybe_recompile pc=0x00000000031b94f8 method=org.openqa.selenium.json.Input.init()V @ 18
Event: 3.933 Thread 0x0000000019210000 Uncommon trap: reason=class_check action=maybe_recompile pc=0x00000000031b94f8 method=org.openqa.selenium.json.Input.init()V @ 18
Event: 3.933 Thread 0x0000000019210000 Uncommon trap: reason=class_check action=maybe_recompile pc=0x00000000031bcacc method=org.openqa.selenium.json.Input.init()V @ 18
Event: 4.195 Thread 0x0000000019210000 Uncommon trap: reason=bimorphic action=maybe_recompile pc=0x00000000031ba7dc method=java.io.FilterInputStream.read([BII)I @ 7
Event: 4.195 Thread 0x0000000019210000 Uncommon trap: reason=bimorphic action=maybe_recompile pc=0x00000000031ba7dc method=java.io.FilterInputStream.read([BII)I @ 7
Event: 4.195 Thread 0x0000000019210000 Uncommon trap: reason=bimorphic action=maybe_recompile pc=0x00000000031ba7dc method=java.io.FilterInputStream.read([BII)I @ 7
Event: 4.198 Thread 0x0000000019210000 Uncommon trap: reason=bimorphic action=maybe_recompile pc=0x00000000031ba7dc method=java.io.FilterInputStream.read([BII)I @ 7

Internal exceptions (10 events):
Event: 8.619 Thread 0x0000000019210000 Exception <a 'java/security/PrivilegedActionException'> (0x00000000dc260f18) thrown at [D:\re\workspace\8-2-build-windows-amd64-cygwin\jdk8\563\hotspot\src\share\vm\prims\jvm.cpp, line 1248]
Event: 8.620 Thread 0x0000000019210000 Exception <a 'java/security/PrivilegedActionException'> (0x00000000dc26e908) thrown at [D:\re\workspace\8-2-build-windows-amd64-cygwin\jdk8\563\hotspot\src\share\vm\prims\jvm.cpp, line 1248]
Event: 8.623 Thread 0x0000000019210000 Exception <a 'java/security/PrivilegedActionException'> (0x00000000dc2857b0) thrown at [D:\re\workspace\8-2-build-windows-amd64-cygwin\jdk8\563\hotspot\src\share\vm\prims\jvm.cpp, line 1248]
Event: 8.625 Thread 0x0000000019210000 Exception <a 'java/security/PrivilegedActionException'> (0x00000000dc297f18) thrown at [D:\re\workspace\8-2-build-windows-amd64-cygwin\jdk8\563\hotspot\src\share\vm\prims\jvm.cpp, line 1248]
Event: 8.625 Thread 0x0000000019210000 Exception <a 'java/security/PrivilegedActionException'> (0x00000000dc29fb50) thrown at [D:\re\workspace\8-2-build-windows-amd64-cygwin\jdk8\563\hotspot\src\share\vm\prims\jvm.cpp, line 1248]
Event: 8.625 Thread 0x0000000019210000 Exception <a 'java/security/PrivilegedActionException'> (0x00000000dc2a8bc0) thrown at [D:\re\workspace\8-2-build-windows-amd64-cygwin\jdk8\563\hotspot\src\share\vm\prims\jvm.cpp, line 1248]
Event: 8.626 Thread 0x0000000019210000 Exception <a 'java/security/PrivilegedActionException'> (0x00000000dc2b0ea0) thrown at [D:\re\workspace\8-2-build-windows-amd64-cygwin\jdk8\563\hotspot\src\share\vm\prims\jvm.cpp, line 1248]
Event: 8.627 Thread 0x0000000019210000 Exception <a 'java/security/PrivilegedActionException'> (0x00000000dc2ba3b0) thrown at [D:\re\workspace\8-2-build-windows-amd64-cygwin\jdk8\563\hotspot\src\share\vm\prims\jvm.cpp, line 1248]
Event: 8.627 Thread 0x0000000019210000 Exception <a 'java/security/PrivilegedActionException'> (0x00000000dc2c1b28) thrown at [D:\re\workspace\8-2-build-windows-amd64-cygwin\jdk8\563\hotspot\src\share\vm\prims\jvm.cpp, line 1248]
Event: 8.627 Thread 0x0000000019210000 Exception <a 'java/security/PrivilegedActionException'> (0x00000000dc2c98f0) thrown at [D:\re\workspace\8-2-build-windows-amd64-cygwin\jdk8\563\hotspot\src\share\vm\prims\jvm.cpp, line 1248]

Events (10 events):
Event: 8.625 loading class org/openqa/selenium/internal/HasIdentity done
Event: 8.626 loading class org/openqa/selenium/remote/html5/RemoteWebStorage
Event: 8.626 loading class org/openqa/selenium/remote/html5/RemoteWebStorage done
Event: 8.627 loading class org/openqa/selenium/html5/LocalStorage
Event: 8.627 loading class org/openqa/selenium/html5/LocalStorage done
Event: 8.627 loading class org/openqa/selenium/html5/SessionStorage
Event: 8.627 loading class org/openqa/selenium/html5/SessionStorage done
Event: 8.627 loading class org/openqa/selenium/remote/RemoteWebDriver$RemoteWebDriverOptions
Event: 8.627 loading class org/openqa/selenium/remote/RemoteWebDriver$RemoteWebDriverOptions done
Event: 8.628 Executing VM operation: CollectForMetadataAllocation


Dynamic libraries:
0x00007ff636700000 - 0x00007ff636734000 	C:\Program Files\Java\jre8\bin\javaw.exe
0x00007ff9375c0000 - 0x00007ff937781000 	C:\Windows\SYSTEM32\ntdll.dll
0x00007ff937340000 - 0x00007ff9373ed000 	C:\Windows\system32\KERNEL32.DLL
0x00007ff934180000 - 0x00007ff934368000 	C:\Windows\system32\KERNELBASE.dll
0x00007ff936ac0000 - 0x00007ff936b67000 	C:\Windows\system32\ADVAPI32.dll
0x00007ff936a20000 - 0x00007ff936abd000 	C:\Windows\system32\msvcrt.dll
0x00007ff936790000 - 0x00007ff9367eb000 	C:\Windows\system32\sechost.dll
0x00007ff936cf0000 - 0x00007ff936e0d000 	C:\Windows\system32\RPCRT4.dll
0x00007ff936630000 - 0x00007ff936786000 	C:\Windows\system32\USER32.dll
0x00007ff936880000 - 0x00007ff936a07000 	C:\Windows\system32\GDI32.dll
0x00007ff92a670000 - 0x00007ff92a8e4000 	C:\Windows\WinSxS\amd64_microsoft.windows.common-controls_6595b64144ccf1df_6.0.10586.839_none_a2ddba30a539a2ae\COMCTL32.dll
0x00007ff936080000 - 0x00007ff9362fe000 	C:\Windows\system32\combase.dll
0x00007ff933e40000 - 0x00007ff933eaa000 	C:\Windows\system32\bcryptPrimitives.dll
0x00007ff9372a0000 - 0x00007ff9372db000 	C:\Windows\system32\IMM32.DLL
0x0000000061ea0000 - 0x0000000061f72000 	C:\Program Files\Java\jre8\bin\msvcr100.dll
0x0000000061680000 - 0x0000000061e99000 	C:\Program Files\Java\jre8\bin\server\jvm.dll
0x00007ff9375b0000 - 0x00007ff9375b8000 	C:\Windows\system32\PSAPI.DLL
0x00007ff92e100000 - 0x00007ff92e109000 	C:\Windows\SYSTEM32\WSOCK32.dll
0x00007ff931f20000 - 0x00007ff931f43000 	C:\Windows\SYSTEM32\WINMM.dll
0x00007ff936c80000 - 0x00007ff936ceb000 	C:\Windows\system32\WS2_32.dll
0x00007ff931ec0000 - 0x00007ff931eec000 	C:\Windows\SYSTEM32\WINMMBASE.dll
0x00007ff934000000 - 0x00007ff934043000 	C:\Windows\system32\cfgmgr32.dll
0x0000000061670000 - 0x000000006167f000 	C:\Program Files\Java\jre8\bin\verify.dll
0x0000000061640000 - 0x0000000061668000 	C:\Program Files\Java\jre8\bin\java.dll
0x0000000061620000 - 0x0000000061636000 	C:\Program Files\Java\jre8\bin\zip.dll
0x00007ff9349c0000 - 0x00007ff935f1c000 	C:\Windows\system32\SHELL32.dll
0x00007ff934370000 - 0x00007ff9349b5000 	C:\Windows\system32\windows.storage.dll
0x00007ff9372e0000 - 0x00007ff937332000 	C:\Windows\system32\shlwapi.dll
0x00007ff933bf0000 - 0x00007ff933bff000 	C:\Windows\system32\kernel.appcore.dll
0x00007ff933eb0000 - 0x00007ff933f65000 	C:\Windows\system32\shcore.dll
0x00007ff933c00000 - 0x00007ff933c4b000 	C:\Windows\system32\powrprof.dll
0x00007ff933c50000 - 0x00007ff933c64000 	C:\Windows\system32\profapi.dll
0x0000000061600000 - 0x0000000061619000 	C:\Program Files\Java\jre8\bin\net.dll
0x00007ff933510000 - 0x00007ff93356c000 	C:\Windows\system32\mswsock.dll
0x00007ff932710000 - 0x00007ff9327ba000 	C:\Windows\SYSTEM32\DNSAPI.dll
0x00007ff936a10000 - 0x00007ff936a18000 	C:\Windows\system32\NSI.dll
0x00007ff92b490000 - 0x00007ff92b49a000 	C:\Windows\System32\rasadhlp.dll
0x00007ff92e440000 - 0x00007ff92e4a7000 	C:\Windows\System32\fwpuclnt.dll
0x00007ff933a70000 - 0x00007ff933a99000 	C:\Windows\SYSTEM32\bcrypt.dll
0x00007ff9335c0000 - 0x00007ff9335d7000 	C:\Windows\SYSTEM32\CRYPTSP.dll
0x00007ff933250000 - 0x00007ff933284000 	C:\Windows\system32\rsaenh.dll
0x00007ff9333a0000 - 0x00007ff9333bf000 	C:\Windows\SYSTEM32\USERENV.dll
0x00007ff9336e0000 - 0x00007ff9336eb000 	C:\Windows\SYSTEM32\CRYPTBASE.dll
0x00007ff91e670000 - 0x00007ff91e686000 	C:\Windows\system32\napinsp.dll
0x00007ff91e690000 - 0x00007ff91e6aa000 	C:\Windows\system32\pnrpnsp.dll
0x00007ff9316a0000 - 0x00007ff9316b8000 	C:\Windows\system32\NLAapi.dll
0x00007ff91e6b0000 - 0x00007ff91e6bd000 	C:\Windows\System32\winrnr.dll
0x00007ff91e6c0000 - 0x00007ff91e6d5000 	C:\Windows\System32\wshbth.dll
0x00007ff92fb20000 - 0x00007ff92fb58000 	C:\Windows\SYSTEM32\IPHLPAPI.DLL
0x00000000615e0000 - 0x00000000615f1000 	C:\Program Files\Java\jre8\bin\nio.dll
0x00000000615b0000 - 0x00000000615d4000 	C:\Program Files\Java\jre8\bin\sunec.dll
0x0000000062120000 - 0x000000006212b000 	C:\Program Files\Java\jre8\bin\sunmscapi.dll
0x00007ff933c70000 - 0x00007ff933e38000 	C:\Windows\system32\CRYPT32.dll
0x00007ff933be0000 - 0x00007ff933bf0000 	C:\Windows\system32\MSASN1.dll
0x00007ff92df30000 - 0x00007ff92df46000 	C:\Windows\SYSTEM32\dhcpcsvc6.DLL
0x00007ff92e0e0000 - 0x00007ff92e0fa000 	C:\Windows\SYSTEM32\dhcpcsvc.DLL
0x00007ff911ce0000 - 0x00007ff911e6c000 	C:\Windows\SYSTEM32\dbghelp.dll

VM Arguments:
jvm_args: -ea -Dfile.encoding=Cp1252 
java_command: org.testng.remote.RemoteTestNG -serport 60091 -protocol json -d E:\New Projects\eSign\test-output E:\New Projects\eSign\Build\Package.xml
java_class_path (initial): E:\Softwares\eclipse\configuration\org.eclipse.osgi\935\0\.cp\lib\testng-remote.jar;E:\New Projects\eSign\target\test-classes;E:\New Projects\eSign\target\classes;C:\Users\admin\.m2\repository\org\testng\testng\6.14.2\testng-6.14.2.jar;C:\Users\admin\.m2\repository\com\beust\jcommander\1.72\jcommander-1.72.jar;C:\Users\admin\.m2\repository\org\apache-extras\beanshell\bsh\2.0b6\bsh-2.0b6.jar;C:\Users\admin\.m2\repository\org\seleniumhq\selenium\selenium-java\3.13.0\selenium-java-3.13.0.jar;C:\Users\admin\.m2\repository\org\seleniumhq\selenium\selenium-edge-driver\3.13.0\selenium-edge-driver-3.13.0.jar;C:\Users\admin\.m2\repository\org\seleniumhq\selenium\selenium-ie-driver\3.13.0\selenium-ie-driver-3.13.0.jar;C:\Users\admin\.m2\repository\org\seleniumhq\selenium\selenium-opera-driver\3.13.0\selenium-opera-driver-3.13.0.jar;C:\Users\admin\.m2\repository\org\seleniumhq\selenium\selenium-safari-driver\3.13.0\selenium-safari-driver-3.13.0.jar;C:\Users\admin\.m2\repository\org\seleniumhq\selenium\selenium-support\3.13.0\selenium-support-3.13.0.jar;C:\Users\admin\.m2\repository\net\bytebuddy\byte-buddy\1.8.3\byte-buddy-1.8.3.jar;C:\Users\admin\.m2\repository\org\apache\commons\commons-exec\1.3\commons-exec-1.3.jar;C:\Users\admin\.m2\repository\commons-codec\commons-codec\1.10\commons-codec-1.10.jar;C:\Users\admin\.m2\repository\commons-logging\commons-logging\1.2\commons-logging-1.2.jar;C:\Users\admin\.m2\repository\com\google\code\gson\gson\2.8.4\gson-2.8.4.jar;C:\Users\admin\.m2\repository\com\google\guava\guava\25.0-jre\guava-25.0-jre.jar;C:\Users\admin\.m2\repository\com\google\code\findbugs\jsr305\1.3.9\jsr305-1.3.9.jar;C:\Users\admin\.m2\repository\org\checkerframework\checker-compat-qual\2.0.0\checker-compat-qual-2.0.0.jar;C:\Users\admin\.m2\repository\com\google\errorprone\error_prone_annotations\2.1.3\error_prone_annotations-2.1.3.jar;C:\Users\admin\.m2\repository\com\google\j2objc\j2objc-annotations\1.1\j2objc-annotations-1.1.jar;C:\U
Launcher Type: SUN_STANDARD

Environment Variables:
JAVA_HOME=C:\Program Files\Java\jdk1.8.0
PATH=C:\Windows\system32;C:\Windows;C:\Windows\System32\Wbem;C:\Windows\System32\WindowsPowerShell\v1.0\;C:\Program Files (x86)\Skype\Phone\;E:\Backup Folder\Chirag Backup\Software\apache-maven-3.5.2-bin\apache-maven-3.5.2\bin;C:\Program Files\Java\jdk1.8.0\bin
USERNAME=admin
OS=Windows_NT
PROCESSOR_IDENTIFIER=AMD64 Family 21 Model 48 Stepping 1, AuthenticAMD



---------------  S Y S T E M  ---------------

OS: Windows 8.1 , 64 bit Build 9600 

CPU:total 4 (4 cores per cpu, 1 threads per core) family 21 model 48 stepping 1, cmov, cx8, fxsr, mmx, sse, sse2, sse3, ssse3, sse4.1, sse4.2, popcnt, avx, aes, clmul, mmxext, 3dnowpref, lzcnt, sse4a, tsc, tscinvbit

Memory: 4k page, physical 7284048k(1923316k free), swap 11085136k(2811312k free)

vm_info: Java HotSpot(TM) 64-Bit Server VM (25.0-b55) for windows-amd64 JRE (1.8.0-ea-b113), built on Oct 24 2013 10:27:42 by "java_re" with MS VC++ 10.0 (VS2010)

time: Mon Sep 24 15:57:44 2018
elapsed time: 8 seconds

